#
# There is insufficient memory for the Java Runtime Environment to continue.
# Native memory allocation (mmap) failed to map 65536 bytes for Failed to commit metaspace.
# Possible reasons:
#   The system is out of physical RAM or swap space
#   The process is running with CompressedOops enabled, and the Java Heap may be blocking the growth of the native heap
# Possible solutions:
#   Reduce memory load on the system
#   Increase physical memory or swap space
#   Check if swap backing store is full
#   Decrease Java heap size (-Xmx/-Xms)
#   Decrease number of Java threads
#   Decrease Java thread stack sizes (-Xss)
#   Set larger code cache with -XX:ReservedCodeCacheSize=
#   JVM is running with Unscaled Compressed Oops mode in which the Java heap is
#     placed in the first 4GB address space. The Java Heap base address is the
#     maximum limit for the native heap growth. Please use -XX:HeapBaseMinAddress
#     to set the Java Heap base and to place the Java Heap above 4GB virtual address.
# This output file may be truncated or incomplete.
#
#  Out of Memory Error (virtualSpaceNode.cpp:110), pid=19484, tid=7192
#
# JRE version: OpenJDK Runtime Environment Temurin-17.0.5+8 (17.0.5+8) (build 17.0.5+8)
# Java VM: OpenJDK 64-Bit Server VM Temurin-17.0.5+8 (17.0.5+8, mixed mode, tiered, compressed oops, compressed class ptrs, parallel gc, windows-amd64)
# No core dump will be written. Minidumps are not enabled by default on client versions of Windows
#

---------------  S U M M A R Y ------------

Command Line: --add-modules=ALL-SYSTEM --add-opens=java.base/java.util=ALL-UNNAMED --add-opens=java.base/java.lang=ALL-UNNAMED --add-opens=java.base/sun.nio.fs=ALL-UNNAMED -Declipse.application=org.eclipse.jdt.ls.core.id1 -Dosgi.bundles.defaultStartLevel=4 -Declipse.product=org.eclipse.jdt.ls.core.product -Djava.import.generatesMetadataFilesAtProjectRoot=false -Dfile.encoding=utf8 -XX:+UseParallelGC -XX:GCTimeRatio=4 -XX:AdaptiveSizePolicyWeight=90 -Dsun.zip.disableMemoryMapping=true -Xmx1G -Xms100m -Xlog:disable -javaagent:c:\Users\leona\.vscode\extensions\redhat.java-1.13.0-win32-x64\lombok\lombok-1.18.24.jar c:\Users\leona\.vscode\extensions\redhat.java-1.13.0-win32-x64\server\plugins\org.eclipse.equinox.launcher_1.6.400.v20210924-0641.jar -configuration c:\Users\leona\AppData\Roaming\Code\User\globalStorage\redhat.java\1.13.0\config_ss_win -data c:\Users\leona\AppData\Roaming\Code\User\workspaceStorage\4d6941cea85bad1641a17aee31ef6769\redhat.java\ss_ws

Host: Intel(R) Core(TM) i5-9300H CPU @ 2.40GHz, 8 cores, 7G,  Windows 11 , 64 bit Build 22000 (10.0.22000.1219)
Time: Sat Dec  3 09:06:37 2022 Hora Padrão de Buenos Aires elapsed time: 2.924144 seconds (0d 0h 0m 2s)

---------------  T H R E A D  ---------------

Current thread (0x000001a87ec455a0):  JavaThread "Start Level: Equinox Container: 20eabcad-1abd-4136-beb0-56e3c0b721e6" daemon [_thread_in_vm, id=7192, stack(0x0000004a58200000,0x0000004a58300000)]

Stack: [0x0000004a58200000,0x0000004a58300000]
Native frames: (J=compiled Java code, j=interpreted, Vv=VM code, C=native code)
V  [jvm.dll+0x676b3a]
V  [jvm.dll+0x831444]
V  [jvm.dll+0x832bee]
V  [jvm.dll+0x833253]
V  [jvm.dll+0x244ce5]
V  [jvm.dll+0x82d4db]
V  [jvm.dll+0x61b2f6]
V  [jvm.dll+0x61b35a]
V  [jvm.dll+0x61db7a]
V  [jvm.dll+0x61bc96]
V  [jvm.dll+0x24273c]
V  [jvm.dll+0x6cce0d]
V  [jvm.dll+0x6cd83f]
V  [jvm.dll+0x36f5f3]
V  [jvm.dll+0x36f49b]
V  [jvm.dll+0x36f466]
V  [jvm.dll+0x36e7d2]
V  [jvm.dll+0x36e778]
V  [jvm.dll+0x37e59a]
C  0x000001a80001af44

Java frames: (J=compiled Java code, j=interpreted, Vv=VM code)
j  java.util.stream.StreamSupport.intStream(Ljava/util/Spliterator$OfInt;Z)Ljava/util/stream/IntStream;+0 java.base@17.0.5
j  java.lang.String.chars()Ljava/util/stream/IntStream;+39 java.base@17.0.5
j  java.text.DecimalFormatSymbols.findNonFormatChar(Ljava/lang/String;C)C+1 java.base@17.0.5
j  java.text.DecimalFormatSymbols.initialize(Ljava/util/Locale;)V+113 java.base@17.0.5
j  java.text.DecimalFormatSymbols.<init>(Ljava/util/Locale;)V+11 java.base@17.0.5
j  sun.util.locale.provider.DecimalFormatSymbolsProviderImpl.getInstance(Ljava/util/Locale;)Ljava/text/DecimalFormatSymbols;+17 java.base@17.0.5
j  java.text.DecimalFormatSymbols.getInstance(Ljava/util/Locale;)Ljava/text/DecimalFormatSymbols;+14 java.base@17.0.5
j  sun.util.locale.provider.NumberFormatProviderImpl.getInstance(Ljava/util/Locale;I)Ljava/text/NumberFormat;+51 java.base@17.0.5
j  sun.util.locale.provider.NumberFormatProviderImpl.getIntegerInstance(Ljava/util/Locale;)Ljava/text/NumberFormat;+3 java.base@17.0.5
j  java.text.NumberFormat.getInstance(Lsun/util/locale/provider/LocaleProviderAdapter;Ljava/util/Locale;Ljava/text/NumberFormat$Style;I)Ljava/text/NumberFormat;+74 java.base@17.0.5
j  java.text.NumberFormat.getInstance(Ljava/util/Locale;Ljava/text/NumberFormat$Style;I)Ljava/text/NumberFormat;+11 java.base@17.0.5
j  java.text.NumberFormat.getIntegerInstance(Ljava/util/Locale;)Ljava/text/NumberFormat;+3 java.base@17.0.5
j  java.text.SimpleDateFormat.initialize(Ljava/util/Locale;)V+37 java.base@17.0.5
j  java.text.SimpleDateFormat.<init>(Ljava/lang/String;Ljava/util/Locale;)V+66 java.base@17.0.5
j  java.text.SimpleDateFormat.<init>(Ljava/lang/String;)V+8 java.base@17.0.5
j  org.eclipse.osgi.internal.debug.EclipseDebugTrace.<clinit>()V+6
v  ~StubRoutines::call_stub
j  org.eclipse.osgi.internal.debug.FrameworkDebugOptions.newDebugTrace(Ljava/lang/String;Ljava/lang/Class;)Lorg/eclipse/osgi/service/debug/DebugTrace;+28
j  org.eclipse.osgi.internal.debug.FrameworkDebugOptions.newDebugTrace(Ljava/lang/String;)Lorg/eclipse/osgi/service/debug/DebugTrace;+3
j  org.eclipse.core.internal.utils.Policy$1.optionsChanged(Lorg/eclipse/osgi/service/debug/DebugOptions;)V+3
j  org.eclipse.osgi.internal.debug.FrameworkDebugOptions.addingService(Lorg/osgi/framework/ServiceReference;)Lorg/eclipse/osgi/service/debug/DebugOptionsListener;+16
j  org.eclipse.osgi.internal.debug.FrameworkDebugOptions.addingService(Lorg/osgi/framework/ServiceReference;)Ljava/lang/Object;+5
j  org.osgi.util.tracker.ServiceTracker$Tracked.customizerAdding(Lorg/osgi/framework/ServiceReference;Lorg/osgi/framework/ServiceEvent;)Ljava/lang/Object;+8
j  org.osgi.util.tracker.ServiceTracker$Tracked.customizerAdding(Ljava/lang/Object;Ljava/lang/Object;)Ljava/lang/Object;+9
j  org.osgi.util.tracker.AbstractTracked.trackAdding(Ljava/lang/Object;Ljava/lang/Object;)V+8
j  org.osgi.util.tracker.AbstractTracked.track(Ljava/lang/Object;Ljava/lang/Object;)V+83
j  org.osgi.util.tracker.ServiceTracker$Tracked.serviceChanged(Lorg/osgi/framework/ServiceEvent;)V+67
J 1571 c1 org.eclipse.osgi.internal.serviceregistry.FilteredServiceListener.serviceChanged(Lorg/osgi/framework/ServiceEvent;)V (284 bytes) @ 0x000001a800884bb4 [0x000001a8008828e0+0x00000000000022d4]
J 1562 c1 org.eclipse.osgi.internal.framework.BundleContextImpl.dispatchEvent(Ljava/lang/Object;Ljava/lang/Object;ILjava/lang/Object;)V (558 bytes) @ 0x000001a800879174 [0x000001a8008760a0+0x00000000000030d4]
j  org.eclipse.osgi.framework.eventmgr.EventManager.dispatchEvent(Ljava/util/Set;Lorg/eclipse/osgi/framework/eventmgr/EventDispatcher;ILjava/lang/Object;)V+48
j  org.eclipse.osgi.framework.eventmgr.ListenerQueue.dispatchEventSynchronous(ILjava/lang/Object;)V+67
j  org.eclipse.osgi.internal.serviceregistry.ServiceRegistry.publishServiceEventPrivileged(Lorg/osgi/framework/ServiceEvent;)V+320
j  org.eclipse.osgi.internal.serviceregistry.ServiceRegistry.publishServiceEvent(Lorg/osgi/framework/ServiceEvent;)V+8
j  org.eclipse.osgi.internal.serviceregistry.ServiceRegistrationImpl.register(Ljava/util/Dictionary;)V+128
j  org.eclipse.osgi.internal.serviceregistry.ServiceRegistry.registerService(Lorg/eclipse/osgi/internal/framework/BundleContextImpl;[Ljava/lang/String;Ljava/lang/Object;Ljava/util/Dictionary;)Lorg/eclipse/osgi/internal/serviceregistry/ServiceRegistrationImpl;+298
j  org.eclipse.osgi.internal.framework.BundleContextImpl.registerService([Ljava/lang/String;Ljava/lang/Object;Ljava/util/Dictionary;)Lorg/osgi/framework/ServiceRegistration;+15
j  org.eclipse.osgi.internal.framework.BundleContextImpl.registerService(Ljava/lang/String;Ljava/lang/Object;Ljava/util/Dictionary;)Lorg/osgi/framework/ServiceRegistration;+15
j  org.eclipse.osgi.internal.framework.BundleContextImpl.registerService(Ljava/lang/Class;Ljava/lang/Object;Ljava/util/Dictionary;)Lorg/osgi/framework/ServiceRegistration;+7
j  org.eclipse.core.resources.ResourcesPlugin.start(Lorg/osgi/framework/BundleContext;)V+46
j  org.eclipse.osgi.internal.framework.BundleContextImpl$2.run()Ljava/lang/Void;+23
j  org.eclipse.osgi.internal.framework.BundleContextImpl$2.run()Ljava/lang/Object;+1
J 1278 c1 java.security.AccessController.executePrivileged(Ljava/security/PrivilegedExceptionAction;Ljava/security/AccessControlContext;Ljava/lang/Class;)Ljava/lang/Object; java.base@17.0.5 (65 bytes) @ 0x000001a8007e1134 [0x000001a8007e0fe0+0x0000000000000154]
j  java.security.AccessController.doPrivileged(Ljava/security/PrivilegedExceptionAction;)Ljava/lang/Object;+9 java.base@17.0.5
j  org.eclipse.osgi.internal.framework.BundleContextImpl.startActivator(Lorg/osgi/framework/BundleActivator;)V+9
j  org.eclipse.osgi.internal.framework.BundleContextImpl.start()V+134
j  org.eclipse.osgi.internal.framework.EquinoxBundle.startWorker0()V+35
j  org.eclipse.osgi.internal.framework.EquinoxBundle$EquinoxModule.startWorker()V+4
j  org.eclipse.osgi.container.Module.doStart([Lorg/eclipse/osgi/container/Module$StartOptions;)Lorg/eclipse/osgi/container/ModuleContainerAdaptor$ModuleEvent;+190
j  org.eclipse.osgi.container.Module.start([Lorg/eclipse/osgi/container/Module$StartOptions;)V+460
j  org.eclipse.osgi.framework.util.SecureAction.start(Lorg/eclipse/osgi/container/Module;[Lorg/eclipse/osgi/container/Module$StartOptions;)V+8
J 1847 c1 org.eclipse.osgi.internal.hooks.EclipseLazyStarter.postFindLocalClass(Ljava/lang/String;Ljava/lang/Class;Lorg/eclipse/osgi/internal/loader/classpath/ClasspathManager;)V (394 bytes) @ 0x000001a80090045c [0x000001a8008ff4e0+0x0000000000000f7c]
J 1749 c1 org.eclipse.osgi.internal.loader.classpath.ClasspathManager.findLocalClass(Ljava/lang/String;)Ljava/lang/Class; (210 bytes) @ 0x000001a8008d8a54 [0x000001a8008d7aa0+0x0000000000000fb4]
J 1747 c1 org.eclipse.osgi.internal.loader.BundleLoader.findLocalClass(Ljava/lang/String;)Ljava/lang/Class; (152 bytes) @ 0x000001a8008d5bec [0x000001a8008d53a0+0x000000000000084c]
j  org.eclipse.osgi.internal.loader.sources.SingleSourcePackage.loadClass(Ljava/lang/String;)Ljava/lang/Class;+5
J 1670 c1 org.eclipse.osgi.internal.loader.BundleLoader.findClass0(Ljava/lang/String;ZZ)Ljava/lang/Class; (466 bytes) @ 0x000001a8008a691c [0x000001a8008a4320+0x00000000000025fc]
J 1669 c1 org.eclipse.osgi.internal.loader.BundleLoader.findClass(Ljava/lang/String;)Ljava/lang/Class; (8 bytes) @ 0x000001a8008a2c9c [0x000001a8008a2c20+0x000000000000007c]
J 1672 c1 org.eclipse.osgi.internal.loader.ModuleClassLoader.loadClass(Ljava/lang/String;Z)Ljava/lang/Class; (36 bytes) @ 0x000001a8008a9dbc [0x000001a8008a9ba0+0x000000000000021c]
J 841 c1 java.lang.ClassLoader.loadClass(Ljava/lang/String;)Ljava/lang/Class; java.base@17.0.5 (7 bytes) @ 0x000001a8007061bc [0x000001a8007060c0+0x00000000000000fc]
v  ~StubRoutines::call_stub
j  java.lang.Class.getDeclaredConstructors0(Z)[Ljava/lang/reflect/Constructor;+0 java.base@17.0.5
j  java.lang.Class.privateGetDeclaredConstructors(Z)[Ljava/lang/reflect/Constructor;+52 java.base@17.0.5
j  java.lang.Class.getConstructor0([Ljava/lang/Class;I)Ljava/lang/reflect/Constructor;+14 java.base@17.0.5
j  java.lang.Class.getConstructor([Ljava/lang/Class;)Ljava/lang/reflect/Constructor;+24 java.base@17.0.5
j  org.eclipse.osgi.internal.framework.BundleContextImpl.loadBundleActivator()Lorg/osgi/framework/BundleActivator;+105
j  org.eclipse.osgi.internal.framework.BundleContextImpl.start()V+18
j  org.eclipse.osgi.internal.framework.EquinoxBundle.startWorker0()V+35
j  org.eclipse.osgi.internal.framework.EquinoxBundle$EquinoxModule.startWorker()V+4
j  org.eclipse.osgi.container.Module.doStart([Lorg/eclipse/osgi/container/Module$StartOptions;)Lorg/eclipse/osgi/container/ModuleContainerAdaptor$ModuleEvent;+190
j  org.eclipse.osgi.container.Module.start([Lorg/eclipse/osgi/container/Module$StartOptions;)V+460
j  org.eclipse.osgi.framework.util.SecureAction.start(Lorg/eclipse/osgi/container/Module;[Lorg/eclipse/osgi/container/Module$StartOptions;)V+8
J 1847 c1 org.eclipse.osgi.internal.hooks.EclipseLazyStarter.postFindLocalClass(Ljava/lang/String;Ljava/lang/Class;Lorg/eclipse/osgi/internal/loader/classpath/ClasspathManager;)V (394 bytes) @ 0x000001a80090045c [0x000001a8008ff4e0+0x0000000000000f7c]
J 1749 c1 org.eclipse.osgi.internal.loader.classpath.ClasspathManager.findLocalClass(Ljava/lang/String;)Ljava/lang/Class; (210 bytes) @ 0x000001a8008d8a54 [0x000001a8008d7aa0+0x0000000000000fb4]
J 1747 c1 org.eclipse.osgi.internal.loader.BundleLoader.findLocalClass(Ljava/lang/String;)Ljava/lang/Class; (152 bytes) @ 0x000001a8008d5bec [0x000001a8008d53a0+0x000000000000084c]
j  org.eclipse.osgi.internal.loader.sources.SingleSourcePackage.loadClass(Ljava/lang/String;)Ljava/lang/Class;+5
J 1670 c1 org.eclipse.osgi.internal.loader.BundleLoader.findClass0(Ljava/lang/String;ZZ)Ljava/lang/Class; (466 bytes) @ 0x000001a8008a691c [0x000001a8008a4320+0x00000000000025fc]
J 1669 c1 org.eclipse.osgi.internal.loader.BundleLoader.findClass(Ljava/lang/String;)Ljava/lang/Class; (8 bytes) @ 0x000001a8008a2c9c [0x000001a8008a2c20+0x000000000000007c]
J 1672 c1 org.eclipse.osgi.internal.loader.ModuleClassLoader.loadClass(Ljava/lang/String;Z)Ljava/lang/Class; (36 bytes) @ 0x000001a8008a9dbc [0x000001a8008a9ba0+0x000000000000021c]
J 841 c1 java.lang.ClassLoader.loadClass(Ljava/lang/String;)Ljava/lang/Class; java.base@17.0.5 (7 bytes) @ 0x000001a8007061bc [0x000001a8007060c0+0x00000000000000fc]
v  ~StubRoutines::call_stub
j  java.lang.Class.getDeclaredConstructors0(Z)[Ljava/lang/reflect/Constructor;+0 java.base@17.0.5
j  java.lang.Class.privateGetDeclaredConstructors(Z)[Ljava/lang/reflect/Constructor;+52 java.base@17.0.5
j  java.lang.Class.getConstructor0([Ljava/lang/Class;I)Ljava/lang/reflect/Constructor;+14 java.base@17.0.5
j  java.lang.Class.getConstructor([Ljava/lang/Class;)Ljava/lang/reflect/Constructor;+24 java.base@17.0.5
j  org.eclipse.osgi.internal.framework.BundleContextImpl.loadBundleActivator()Lorg/osgi/framework/BundleActivator;+105
j  org.eclipse.osgi.internal.framework.BundleContextImpl.start()V+18
j  org.eclipse.osgi.internal.framework.EquinoxBundle.startWorker0()V+35
j  org.eclipse.osgi.internal.framework.EquinoxBundle$EquinoxModule.startWorker()V+4
j  org.eclipse.osgi.container.Module.doStart([Lorg/eclipse/osgi/container/Module$StartOptions;)Lorg/eclipse/osgi/container/ModuleContainerAdaptor$ModuleEvent;+190
j  org.eclipse.osgi.container.Module.start([Lorg/eclipse/osgi/container/Module$StartOptions;)V+460
j  org.eclipse.osgi.container.ModuleContainer$ContainerStartLevel$2.run()V+71
j  org.eclipse.osgi.internal.framework.EquinoxContainerAdaptor$1$1.execute(Ljava/lang/Runnable;)V+1
j  org.eclipse.osgi.container.ModuleContainer$ContainerStartLevel.incStartLevel(ILjava/util/List;Z)V+192
j  org.eclipse.osgi.container.ModuleContainer$ContainerStartLevel.incStartLevel(ILjava/util/List;Ljava/util/List;Ljava/util/List;Ljava/util/List;)V+19
j  org.eclipse.osgi.container.ModuleContainer$ContainerStartLevel.doContainerStartLevel(Lorg/eclipse/osgi/container/Module;I[Lorg/osgi/framework/FrameworkListener;)V+349
j  org.eclipse.osgi.container.ModuleContainer$ContainerStartLevel.dispatchEvent(Lorg/eclipse/osgi/container/Module;[Lorg/osgi/framework/FrameworkListener;ILjava/lang/Integer;)V+32
j  org.eclipse.osgi.container.ModuleContainer$ContainerStartLevel.dispatchEvent(Ljava/lang/Object;Ljava/lang/Object;ILjava/lang/Object;)V+15
j  org.eclipse.osgi.framework.eventmgr.EventManager.dispatchEvent(Ljava/util/Set;Lorg/eclipse/osgi/framework/eventmgr/EventDispatcher;ILjava/lang/Object;)V+48
j  org.eclipse.osgi.framework.eventmgr.EventManager$EventThread.run()V+26
v  ~StubRoutines::call_stub

---------------  P R O C E S S  ---------------

Threads class SMR info:
_java_thread_list=0x000001a8101b7990, length=17, elements={
0x000001a8782e1770, 0x000001a87d162030, 0x000001a87d1660b0, 0x000001a87ec3cf10,
0x000001a87ec3d8c0, 0x000001a87ec3fa90, 0x000001a87ec438c0, 0x000001a87ec50c60,
0x000001a87eca9a80, 0x000001a87ecbe080, 0x000001a87ec450d0, 0x000001a87ec42580,
0x000001a87ec43d90, 0x000001a87ec420b0, 0x000001a87ec455a0, 0x000001a87ec42a50,
0x000001a87ec45a70
}

Java Threads: ( => current thread )
  0x000001a8782e1770 JavaThread "main" [_thread_blocked, id=14152, stack(0x0000004a56a00000,0x0000004a56b00000)]
  0x000001a87d162030 JavaThread "Reference Handler" daemon [_thread_blocked, id=24332, stack(0x0000004a56d00000,0x0000004a56e00000)]
  0x000001a87d1660b0 JavaThread "Finalizer" daemon [_thread_blocked, id=8092, stack(0x0000004a56e00000,0x0000004a56f00000)]
  0x000001a87ec3cf10 JavaThread "Signal Dispatcher" daemon [_thread_blocked, id=7120, stack(0x0000004a56f00000,0x0000004a57000000)]
  0x000001a87ec3d8c0 JavaThread "Attach Listener" daemon [_thread_blocked, id=4908, stack(0x0000004a57000000,0x0000004a57100000)]
  0x000001a87ec3fa90 JavaThread "Service Thread" daemon [_thread_blocked, id=1764, stack(0x0000004a57100000,0x0000004a57200000)]
  0x000001a87ec438c0 JavaThread "Monitor Deflation Thread" daemon [_thread_blocked, id=5152, stack(0x0000004a57200000,0x0000004a57300000)]
  0x000001a87ec50c60 JavaThread "C2 CompilerThread0" daemon [_thread_blocked, id=8968, stack(0x0000004a57300000,0x0000004a57400000)]
  0x000001a87eca9a80 JavaThread "C1 CompilerThread0" daemon [_thread_blocked, id=20856, stack(0x0000004a57400000,0x0000004a57500000)]
  0x000001a87ecbe080 JavaThread "Sweeper thread" daemon [_thread_blocked, id=22572, stack(0x0000004a57500000,0x0000004a57600000)]
  0x000001a87ec450d0 JavaThread "Common-Cleaner" daemon [_thread_blocked, id=23440, stack(0x0000004a57600000,0x0000004a57700000)]
  0x000001a87ec42580 JavaThread "Notification Thread" daemon [_thread_blocked, id=13224, stack(0x0000004a57700000,0x0000004a57800000)]
  0x000001a87ec43d90 JavaThread "Active Thread: Equinox Container: 20eabcad-1abd-4136-beb0-56e3c0b721e6" [_thread_blocked, id=21780, stack(0x0000004a58000000,0x0000004a58100000)]
  0x000001a87ec420b0 JavaThread "Framework Event Dispatcher: Equinox Container: 20eabcad-1abd-4136-beb0-56e3c0b721e6" daemon [_thread_blocked, id=23128, stack(0x0000004a58100000,0x0000004a58200000)]
=>0x000001a87ec455a0 JavaThread "Start Level: Equinox Container: 20eabcad-1abd-4136-beb0-56e3c0b721e6" daemon [_thread_in_vm, id=7192, stack(0x0000004a58200000,0x0000004a58300000)]
  0x000001a87ec42a50 JavaThread "SCR Component Actor" daemon [_thread_blocked, id=4480, stack(0x0000004a58300000,0x0000004a58400000)]
  0x000001a87ec45a70 JavaThread "SCR Component Registry" daemon [_thread_blocked, id=22316, stack(0x0000004a57900000,0x0000004a57a00000)]

Other Threads:
  0x000001a87ec10c20 VMThread "VM Thread" [stack: 0x0000004a56c00000,0x0000004a56d00000] [id=15400]
  0x000001a87ee0e060 WatcherThread [stack: 0x0000004a57800000,0x0000004a57900000] [id=17308]
  0x000001a8782f5c90 GCTaskThread "GC Thread#0" [stack: 0x0000004a56b00000,0x0000004a56c00000] [id=18292]
  0x000001a80f0c3870 GCTaskThread "GC Thread#1" [stack: 0x0000004a57a00000,0x0000004a57b00000] [id=6660]
  0x000001a80f5d1710 GCTaskThread "GC Thread#2" [stack: 0x0000004a57b00000,0x0000004a57c00000] [id=4368]
  0x000001a80f5d19c0 GCTaskThread "GC Thread#3" [stack: 0x0000004a57c00000,0x0000004a57d00000] [id=8268]
  0x000001a80f5d1c70 GCTaskThread "GC Thread#4" [stack: 0x0000004a57d00000,0x0000004a57e00000] [id=14248]
  0x000001a80f5d1f20 GCTaskThread "GC Thread#5" [stack: 0x0000004a57e00000,0x0000004a57f00000] [id=23544]
  0x000001a80f416030 GCTaskThread "GC Thread#6" [stack: 0x0000004a57f00000,0x0000004a58000000] [id=8340]
  0x000001a80f196e10 GCTaskThread "GC Thread#7" [stack: 0x0000004a58400000,0x0000004a58500000] [id=8860]

Threads with active compile tasks:

VM state: not at safepoint (normal execution)

VM Mutex/Monitor currently owned by a thread:  ([mutex/lock_event])
[0x000001a8782de770] Metaspace_lock - owner thread: 0x000001a87ec455a0

Heap address: 0x00000000c0000000, size: 1024 MB, Compressed Oops mode: 32-bit

CDS archive(s) not mapped
Compressed class space mapped at: 0x0000000100000000-0x0000000140000000, reserved size: 1073741824
Narrow klass base: 0x0000000000000000, Narrow klass shift: 3, Narrow klass range: 0x140000000

GC Precious Log:
 CPUs: 8 total, 8 available
 Memory: 8036M
 Large Page Support: Disabled
 NUMA Support: Disabled
 Compressed Oops: Enabled (32-bit)
 Alignments: Space 512K, Generation 512K, Heap 2M
 Heap Min Capacity: 100M
 Heap Initial Capacity: 100M
 Heap Max Capacity: 1G
 Pre-touch: Disabled
 Parallel Workers: 8

Heap:
 PSYoungGen      total 29696K, used 17197K [0x00000000eab00000, 0x00000000ecc00000, 0x0000000100000000)
  eden space 25600K, 51% used [0x00000000eab00000,0x00000000eb7cbd40,0x00000000ec400000)
  from space 4096K, 99% used [0x00000000ec800000,0x00000000ecbff718,0x00000000ecc00000)
  to   space 4096K, 0% used [0x00000000ec400000,0x00000000ec400000,0x00000000ec800000)
 ParOldGen       total 68608K, used 1291K [0x00000000c0000000, 0x00000000c4300000, 0x00000000eab00000)
  object space 68608K, 1% used [0x00000000c0000000,0x00000000c0142ee8,0x00000000c4300000)
 Metaspace       used 17610K, committed 17984K, reserved 1064960K
  class space    used 1807K, committed 1984K, reserved 1048576K

Card table byte_map: [0x000001a877c90000,0x000001a877ea0000] _byte_map_base: 0x000001a877690000

Marking Bits: (ParMarkBitMap*) 0x00007ffae2bc0dd0
 Begin Bits: [0x000001a87af70000, 0x000001a87bf70000)
 End Bits:   [0x000001a87bf70000, 0x000001a87cf70000)

Polling page: 0x000001a876210000

Metaspace:

Usage:
  Non-class:     15.43 MB used.
      Class:      1.76 MB used.
       Both:     17.20 MB used.

Virtual space:
  Non-class space:       16.00 MB reserved,      15.62 MB ( 98%) committed,  2 nodes.
      Class space:        1.00 GB reserved,       1.94 MB ( <1%) committed,  1 nodes.
             Both:        1.02 GB reserved,      17.56 MB (  2%) committed. 

Chunk freelists:
   Non-Class:  116.00 KB
       Class:  2.04 MB
        Both:  2.16 MB

MaxMetaspaceSize: unlimited
CompressedClassSpaceSize: 1.00 GB
Initial GC threshold: 21.00 MB
Current GC threshold: 21.00 MB
CDS: off
MetaspaceReclaimPolicy: balanced
 - commit_granule_bytes: 65536.
 - commit_granule_words: 8192.
 - virtual_space_node_default_size: 1048576.
 - enlarge_chunks_in_place: 1.
 - new_chunks_are_fully_committed: 0.
 - uncommit_free_chunks: 1.
 - use_allocation_guard: 0.
 - handle_deallocations: 1.


Internal statistics:

num_allocs_failed_limit: 0.
num_arena_births: 116.
num_arena_deaths: 0.
num_vsnodes_births: 3.
num_vsnodes_deaths: 0.
num_space_committed: 281.
num_space_uncommitted: 0.
num_chunks_returned_to_freelist: 0.
num_chunks_taken_from_freelist: 443.
num_chunk_merges: 0.
num_chunk_splits: 288.
num_chunks_enlarged: 215.
num_purges: 0.
num_inconsistent_stats: 0.

CodeHeap 'non-profiled nmethods': size=120000Kb used=759Kb max_used=759Kb free=119240Kb
 bounds [0x000001a807ad0000, 0x000001a807d40000, 0x000001a80f000000]
CodeHeap 'profiled nmethods': size=120000Kb used=3537Kb max_used=3537Kb free=116462Kb
 bounds [0x000001a8005a0000, 0x000001a800920000, 0x000001a807ad0000]
CodeHeap 'non-nmethods': size=5760Kb used=1171Kb max_used=1203Kb free=4588Kb
 bounds [0x000001a800000000, 0x000001a800270000, 0x000001a8005a0000]
 total_blobs=2338 nmethods=1872 adapters=380
 compilation: enabled
              stopped_count=0, restarted_count=0
 full_count=0

Compilation events (20 events):
Event: 2.896 Thread 0x000001a87eca9a80 1865   !   3       org.eclipse.osgi.internal.log.ExtendedLogReaderServiceFactory::safeIsLoggable (30 bytes)
Event: 2.897 Thread 0x000001a87eca9a80 nmethod 1865 0x000001a80090f310 code [0x000001a80090f520, 0x000001a80090fbf8]
Event: 2.898 Thread 0x000001a87eca9a80 1866       3       java.util.Dictionary::<init> (5 bytes)
Event: 2.899 Thread 0x000001a87eca9a80 nmethod 1866 0x000001a80090fe90 code [0x000001a800910020, 0x000001a800910178]
Event: 2.899 Thread 0x000001a87eca9a80 1867       3       org.eclipse.osgi.internal.loader.classpath.ClasspathManager::findLocalClassImpl (132 bytes)
Event: 2.899 Thread 0x000001a87eca9a80 nmethod 1867 0x000001a800910210 code [0x000001a800910440, 0x000001a800910d28]
Event: 2.899 Thread 0x000001a87eca9a80 1868       3       org.eclipse.osgi.internal.loader.sources.SingleSourcePackage::loadClass (9 bytes)
Event: 2.899 Thread 0x000001a87eca9a80 nmethod 1868 0x000001a800911010 code [0x000001a8009111c0, 0x000001a800911388]
Event: 2.907 Thread 0x000001a87eca9a80 1869       3       java.lang.Class::reflectionData (43 bytes)
Event: 2.908 Thread 0x000001a87eca9a80 nmethod 1869 0x000001a800911490 code [0x000001a800911660, 0x000001a800911a58]
Event: 2.908 Thread 0x000001a87eca9a80 1870       3       java.lang.invoke.DirectMethodHandle::<init> (148 bytes)
Event: 2.909 Thread 0x000001a87eca9a80 nmethod 1870 0x000001a800911b90 code [0x000001a800911e40, 0x000001a800912d28]
Event: 2.909 Thread 0x000001a87eca9a80 1871       3       jdk.internal.org.objectweb.asm.Type::<init> (26 bytes)
Event: 2.910 Thread 0x000001a87eca9a80 nmethod 1871 0x000001a800913210 code [0x000001a8009133a0, 0x000001a800913538]
Event: 2.914 Thread 0x000001a87eca9a80 1872       1       java.lang.reflect.Constructor::getSharedParameterTypes (5 bytes)
Event: 2.914 Thread 0x000001a87eca9a80 nmethod 1872 0x000001a807b87e90 code [0x000001a807b88020, 0x000001a807b880f8]
Event: 2.917 Thread 0x000001a87eca9a80 1873   !   3       java.lang.invoke.MemberName$Factory::resolve (159 bytes)
Event: 2.918 Thread 0x000001a87eca9a80 nmethod 1873 0x000001a800913610 code [0x000001a800913840, 0x000001a800913ea8]
Event: 2.918 Thread 0x000001a87eca9a80 1874       3       java.lang.AbstractStringBuilder::isLatin1 (19 bytes)
Event: 2.918 Thread 0x000001a87eca9a80 nmethod 1874 0x000001a800914190 code [0x000001a800914320, 0x000001a800914498]

GC Heap History (4 events):
Event: 1.592 GC heap before
{Heap before GC invocations=1 (full 0):
 PSYoungGen      total 29696K, used 25600K [0x00000000eab00000, 0x00000000ecc00000, 0x0000000100000000)
  eden space 25600K, 100% used [0x00000000eab00000,0x00000000ec400000,0x00000000ec400000)
  from space 4096K, 0% used [0x00000000ec800000,0x00000000ec800000,0x00000000ecc00000)
  to   space 4096K, 0% used [0x00000000ec400000,0x00000000ec400000,0x00000000ec800000)
 ParOldGen       total 68608K, used 0K [0x00000000c0000000, 0x00000000c4300000, 0x00000000eab00000)
  object space 68608K, 0% used [0x00000000c0000000,0x00000000c0000000,0x00000000c4300000)
 Metaspace       used 10955K, committed 11072K, reserved 1064960K
  class space    used 1088K, committed 1152K, reserved 1048576K
}
Event: 1.602 GC heap after
{Heap after GC invocations=1 (full 0):
 PSYoungGen      total 29696K, used 3704K [0x00000000eab00000, 0x00000000ecc00000, 0x0000000100000000)
  eden space 25600K, 0% used [0x00000000eab00000,0x00000000eab00000,0x00000000ec400000)
  from space 4096K, 90% used [0x00000000ec400000,0x00000000ec79e218,0x00000000ec800000)
  to   space 4096K, 0% used [0x00000000ec800000,0x00000000ec800000,0x00000000ecc00000)
 ParOldGen       total 68608K, used 16K [0x00000000c0000000, 0x00000000c4300000, 0x00000000eab00000)
  object space 68608K, 0% used [0x00000000c0000000,0x00000000c0004000,0x00000000c4300000)
 Metaspace       used 10955K, committed 11072K, reserved 1064960K
  class space    used 1088K, committed 1152K, reserved 1048576K
}
Event: 2.548 GC heap before
{Heap before GC invocations=2 (full 0):
 PSYoungGen      total 29696K, used 29304K [0x00000000eab00000, 0x00000000ecc00000, 0x0000000100000000)
  eden space 25600K, 100% used [0x00000000eab00000,0x00000000ec400000,0x00000000ec400000)
  from space 4096K, 90% used [0x00000000ec400000,0x00000000ec79e218,0x00000000ec800000)
  to   space 4096K, 0% used [0x00000000ec800000,0x00000000ec800000,0x00000000ecc00000)
 ParOldGen       total 68608K, used 16K [0x00000000c0000000, 0x00000000c4300000, 0x00000000eab00000)
  object space 68608K, 0% used [0x00000000c0000000,0x00000000c0004000,0x00000000c4300000)
 Metaspace       used 15273K, committed 15616K, reserved 1064960K
  class space    used 1553K, committed 1728K, reserved 1048576K
}
Event: 2.554 GC heap after
{Heap after GC invocations=2 (full 0):
 PSYoungGen      total 29696K, used 4093K [0x00000000eab00000, 0x00000000ecc00000, 0x0000000100000000)
  eden space 25600K, 0% used [0x00000000eab00000,0x00000000eab00000,0x00000000ec400000)
  from space 4096K, 99% used [0x00000000ec800000,0x00000000ecbff718,0x00000000ecc00000)
  to   space 4096K, 0% used [0x00000000ec400000,0x00000000ec400000,0x00000000ec800000)
 ParOldGen       total 68608K, used 1291K [0x00000000c0000000, 0x00000000c4300000, 0x00000000eab00000)
  object space 68608K, 1% used [0x00000000c0000000,0x00000000c0142ee8,0x00000000c4300000)
 Metaspace       used 15273K, committed 15616K, reserved 1064960K
  class space    used 1553K, committed 1728K, reserved 1048576K
}

Dll operation events (9 events):
Event: 0.017 Loaded shared library c:\Users\leona\.vscode\extensions\redhat.java-1.13.0-win32-x64\jre\17.0.5-win32-x86_64\bin\java.dll
Event: 0.261 Loaded shared library c:\Users\leona\.vscode\extensions\redhat.java-1.13.0-win32-x64\jre\17.0.5-win32-x86_64\bin\zip.dll
Event: 0.268 Loaded shared library C:\Users\leona\.vscode\extensions\redhat.java-1.13.0-win32-x64\jre\17.0.5-win32-x86_64\bin\instrument.dll
Event: 0.290 Loaded shared library C:\Users\leona\.vscode\extensions\redhat.java-1.13.0-win32-x64\jre\17.0.5-win32-x86_64\bin\net.dll
Event: 0.293 Loaded shared library C:\Users\leona\.vscode\extensions\redhat.java-1.13.0-win32-x64\jre\17.0.5-win32-x86_64\bin\nio.dll
Event: 0.306 Loaded shared library C:\Users\leona\.vscode\extensions\redhat.java-1.13.0-win32-x64\jre\17.0.5-win32-x86_64\bin\zip.dll
Event: 0.325 Loaded shared library C:\Users\leona\.vscode\extensions\redhat.java-1.13.0-win32-x64\jre\17.0.5-win32-x86_64\bin\jimage.dll
Event: 0.400 Loaded shared library c:\Users\leona\.vscode\extensions\redhat.java-1.13.0-win32-x64\jre\17.0.5-win32-x86_64\bin\verify.dll
Event: 2.359 Loaded shared library C:\Users\leona\AppData\Roaming\Code\User\globalStorage\redhat.java\1.13.0\config_ss_win\org.eclipse.equinox.launcher\org.eclipse.equinox.launcher.win32.win32.x86_64_1.2.600.v20220720-1916\eclipse_11700.dll

Deoptimization events (20 events):
Event: 2.906 Thread 0x000001a87ec455a0 Uncommon trap: trap_request=0xffffffc6 fr.pc=0x000001a807b84744 relative=0x0000000000000d84
Event: 2.906 Thread 0x000001a87ec455a0 Uncommon trap: reason=bimorphic_or_optimized_type_check action=maybe_recompile pc=0x000001a807b84744 method=java.io.DataInputStream.readInt()I @ 4 c2
Event: 2.906 Thread 0x000001a87ec455a0 DEOPT PACKING pc=0x000001a807b84744 sp=0x0000004a582f3b20
Event: 2.906 Thread 0x000001a87ec455a0 DEOPT UNPACKING pc=0x000001a8000520a3 sp=0x0000004a582f3ad0 mode 2
Event: 2.912 Thread 0x000001a87ec455a0 Uncommon trap: trap_request=0xffffff45 fr.pc=0x000001a807b1c2f4 relative=0x0000000000000074
Event: 2.912 Thread 0x000001a87ec455a0 Uncommon trap: reason=unstable_if action=reinterpret pc=0x000001a807b1c2f4 method=jdk.internal.misc.Unsafe.convEndian(ZJ)J @ 4 c2
Event: 2.912 Thread 0x000001a87ec455a0 DEOPT PACKING pc=0x000001a807b1c2f4 sp=0x0000004a582f2ea0
Event: 2.912 Thread 0x000001a87ec455a0 DEOPT UNPACKING pc=0x000001a8000520a3 sp=0x0000004a582f2dc8 mode 2
Event: 2.915 Thread 0x000001a87ec455a0 Uncommon trap: trap_request=0xffffff45 fr.pc=0x000001a807ae6d24 relative=0x0000000000000384
Event: 2.915 Thread 0x000001a87ec455a0 Uncommon trap: reason=unstable_if action=reinterpret pc=0x000001a807ae6d24 method=java.lang.StringLatin1.canEncode(I)Z @ 4 c2
Event: 2.915 Thread 0x000001a87ec455a0 DEOPT PACKING pc=0x000001a807ae6d24 sp=0x0000004a582f3ec0
Event: 2.915 Thread 0x000001a87ec455a0 DEOPT UNPACKING pc=0x000001a8000520a3 sp=0x0000004a582f3de8 mode 2
Event: 2.915 Thread 0x000001a87ec455a0 Uncommon trap: trap_request=0xffffff45 fr.pc=0x000001a807ae7680 relative=0x0000000000000360
Event: 2.915 Thread 0x000001a87ec455a0 Uncommon trap: reason=unstable_if action=reinterpret pc=0x000001a807ae7680 method=java.lang.AbstractStringBuilder.isLatin1()Z @ 10 c2
Event: 2.915 Thread 0x000001a87ec455a0 DEOPT PACKING pc=0x000001a807ae7680 sp=0x0000004a582f3ee0
Event: 2.915 Thread 0x000001a87ec455a0 DEOPT UNPACKING pc=0x000001a8000520a3 sp=0x0000004a582f3e60 mode 2
Event: 2.915 Thread 0x000001a87ec455a0 Uncommon trap: trap_request=0xffffff45 fr.pc=0x000001a807b2085c relative=0x000000000000005c
Event: 2.915 Thread 0x000001a87ec455a0 Uncommon trap: reason=unstable_if action=reinterpret pc=0x000001a807b2085c method=java.lang.AbstractStringBuilder.isLatin1()Z @ 10 c2
Event: 2.915 Thread 0x000001a87ec455a0 DEOPT PACKING pc=0x000001a807b2085c sp=0x0000004a582f3ec0
Event: 2.915 Thread 0x000001a87ec455a0 DEOPT UNPACKING pc=0x000001a8000520a3 sp=0x0000004a582f3e50 mode 2

Classes unloaded (0 events):
No events

Classes redefined (0 events):
No events

Internal exceptions (20 events):
Event: 1.435 Thread 0x000001a8782e1770 Exception <a 'java/lang/ClassNotFoundException'{0x00000000ec122cf8}: sun/net/www/protocol/c/Handler> (0x00000000ec122cf8) 
thrown [s\src\hotspot\share\classfile\systemDictionary.cpp, line 256]
Event: 1.445 Thread 0x000001a8782e1770 Exception <a 'java/io/FileNotFoundException'{0x00000000ec141ab8}> (0x00000000ec141ab8) 
thrown [s\src\hotspot\share\prims\jni.cpp, line 516]
Event: 1.501 Thread 0x000001a8782e1770 Implicit null exception at 0x000001a807b32800 to 0x000001a807b331dc
Event: 1.501 Thread 0x000001a8782e1770 Implicit null exception at 0x000001a807b06bac to 0x000001a807b06fe4
Event: 1.501 Thread 0x000001a8782e1770 Implicit null exception at 0x000001a807b041ac to 0x000001a807b045ec
Event: 1.501 Thread 0x000001a8782e1770 Implicit null exception at 0x000001a807b1440f to 0x000001a807b14489
Event: 1.606 Thread 0x000001a8782e1770 Exception <a 'java/lang/NoSuchMethodError'{0x00000000eab0d7c8}: 'int java.lang.invoke.DirectMethodHandle$Holder.invokeStaticInit(java.lang.Object, java.lang.Object, java.lang.Object, java.lang.Object)'> (0x00000000eab0d7c8) 
thrown [s\src\hotspot\share\interpreter\linkResolver.cpp, line 759]
Event: 1.609 Thread 0x000001a8782e1770 Exception <a 'java/lang/NoSuchMethodError'{0x00000000eab17f40}: 'java.lang.Object java.lang.invoke.DirectMethodHandle$Holder.invokeInterface(java.lang.Object, java.lang.Object)'> (0x00000000eab17f40) 
thrown [s\src\hotspot\share\interpreter\linkResolver.cpp, line 759]
Event: 1.612 Thread 0x000001a8782e1770 Exception <a 'java/lang/IncompatibleClassChangeError'{0x00000000eab1b738}: Found class java.lang.Object, but interface was expected> (0x00000000eab1b738) 
thrown [s\src\hotspot\share\interpreter\linkResolver.cpp, line 826]
Event: 1.613 Thread 0x000001a8782e1770 Exception <a 'java/lang/NoSuchMethodError'{0x00000000eab1fc30}: 'void java.lang.invoke.DirectMethodHandle$Holder.invokeStatic(java.lang.Object, java.lang.Object)'> (0x00000000eab1fc30) 
thrown [s\src\hotspot\share\interpreter\linkResolver.cpp, line 759]
Event: 1.615 Thread 0x000001a8782e1770 Exception <a 'java/lang/NoSuchMethodError'{0x00000000eab23430}: 'void java.lang.invoke.DirectMethodHandle$Holder.invokeStaticInit(java.lang.Object, java.lang.Object)'> (0x00000000eab23430) 
thrown [s\src\hotspot\share\interpreter\linkResolver.cpp, line 759]
Event: 1.618 Thread 0x000001a8782e1770 Exception <a 'java/lang/NoSuchMethodError'{0x00000000eab2a928}: 'int java.lang.invoke.DirectMethodHandle$Holder.invokeStaticInit(java.lang.Object, java.lang.Object)'> (0x00000000eab2a928) 
thrown [s\src\hotspot\share\interpreter\linkResolver.cpp, line 759]
Event: 1.690 Thread 0x000001a8782e1770 Exception <a 'java/lang/NoSuchMethodError'{0x00000000eac90018}: 'void java.lang.invoke.DirectMethodHandle$Holder.invokeSpecial(java.lang.Object, java.lang.Object, java.lang.Object)'> (0x00000000eac90018) 
thrown [s\src\hotspot\share\interpreter\linkResolver.cpp, line 759]
Event: 2.187 Thread 0x000001a8782e1770 Exception <a 'java/lang/NoSuchMethodError'{0x00000000eb806518}: 'java.lang.Object java.lang.invoke.DirectMethodHandle$Holder.newInvokeSpecial(java.lang.Object, int, java.lang.Object)'> (0x00000000eb806518) 
thrown [s\src\hotspot\share\interpreter\linkResolver.cpp, line 759]
Event: 2.356 Thread 0x000001a8782e1770 Exception <a 'java/lang/UnsatisfiedLinkError'{0x00000000ebd785a0}: 'void org.eclipse.equinox.launcher.JNIBridge._update_splash()'> (0x00000000ebd785a0) 
thrown [s\src\hotspot\share\prims\nativeLookup.cpp, line 543]
Event: 2.435 Thread 0x000001a87ec455a0 Exception <a 'java/lang/NoSuchMethodError'{0x00000000ec0169b0}: 'java.lang.Object java.lang.invoke.DirectMethodHandle$Holder.invokeStaticInit(java.lang.Object)'> (0x00000000ec0169b0) 
thrown [s\src\hotspot\share\interpreter\linkResolver.cpp, line 759]
Event: 2.774 Thread 0x000001a87ec455a0 Exception <a 'java/io/FileNotFoundException'{0x00000000eb2ce770}> (0x00000000eb2ce770) 
thrown [s\src\hotspot\share\prims\jni.cpp, line 516]
Event: 2.787 Thread 0x000001a87ec455a0 Exception <a 'java/lang/NullPointerException'{0x00000000eb3208c8}> (0x00000000eb3208c8) 
thrown [s\src\hotspot\share\interpreter\linkResolver.cpp, line 1350]
Event: 2.787 Thread 0x000001a87ec455a0 Exception <a 'java/lang/NullPointerException'{0x00000000eb3210f0}> (0x00000000eb3210f0) 
thrown [s\src\hotspot\share\interpreter\linkResolver.cpp, line 1350]
Event: 2.826 Thread 0x000001a87ec455a0 Exception <a 'java/lang/NoSuchMethodError'{0x00000000eb46b520}: 'java.lang.Object java.lang.invoke.Invokers$Holder.invokeExact_MT(java.lang.Object, java.lang.Object, java.lang.Object, java.lang.Object, java.lang.Object, java.lang.Object)'> (0x00000000eb46b520) 
thrown [s\src\hotspot\share\interpreter\linkResolver.cpp, line 759]

VM Operations (20 events):
Event: 1.068 Executing VM operation: HandshakeAllThreads
Event: 1.068 Executing VM operation: HandshakeAllThreads done
Event: 1.068 Executing VM operation: Cleanup
Event: 1.068 Executing VM operation: Cleanup done
Event: 1.398 Executing VM operation: HandshakeAllThreads
Event: 1.398 Executing VM operation: HandshakeAllThreads done
Event: 1.592 Executing VM operation: ParallelGCFailedAllocation
Event: 1.602 Executing VM operation: ParallelGCFailedAllocation done
Event: 2.149 Executing VM operation: HandshakeAllThreads
Event: 2.149 Executing VM operation: HandshakeAllThreads done
Event: 2.150 Executing VM operation: HandshakeAllThreads
Event: 2.150 Executing VM operation: HandshakeAllThreads done
Event: 2.158 Executing VM operation: HandshakeAllThreads
Event: 2.158 Executing VM operation: HandshakeAllThreads done
Event: 2.460 Executing VM operation: HandshakeAllThreads
Event: 2.460 Executing VM operation: HandshakeAllThreads done
Event: 2.548 Executing VM operation: ParallelGCFailedAllocation
Event: 2.554 Executing VM operation: ParallelGCFailedAllocation done
Event: 2.907 Executing VM operation: HandshakeAllThreads
Event: 2.907 Executing VM operation: HandshakeAllThreads done

Events (20 events):
Event: 2.911 loading class sun/text/resources/cldr/FormatData
Event: 2.912 loading class sun/text/resources/cldr/FormatData done
Event: 2.912 loading class sun/util/resources/Bundles$2
Event: 2.912 loading class sun/util/resources/Bundles$2 done
Event: 2.915 loading class java/text/NumberFormat
Event: 2.915 loading class java/text/NumberFormat done
Event: 2.916 loading class sun/util/locale/provider/NumberFormatProviderImpl
Event: 2.916 loading class sun/util/locale/provider/NumberFormatProviderImpl done
Event: 2.917 loading class java/text/DecimalFormatSymbols
Event: 2.917 loading class java/text/DecimalFormatSymbols done
Event: 2.918 loading class sun/util/locale/provider/DecimalFormatSymbolsProviderImpl
Event: 2.918 loading class sun/util/locale/provider/DecimalFormatSymbolsProviderImpl done
Event: 2.918 loading class java/lang/StringLatin1$CharsSpliterator
Event: 2.918 loading class java/lang/StringLatin1$CharsSpliterator done
Event: 2.918 loading class java/util/stream/IntPipeline$Head
Event: 2.918 loading class java/util/stream/IntPipeline
Event: 2.919 loading class java/util/stream/IntStream
Event: 2.919 loading class java/util/stream/IntStream done
Event: 2.919 loading class java/util/stream/IntPipeline done
Event: 2.919 loading class java/util/stream/IntPipeline$Head done


Dynamic libraries:
0x00007ff650210000 - 0x00007ff65021e000 	c:\Users\leona\.vscode\extensions\redhat.java-1.13.0-win32-x64\jre\17.0.5-win32-x86_64\bin\java.exe
0x00007ffb40b60000 - 0x00007ffb40d69000 	C:\WINDOWS\SYSTEM32\ntdll.dll
0x00007ffb3fd50000 - 0x00007ffb3fe0e000 	C:\WINDOWS\System32\KERNEL32.DLL
0x00007ffb3e410000 - 0x00007ffb3e78b000 	C:\WINDOWS\System32\KERNELBASE.dll
0x00007ffb3e790000 - 0x00007ffb3e8a1000 	C:\WINDOWS\System32\ucrtbase.dll
0x00007ffb29b30000 - 0x00007ffb29b47000 	c:\Users\leona\.vscode\extensions\redhat.java-1.13.0-win32-x64\jre\17.0.5-win32-x86_64\bin\jli.dll
0x00007ffb29c70000 - 0x00007ffb29c89000 	c:\Users\leona\.vscode\extensions\redhat.java-1.13.0-win32-x64\jre\17.0.5-win32-x86_64\bin\VCRUNTIME140.dll
0x00007ffb3f6c0000 - 0x00007ffb3f86d000 	C:\WINDOWS\System32\USER32.dll
0x00007ffb232f0000 - 0x00007ffb23595000 	C:\WINDOWS\WinSxS\amd64_microsoft.windows.common-controls_6595b64144ccf1df_6.0.22000.120_none_9d947278b86cc467\COMCTL32.dll
0x00007ffb3f540000 - 0x00007ffb3f5e3000 	C:\WINDOWS\System32\msvcrt.dll
0x00007ffb3e030000 - 0x00007ffb3e056000 	C:\WINDOWS\System32\win32u.dll
0x00007ffb40470000 - 0x00007ffb40499000 	C:\WINDOWS\System32\GDI32.dll
0x00007ffb3e270000 - 0x00007ffb3e388000 	C:\WINDOWS\System32\gdi32full.dll
0x00007ffb3e1d0000 - 0x00007ffb3e26d000 	C:\WINDOWS\System32\msvcp_win.dll
0x00007ffb40430000 - 0x00007ffb40462000 	C:\WINDOWS\System32\IMM32.DLL
0x00007ffb38c00000 - 0x00007ffb38c0c000 	c:\Users\leona\.vscode\extensions\redhat.java-1.13.0-win32-x64\jre\17.0.5-win32-x86_64\bin\vcruntime140_1.dll
0x00007ffb15a90000 - 0x00007ffb15b21000 	c:\Users\leona\.vscode\extensions\redhat.java-1.13.0-win32-x64\jre\17.0.5-win32-x86_64\bin\msvcp140.dll
0x00007ffae2040000 - 0x00007ffae2c84000 	c:\Users\leona\.vscode\extensions\redhat.java-1.13.0-win32-x64\jre\17.0.5-win32-x86_64\bin\server\jvm.dll
0x00007ffb3f340000 - 0x00007ffb3f3ee000 	C:\WINDOWS\System32\ADVAPI32.dll
0x00007ffb3f610000 - 0x00007ffb3f6ae000 	C:\WINDOWS\System32\sechost.dll
0x00007ffb40840000 - 0x00007ffb40960000 	C:\WINDOWS\System32\RPCRT4.dll
0x00007ffb39d20000 - 0x00007ffb39d29000 	C:\WINDOWS\SYSTEM32\WSOCK32.dll
0x00007ffb372f0000 - 0x00007ffb37323000 	C:\WINDOWS\SYSTEM32\WINMM.dll
0x00007ffb36d70000 - 0x00007ffb36d7a000 	C:\WINDOWS\SYSTEM32\VERSION.dll
0x00007ffb3fe10000 - 0x00007ffb3fe7f000 	C:\WINDOWS\System32\WS2_32.dll
0x00007ffb3d1a0000 - 0x00007ffb3d1b8000 	C:\WINDOWS\SYSTEM32\kernel.appcore.dll
0x00007ffb37380000 - 0x00007ffb3738a000 	c:\Users\leona\.vscode\extensions\redhat.java-1.13.0-win32-x64\jre\17.0.5-win32-x86_64\bin\jimage.dll
0x00007ffb3baf0000 - 0x00007ffb3bd11000 	C:\WINDOWS\SYSTEM32\DBGHELP.DLL
0x00007ffb30b30000 - 0x00007ffb30b61000 	C:\WINDOWS\SYSTEM32\dbgcore.DLL
0x00007ffb3e390000 - 0x00007ffb3e40f000 	C:\WINDOWS\System32\bcryptPrimitives.dll
0x00007ffb29b90000 - 0x00007ffb29b9e000 	c:\Users\leona\.vscode\extensions\redhat.java-1.13.0-win32-x64\jre\17.0.5-win32-x86_64\bin\instrument.dll
0x00007ffb29950000 - 0x00007ffb29975000 	c:\Users\leona\.vscode\extensions\redhat.java-1.13.0-win32-x64\jre\17.0.5-win32-x86_64\bin\java.dll
0x00007ffb29880000 - 0x00007ffb29898000 	c:\Users\leona\.vscode\extensions\redhat.java-1.13.0-win32-x64\jre\17.0.5-win32-x86_64\bin\zip.dll
0x00007ffb3e9e0000 - 0x00007ffb3f198000 	C:\WINDOWS\System32\SHELL32.dll
0x00007ffb3c130000 - 0x00007ffb3c995000 	C:\WINDOWS\SYSTEM32\windows.storage.dll
0x00007ffb40050000 - 0x00007ffb403c8000 	C:\WINDOWS\System32\combase.dll
0x00007ffb3bfc0000 - 0x00007ffb3c126000 	C:\WINDOWS\SYSTEM32\wintypes.dll
0x00007ffb3fe80000 - 0x00007ffb3ff6a000 	C:\WINDOWS\System32\SHCORE.dll
0x00007ffb40620000 - 0x00007ffb4067d000 	C:\WINDOWS\System32\shlwapi.dll
0x00007ffb3df60000 - 0x00007ffb3df81000 	C:\WINDOWS\SYSTEM32\profapi.dll
0x00007ffb29860000 - 0x00007ffb29879000 	C:\Users\leona\.vscode\extensions\redhat.java-1.13.0-win32-x64\jre\17.0.5-win32-x86_64\bin\net.dll
0x00007ffb386d0000 - 0x00007ffb387e4000 	C:\WINDOWS\SYSTEM32\WINHTTP.dll
0x00007ffb3d640000 - 0x00007ffb3d6a7000 	C:\WINDOWS\system32\mswsock.dll
0x00007ffb296b0000 - 0x00007ffb296c5000 	C:\Users\leona\.vscode\extensions\redhat.java-1.13.0-win32-x64\jre\17.0.5-win32-x86_64\bin\nio.dll
0x00007ffb29150000 - 0x00007ffb29160000 	c:\Users\leona\.vscode\extensions\redhat.java-1.13.0-win32-x64\jre\17.0.5-win32-x86_64\bin\verify.dll
0x00007ffb27e50000 - 0x00007ffb27e8e000 	C:\Users\leona\AppData\Roaming\Code\User\globalStorage\redhat.java\1.13.0\config_ss_win\org.eclipse.equinox.launcher\org.eclipse.equinox.launcher.win32.win32.x86_64_1.2.600.v20220720-1916\eclipse_11700.dll
0x00007ffb40680000 - 0x00007ffb4081a000 	C:\WINDOWS\System32\ole32.dll

dbghelp: loaded successfully - version: 4.0.5 - missing functions: none
symbol engine: initialized successfully - sym options: 0x614 - pdb path: .;c:\Users\leona\.vscode\extensions\redhat.java-1.13.0-win32-x64\jre\17.0.5-win32-x86_64\bin;C:\WINDOWS\SYSTEM32;C:\WINDOWS\WinSxS\amd64_microsoft.windows.common-controls_6595b64144ccf1df_6.0.22000.120_none_9d947278b86cc467;c:\Users\leona\.vscode\extensions\redhat.java-1.13.0-win32-x64\jre\17.0.5-win32-x86_64\bin\server;C:\Users\leona\AppData\Roaming\Code\User\globalStorage\redhat.java\1.13.0\config_ss_win\org.eclipse.equinox.launcher\org.eclipse.equinox.launcher.win32.win32.x86_64_1.2.600.v20220720-1916

VM Arguments:
jvm_args: --add-modules=ALL-SYSTEM --add-opens=java.base/java.util=ALL-UNNAMED --add-opens=java.base/java.lang=ALL-UNNAMED --add-opens=java.base/sun.nio.fs=ALL-UNNAMED -Declipse.application=org.eclipse.jdt.ls.core.id1 -Dosgi.bundles.defaultStartLevel=4 -Declipse.product=org.eclipse.jdt.ls.core.product -Djava.import.generatesMetadataFilesAtProjectRoot=false -Dfile.encoding=utf8 -XX:+UseParallelGC -XX:GCTimeRatio=4 -XX:AdaptiveSizePolicyWeight=90 -Dsun.zip.disableMemoryMapping=true -Xmx1G -Xms100m -Xlog:disable -javaagent:c:\Users\leona\.vscode\extensions\redhat.java-1.13.0-win32-x64\lombok\lombok-1.18.24.jar 
java_command: c:\Users\leona\.vscode\extensions\redhat.java-1.13.0-win32-x64\server\plugins\org.eclipse.equinox.launcher_1.6.400.v20210924-0641.jar -configuration c:\Users\leona\AppData\Roaming\Code\User\globalStorage\redhat.java\1.13.0\config_ss_win -data c:\Users\leona\AppData\Roaming\Code\User\workspaceStorage\4d6941cea85bad1641a17aee31ef6769\redhat.java\ss_ws
java_class_path (initial): c:\Users\leona\.vscode\extensions\redhat.java-1.13.0-win32-x64\server\plugins\org.eclipse.equinox.launcher_1.6.400.v20210924-0641.jar
Launcher Type: SUN_STANDARD

[Global flags]
    uintx AdaptiveSizePolicyWeight                 = 90                                        {product} {command line}
     intx CICompilerCount                          = 4                                         {product} {ergonomic}
    uintx GCTimeRatio                              = 4                                         {product} {command line}
   size_t InitialHeapSize                          = 104857600                                 {product} {command line}
   size_t MaxHeapSize                              = 1073741824                                {product} {command line}
   size_t MaxNewSize                               = 357564416                                 {product} {ergonomic}
   size_t MinHeapDeltaBytes                        = 524288                                    {product} {ergonomic}
   size_t MinHeapSize                              = 104857600                                 {product} {command line}
   size_t NewSize                                  = 34603008                                  {product} {ergonomic}
    uintx NonNMethodCodeHeapSize                   = 5839372                                {pd product} {ergonomic}
    uintx NonProfiledCodeHeapSize                  = 122909434                              {pd product} {ergonomic}
   size_t OldSize                                  = 70254592                                  {product} {ergonomic}
    uintx ProfiledCodeHeapSize                     = 122909434                              {pd product} {ergonomic}
    uintx ReservedCodeCacheSize                    = 251658240                              {pd product} {ergonomic}
     bool SegmentedCodeCache                       = true                                      {product} {ergonomic}
   size_t SoftMaxHeapSize                          = 1073741824                             {manageable} {ergonomic}
     bool UseCompressedClassPointers               = true                           {product lp64_product} {ergonomic}
     bool UseCompressedOops                        = true                           {product lp64_product} {ergonomic}
     bool UseLargePagesIndividualAllocation        = false                                  {pd product} {ergonomic}
     bool UseParallelGC                            = true                                      {product} {command line}

Logging:
Log output configuration:
 #0: stdout all=off uptime,level,tags
 #1: stderr all=off uptime,level,tags

Environment Variables:
JAVA_HOME=D:\Java\jdk-19.0.1
PATH=C:\Windows\system32;C:\Windows;C:\Windows\System32\Wbem;C:\Windows\System32\WindowsPowerShell\v1.0\;C:\Windows\System32\OpenSSH\;C:\Program Files (x86)\NVIDIA Corporation\PhysX\Common;C:\WINDOWS\system32;C:\WINDOWS;C:\WINDOWS\System32\Wbem;C:\WINDOWS\System32\WindowsPowerShell\v1.0\;C:\WINDOWS\System32\OpenSSH\;C:\WINDOWS\system32;C:\WINDOWS;C:\WINDOWS\System32\Wbem;C:\WINDOWS\System32\WindowsPowerShell\v1.0\;C:\WINDOWS\System32\OpenSSH\;D:\Git\cmd;C:\Program Files\NVIDIA Corporation\NVIDIA NvDLISR;D:\Java\jdk-19.0.1\bin;C:\Users\leona\AppData\Local\Microsoft\WindowsApps;;D:\Microsoft VS Code\bin
USERNAME=leona
OS=Windows_NT
PROCESSOR_IDENTIFIER=Intel64 Family 6 Model 158 Stepping 10, GenuineIntel
TMP=C:\Users\leona\AppData\Local\Temp
TEMP=C:\Users\leona\AppData\Local\Temp



---------------  S Y S T E M  ---------------

OS:
 Windows 11 , 64 bit Build 22000 (10.0.22000.1219)
OS uptime: 3 days 19:41 hours

CPU: total 8 (initial active 8) (4 cores per cpu, 2 threads per core) family 6 model 158 stepping 10 microcode 0xde, cx8, cmov, fxsr, ht, mmx, 3dnowpref, sse, sse2, sse3, ssse3, sse4.1, sse4.2, popcnt, lzcnt, tsc, tscinvbit, avx, avx2, aes, erms, clmul, bmi1, bmi2, adx, fma, vzeroupper, clflush, clflushopt

Memory: 4k page, system-wide physical 8036M (843M free)
TotalPageFile size 20662M (AvailPageFile size 7M)
current process WorkingSet (physical memory assigned to process): 97M, peak: 98M
current process commit charge ("private bytes"): 212M, peak: 213M

vm_info: OpenJDK 64-Bit Server VM (17.0.5+8) for windows-amd64 JRE (17.0.5+8), built on Oct 19 2022 04:48:13 by "temurin" with MS VC++ 16.7 (VS2019)

END.
