#
# There is insufficient memory for the Java Runtime Environment to continue.
# Native memory allocation (malloc) failed to allocate 2067312 bytes for Chunk::new
# Possible reasons:
#   The system is out of physical RAM or swap space
#   The process is running with CompressedOops enabled, and the Java Heap may be blocking the growth of the native heap
# Possible solutions:
#   Reduce memory load on the system
#   Increase physical memory or swap space
#   Check if swap backing store is full
#   Decrease Java heap size (-Xmx/-Xms)
#   Decrease number of Java threads
#   Decrease Java thread stack sizes (-Xss)
#   Set larger code cache with -XX:ReservedCodeCacheSize=
#   JVM is running with Unscaled Compressed Oops mode in which the Java heap is
#     placed in the first 4GB address space. The Java Heap base address is the
#     maximum limit for the native heap growth. Please use -XX:HeapBaseMinAddress
#     to set the Java Heap base and to place the Java Heap above 4GB virtual address.
# This output file may be truncated or incomplete.
#
#  Out of Memory Error (arena.cpp:189), pid=15084, tid=4396
#
# JRE version: OpenJDK Runtime Environment Temurin-17.0.5+8 (17.0.5+8) (build 17.0.5+8)
# Java VM: OpenJDK 64-Bit Server VM Temurin-17.0.5+8 (17.0.5+8, mixed mode, tiered, compressed oops, compressed class ptrs, parallel gc, windows-amd64)
# No core dump will be written. Minidumps are not enabled by default on client versions of Windows
#

---------------  S U M M A R Y ------------

Command Line: --add-modules=ALL-SYSTEM --add-opens=java.base/java.util=ALL-UNNAMED --add-opens=java.base/java.lang=ALL-UNNAMED --add-opens=java.base/sun.nio.fs=ALL-UNNAMED -Declipse.application=org.eclipse.jdt.ls.core.id1 -Dosgi.bundles.defaultStartLevel=4 -Declipse.product=org.eclipse.jdt.ls.core.product -Djava.import.generatesMetadataFilesAtProjectRoot=false -Dfile.encoding=utf8 -XX:+UseParallelGC -XX:GCTimeRatio=4 -XX:AdaptiveSizePolicyWeight=90 -Dsun.zip.disableMemoryMapping=true -Xmx1G -Xms100m -Xlog:disable -javaagent:c:\Users\leona\.vscode\extensions\redhat.java-1.13.0-win32-x64\lombok\lombok-1.18.24.jar c:\Users\leona\.vscode\extensions\redhat.java-1.13.0-win32-x64\server\plugins\org.eclipse.equinox.launcher_1.6.400.v20210924-0641.jar -configuration c:\Users\leona\AppData\Roaming\Code\User\globalStorage\redhat.java\1.13.0\config_ss_win -data c:\Users\leona\AppData\Roaming\Code\User\workspaceStorage\4d6941cea85bad1641a17aee31ef6769\redhat.java\ss_ws

Host: Intel(R) Core(TM) i5-9300H CPU @ 2.40GHz, 8 cores, 7G,  Windows 11 , 64 bit Build 22000 (10.0.22000.1219)
Time: Sun Dec  4 17:57:35 2022 Hora Padrão de Buenos Aires elapsed time: 9.924020 seconds (0d 0h 0m 9s)

---------------  T H R E A D  ---------------

Current thread (0x000001c300052540):  JavaThread "C2 CompilerThread0" daemon [_thread_in_native, id=4396, stack(0x0000003a88400000,0x0000003a88500000)]


Current CompileTask:
C2:   9924 2302       4       org.objectweb.asm.ClassReader::readMethod (1066 bytes)

Stack: [0x0000003a88400000,0x0000003a88500000]
Native frames: (J=compiled Java code, j=interpreted, Vv=VM code, C=native code)
V  [jvm.dll+0x676b3a]
V  [jvm.dll+0x831444]
V  [jvm.dll+0x832bee]
V  [jvm.dll+0x833253]
V  [jvm.dll+0x244ce5]
V  [jvm.dll+0xabbac]
V  [jvm.dll+0xac17c]
V  [jvm.dll+0x362d57]
V  [jvm.dll+0x1bb498]
V  [jvm.dll+0x217ca9]
V  [jvm.dll+0x216f71]
V  [jvm.dll+0x1a343d]
V  [jvm.dll+0x22698a]
V  [jvm.dll+0x224ac5]
V  [jvm.dll+0x7e727b]
V  [jvm.dll+0x7e17ea]
V  [jvm.dll+0x6759e5]
C  [ucrtbase.dll+0x26c0c]
C  [KERNEL32.DLL+0x15550]
C  [ntdll.dll+0x485b]


---------------  P R O C E S S  ---------------

Threads class SMR info:
_java_thread_list=0x000001c3030c7dc0, length=22, elements={
0x000001c36a5efbd0, 0x000001c300024660, 0x000001c300026010, 0x000001c37e47dd00,
0x000001c37e47e5c0, 0x000001c30004a7a0, 0x000001c30004b150, 0x000001c300052540,
0x000001c300052fe0, 0x000001c3000539d0, 0x000001c37e300c80, 0x000001c300ec82b0,
0x000001c30163c110, 0x000001c302170080, 0x000001c302170960, 0x000001c3016b6960,
0x000001c301587010, 0x000001c300187720, 0x000001c300184700, 0x000001c300183d60,
0x000001c302476c20, 0x000001c300184bd0
}

Java Threads: ( => current thread )
  0x000001c36a5efbd0 JavaThread "main" [_thread_blocked, id=16188, stack(0x0000003a87b00000,0x0000003a87c00000)]
  0x000001c300024660 JavaThread "Reference Handler" daemon [_thread_blocked, id=1404, stack(0x0000003a87e00000,0x0000003a87f00000)]
  0x000001c300026010 JavaThread "Finalizer" daemon [_thread_blocked, id=21416, stack(0x0000003a87f00000,0x0000003a88000000)]
  0x000001c37e47dd00 JavaThread "Signal Dispatcher" daemon [_thread_blocked, id=19484, stack(0x0000003a88000000,0x0000003a88100000)]
  0x000001c37e47e5c0 JavaThread "Attach Listener" daemon [_thread_blocked, id=14660, stack(0x0000003a88100000,0x0000003a88200000)]
  0x000001c30004a7a0 JavaThread "Service Thread" daemon [_thread_blocked, id=21260, stack(0x0000003a88200000,0x0000003a88300000)]
  0x000001c30004b150 JavaThread "Monitor Deflation Thread" daemon [_thread_blocked, id=22796, stack(0x0000003a88300000,0x0000003a88400000)]
=>0x000001c300052540 JavaThread "C2 CompilerThread0" daemon [_thread_in_native, id=4396, stack(0x0000003a88400000,0x0000003a88500000)]
  0x000001c300052fe0 JavaThread "C1 CompilerThread0" daemon [_thread_blocked, id=8332, stack(0x0000003a88500000,0x0000003a88600000)]
  0x000001c3000539d0 JavaThread "Sweeper thread" daemon [_thread_blocked, id=25180, stack(0x0000003a88600000,0x0000003a88700000)]
  0x000001c37e300c80 JavaThread "Common-Cleaner" daemon [_thread_blocked, id=15892, stack(0x0000003a88700000,0x0000003a88800000)]
  0x000001c300ec82b0 JavaThread "Notification Thread" daemon [_thread_blocked, id=21316, stack(0x0000003a88800000,0x0000003a88900000)]
  0x000001c30163c110 JavaThread "Active Thread: Equinox Container: 29a2d44e-c03d-4c02-bfed-569ee61734ad" [_thread_blocked, id=15688, stack(0x0000003a89000000,0x0000003a89100000)]
  0x000001c302170080 JavaThread "Framework Event Dispatcher: Equinox Container: 29a2d44e-c03d-4c02-bfed-569ee61734ad" daemon [_thread_blocked, id=16388, stack(0x0000003a89100000,0x0000003a89200000)]
  0x000001c302170960 JavaThread "Start Level: Equinox Container: 29a2d44e-c03d-4c02-bfed-569ee61734ad" daemon [_thread_blocked, id=24528, stack(0x0000003a89200000,0x0000003a89300000)]
  0x000001c3016b6960 JavaThread "SCR Component Actor" daemon [_thread_blocked, id=21080, stack(0x0000003a89300000,0x0000003a89400000)]
  0x000001c301587010 JavaThread "SCR Component Registry" daemon [_thread_blocked, id=15336, stack(0x0000003a89500000,0x0000003a89600000)]
  0x000001c300187720 JavaThread "Worker-JM" [_thread_blocked, id=16204, stack(0x0000003a89600000,0x0000003a89700000)]
  0x000001c300184700 JavaThread "Worker-0" [_thread_blocked, id=19900, stack(0x0000003a89700000,0x0000003a89800000)]
  0x000001c300183d60 JavaThread "Worker-1" [_thread_blocked, id=1472, stack(0x0000003a89800000,0x0000003a89900000)]
  0x000001c302476c20 JavaThread "C2 CompilerThread1" daemon [_thread_blocked, id=5428, stack(0x0000003a89900000,0x0000003a89a00000)]
  0x000001c300184bd0 JavaThread "Java indexing" daemon [_thread_blocked, id=23636, stack(0x0000003a89a00000,0x0000003a89b00000)]

Other Threads:
  0x000001c36a6be850 VMThread "VM Thread" [stack: 0x0000003a87d00000,0x0000003a87e00000] [id=19764]
  0x000001c300ec8990 WatcherThread [stack: 0x0000003a88900000,0x0000003a88a00000] [id=17808]
  0x000001c36a6060f0 GCTaskThread "GC Thread#0" [stack: 0x0000003a87c00000,0x0000003a87d00000] [id=14932]
  0x000001c30104eaa0 GCTaskThread "GC Thread#1" [stack: 0x0000003a88a00000,0x0000003a88b00000] [id=15856]
  0x000001c30104f560 GCTaskThread "GC Thread#2" [stack: 0x0000003a88b00000,0x0000003a88c00000] [id=13108]
  0x000001c301457fc0 GCTaskThread "GC Thread#3" [stack: 0x0000003a88c00000,0x0000003a88d00000] [id=21968]
  0x000001c301458270 GCTaskThread "GC Thread#4" [stack: 0x0000003a88d00000,0x0000003a88e00000] [id=25260]
  0x000001c301458520 GCTaskThread "GC Thread#5" [stack: 0x0000003a88e00000,0x0000003a88f00000] [id=19712]
  0x000001c3014587d0 GCTaskThread "GC Thread#6" [stack: 0x0000003a88f00000,0x0000003a89000000] [id=14476]
  0x000001c3014f6550 GCTaskThread "GC Thread#7" [stack: 0x0000003a89400000,0x0000003a89500000] [id=2472]

Threads with active compile tasks:
C2 CompilerThread0     9966 2302       4       org.objectweb.asm.ClassReader::readMethod (1066 bytes)

VM state: not at safepoint (normal execution)

VM Mutex/Monitor currently owned by a thread: None

Heap address: 0x00000000c0000000, size: 1024 MB, Compressed Oops mode: 32-bit

CDS archive(s) not mapped
Compressed class space mapped at: 0x0000000100000000-0x0000000140000000, reserved size: 1073741824
Narrow klass base: 0x0000000000000000, Narrow klass shift: 3, Narrow klass range: 0x140000000

GC Precious Log:
 CPUs: 8 total, 8 available
 Memory: 8036M
 Large Page Support: Disabled
 NUMA Support: Disabled
 Compressed Oops: Enabled (32-bit)
 Alignments: Space 512K, Generation 512K, Heap 2M
 Heap Min Capacity: 100M
 Heap Initial Capacity: 100M
 Heap Max Capacity: 1G
 Pre-touch: Disabled
 Parallel Workers: 8

Heap:
 PSYoungGen      total 25600K, used 23756K [0x00000000eab00000, 0x00000000ec880000, 0x0000000100000000)
  eden space 25088K, 93% used [0x00000000eab00000,0x00000000ec1e3368,0x00000000ec380000)
  from space 512K, 62% used [0x00000000ec400000,0x00000000ec450000,0x00000000ec480000)
  to   space 2048K, 0% used [0x00000000ec680000,0x00000000ec680000,0x00000000ec880000)
 ParOldGen       total 68608K, used 7541K [0x00000000c0000000, 0x00000000c4300000, 0x00000000eab00000)
  object space 68608K, 10% used [0x00000000c0000000,0x00000000c075d7b8,0x00000000c4300000)
 Metaspace       used 27122K, committed 27520K, reserved 1081344K
  class space    used 2610K, committed 2816K, reserved 1048576K

Card table byte_map: [0x000001c369fa0000,0x000001c36a1b0000] _byte_map_base: 0x000001c3699a0000

Marking Bits: (ParMarkBitMap*) 0x00007ffab5460dd0
 Begin Bits: [0x000001c37c280000, 0x000001c37d280000)
 End Bits:   [0x000001c37d280000, 0x000001c37e280000)

Polling page: 0x000001c368570000

Metaspace:

Usage:
  Non-class:     23.94 MB used.
      Class:      2.55 MB used.
       Both:     26.49 MB used.

Virtual space:
  Non-class space:       32.00 MB reserved,      24.12 MB ( 75%) committed,  4 nodes.
      Class space:        1.00 GB reserved,       2.75 MB ( <1%) committed,  1 nodes.
             Both:        1.03 GB reserved,      26.88 MB (  3%) committed. 

Chunk freelists:
   Non-Class:  3.56 MB
       Class:  1.09 MB
        Both:  4.66 MB

MaxMetaspaceSize: unlimited
CompressedClassSpaceSize: 1.00 GB
Initial GC threshold: 21.00 MB
Current GC threshold: 35.00 MB
CDS: off
MetaspaceReclaimPolicy: balanced
 - commit_granule_bytes: 65536.
 - commit_granule_words: 8192.
 - virtual_space_node_default_size: 1048576.
 - enlarge_chunks_in_place: 1.
 - new_chunks_are_fully_committed: 0.
 - uncommit_free_chunks: 1.
 - use_allocation_guard: 0.
 - handle_deallocations: 1.


Internal statistics:

num_allocs_failed_limit: 3.
num_arena_births: 186.
num_arena_deaths: 14.
num_vsnodes_births: 5.
num_vsnodes_deaths: 0.
num_space_committed: 430.
num_space_uncommitted: 0.
num_chunks_returned_to_freelist: 17.
num_chunks_taken_from_freelist: 871.
num_chunk_merges: 7.
num_chunk_splits: 609.
num_chunks_enlarged: 464.
num_purges: 2.
num_inconsistent_stats: 0.

CodeHeap 'non-profiled nmethods': size=120000Kb used=939Kb max_used=939Kb free=119060Kb
 bounds [0x000001c374d50000, 0x000001c374fc0000, 0x000001c37c280000]
CodeHeap 'profiled nmethods': size=120000Kb used=4821Kb max_used=4821Kb free=115178Kb
 bounds [0x000001c36d820000, 0x000001c36dce0000, 0x000001c374d50000]
CodeHeap 'non-nmethods': size=5760Kb used=1230Kb max_used=1257Kb free=4529Kb
 bounds [0x000001c36d280000, 0x000001c36d4f0000, 0x000001c36d820000]
 total_blobs=2954 nmethods=2417 adapters=451
 compilation: enabled
              stopped_count=0, restarted_count=0
 full_count=0

Compilation events (20 events):
Event: 9.704 Thread 0x000001c300052fe0 nmethod 2413 0x000001c36dcd4610 code [0x000001c36dcd47a0, 0x000001c36dcd4918]
Event: 9.704 Thread 0x000001c302476c20 nmethod 2310 0x000001c374e38610 code [0x000001c374e38780, 0x000001c374e388f8]
Event: 9.704 Thread 0x000001c302476c20 2311       4       org.objectweb.asm.MethodWriter::hasFrames (13 bytes)
Event: 9.705 Thread 0x000001c302476c20 nmethod 2311 0x000001c374e38a10 code [0x000001c374e38b80, 0x000001c374e38c18]
Event: 9.705 Thread 0x000001c302476c20 2312       4       java.util.HashMap::afterNodeRemoval (1 bytes)
Event: 9.705 Thread 0x000001c302476c20 nmethod 2312 0x000001c374e38d10 code [0x000001c374e38e80, 0x000001c374e38ef8]
Event: 9.718 Thread 0x000001c302476c20 2414       4       java.util.HashMap::putVal (300 bytes)
Event: 9.719 Thread 0x000001c300052fe0 2415       3       java.lang.Character::toUpperCase (6 bytes)
Event: 9.719 Thread 0x000001c300052fe0 nmethod 2415 0x000001c36dcd4990 code [0x000001c36dcd4b40, 0x000001c36dcd4d98]
Event: 9.719 Thread 0x000001c300052fe0 2416       3       java.lang.Character::toUpperCase (9 bytes)
Event: 9.719 Thread 0x000001c300052fe0 nmethod 2416 0x000001c36dcd4e90 code [0x000001c36dcd5040, 0x000001c36dcd5238]
Event: 9.720 Thread 0x000001c300052fe0 2417       3       java.util.HashSet::contains (9 bytes)
Event: 9.720 Thread 0x000001c300052fe0 nmethod 2417 0x000001c36dcd5310 code [0x000001c36dcd54c0, 0x000001c36dcd5688]
Event: 9.722 Thread 0x000001c300052fe0 2419       1       org.eclipse.osgi.internal.loader.sources.PackageSource::getId (5 bytes)
Event: 9.722 Thread 0x000001c300052fe0 nmethod 2419 0x000001c374e39010 code [0x000001c374e391a0, 0x000001c374e39278]
Event: 9.732 Thread 0x000001c302476c20 nmethod 2414 0x000001c374e39310 code [0x000001c374e39520, 0x000001c374e39e60]
Event: 9.732 Thread 0x000001c302476c20 2418       4       java.util.ArrayList$SubList$1::next (85 bytes)
Event: 9.734 Thread 0x000001c302476c20 nmethod 2418 0x000001c374e3a510 code [0x000001c374e3a6a0, 0x000001c374e3a7f8]
Event: 9.779 Thread 0x000001c300052fe0 2420       1       org.eclipse.core.internal.jobs.InternalJob::previous (5 bytes)
Event: 9.779 Thread 0x000001c300052fe0 nmethod 2420 0x000001c374e3a990 code [0x000001c374e3ab20, 0x000001c374e3abf8]

GC Heap History (12 events):
Event: 2.017 GC heap before
{Heap before GC invocations=1 (full 0):
 PSYoungGen      total 29696K, used 25600K [0x00000000eab00000, 0x00000000ecc00000, 0x0000000100000000)
  eden space 25600K, 100% used [0x00000000eab00000,0x00000000ec400000,0x00000000ec400000)
  from space 4096K, 0% used [0x00000000ec800000,0x00000000ec800000,0x00000000ecc00000)
  to   space 4096K, 0% used [0x00000000ec400000,0x00000000ec400000,0x00000000ec800000)
 ParOldGen       total 68608K, used 0K [0x00000000c0000000, 0x00000000c4300000, 0x00000000eab00000)
  object space 68608K, 0% used [0x00000000c0000000,0x00000000c0000000,0x00000000c4300000)
 Metaspace       used 10969K, committed 11136K, reserved 1064960K
  class space    used 1088K, committed 1152K, reserved 1048576K
}
Event: 2.030 GC heap after
{Heap after GC invocations=1 (full 0):
 PSYoungGen      total 29696K, used 3704K [0x00000000eab00000, 0x00000000ecc00000, 0x0000000100000000)
  eden space 25600K, 0% used [0x00000000eab00000,0x00000000eab00000,0x00000000ec400000)
  from space 4096K, 90% used [0x00000000ec400000,0x00000000ec79e218,0x00000000ec800000)
  to   space 4096K, 0% used [0x00000000ec800000,0x00000000ec800000,0x00000000ecc00000)
 ParOldGen       total 68608K, used 16K [0x00000000c0000000, 0x00000000c4300000, 0x00000000eab00000)
  object space 68608K, 0% used [0x00000000c0000000,0x00000000c0004000,0x00000000c4300000)
 Metaspace       used 10969K, committed 11136K, reserved 1064960K
  class space    used 1088K, committed 1152K, reserved 1048576K
}
Event: 6.061 GC heap before
{Heap before GC invocations=2 (full 0):
 PSYoungGen      total 29696K, used 29304K [0x00000000eab00000, 0x00000000ecc00000, 0x0000000100000000)
  eden space 25600K, 100% used [0x00000000eab00000,0x00000000ec400000,0x00000000ec400000)
  from space 4096K, 90% used [0x00000000ec400000,0x00000000ec79e218,0x00000000ec800000)
  to   space 4096K, 0% used [0x00000000ec800000,0x00000000ec800000,0x00000000ecc00000)
 ParOldGen       total 68608K, used 16K [0x00000000c0000000, 0x00000000c4300000, 0x00000000eab00000)
  object space 68608K, 0% used [0x00000000c0000000,0x00000000c0004000,0x00000000c4300000)
 Metaspace       used 15270K, committed 15552K, reserved 1064960K
  class space    used 1553K, committed 1728K, reserved 1048576K
}
Event: 6.067 GC heap after
{Heap after GC invocations=2 (full 0):
 PSYoungGen      total 29696K, used 4077K [0x00000000eab00000, 0x00000000ecc00000, 0x0000000100000000)
  eden space 25600K, 0% used [0x00000000eab00000,0x00000000eab00000,0x00000000ec400000)
  from space 4096K, 99% used [0x00000000ec800000,0x00000000ecbfb708,0x00000000ecc00000)
  to   space 4096K, 0% used [0x00000000ec400000,0x00000000ec400000,0x00000000ec800000)
 ParOldGen       total 68608K, used 1312K [0x00000000c0000000, 0x00000000c4300000, 0x00000000eab00000)
  object space 68608K, 1% used [0x00000000c0000000,0x00000000c01481c0,0x00000000c4300000)
 Metaspace       used 15270K, committed 15552K, reserved 1064960K
  class space    used 1553K, committed 1728K, reserved 1048576K
}
Event: 8.816 GC heap before
{Heap before GC invocations=3 (full 0):
 PSYoungGen      total 29696K, used 29677K [0x00000000eab00000, 0x00000000ecc00000, 0x0000000100000000)
  eden space 25600K, 100% used [0x00000000eab00000,0x00000000ec400000,0x00000000ec400000)
  from space 4096K, 99% used [0x00000000ec800000,0x00000000ecbfb708,0x00000000ecc00000)
  to   space 4096K, 0% used [0x00000000ec400000,0x00000000ec400000,0x00000000ec800000)
 ParOldGen       total 68608K, used 1312K [0x00000000c0000000, 0x00000000c4300000, 0x00000000eab00000)
  object space 68608K, 1% used [0x00000000c0000000,0x00000000c01481c0,0x00000000c4300000)
 Metaspace       used 20255K, committed 20608K, reserved 1073152K
  class space    used 2058K, committed 2176K, reserved 1048576K
}
Event: 8.820 GC heap after
{Heap after GC invocations=3 (full 0):
 PSYoungGen      total 29696K, used 4083K [0x00000000eab00000, 0x00000000ecc00000, 0x0000000100000000)
  eden space 25600K, 0% used [0x00000000eab00000,0x00000000eab00000,0x00000000ec400000)
  from space 4096K, 99% used [0x00000000ec400000,0x00000000ec7fcc88,0x00000000ec800000)
  to   space 4096K, 0% used [0x00000000ec800000,0x00000000ec800000,0x00000000ecc00000)
 ParOldGen       total 68608K, used 3383K [0x00000000c0000000, 0x00000000c4300000, 0x00000000eab00000)
  object space 68608K, 4% used [0x00000000c0000000,0x00000000c034dc10,0x00000000c4300000)
 Metaspace       used 20255K, committed 20608K, reserved 1073152K
  class space    used 2058K, committed 2176K, reserved 1048576K
}
Event: 8.934 GC heap before
{Heap before GC invocations=4 (full 0):
 PSYoungGen      total 29696K, used 9010K [0x00000000eab00000, 0x00000000ecc00000, 0x0000000100000000)
  eden space 25600K, 19% used [0x00000000eab00000,0x00000000eafcfdb0,0x00000000ec400000)
  from space 4096K, 99% used [0x00000000ec400000,0x00000000ec7fcc88,0x00000000ec800000)
  to   space 4096K, 0% used [0x00000000ec800000,0x00000000ec800000,0x00000000ecc00000)
 ParOldGen       total 68608K, used 3383K [0x00000000c0000000, 0x00000000c4300000, 0x00000000eab00000)
  object space 68608K, 4% used [0x00000000c0000000,0x00000000c034dc10,0x00000000c4300000)
 Metaspace       used 21051K, committed 21504K, reserved 1073152K
  class space    used 2140K, committed 2368K, reserved 1048576K
}
Event: 8.937 GC heap after
{Heap after GC invocations=4 (full 0):
 PSYoungGen      total 29696K, used 4091K [0x00000000eab00000, 0x00000000ecc00000, 0x0000000100000000)
  eden space 25600K, 0% used [0x00000000eab00000,0x00000000eab00000,0x00000000ec400000)
  from space 4096K, 99% used [0x00000000ec800000,0x00000000ecbfec00,0x00000000ecc00000)
  to   space 4096K, 0% used [0x00000000ec400000,0x00000000ec400000,0x00000000ec800000)
 ParOldGen       total 68608K, used 3735K [0x00000000c0000000, 0x00000000c4300000, 0x00000000eab00000)
  object space 68608K, 5% used [0x00000000c0000000,0x00000000c03a5c40,0x00000000c4300000)
 Metaspace       used 21051K, committed 21504K, reserved 1073152K
  class space    used 2140K, committed 2368K, reserved 1048576K
}
Event: 8.937 GC heap before
{Heap before GC invocations=5 (full 1):
 PSYoungGen      total 29696K, used 4091K [0x00000000eab00000, 0x00000000ecc00000, 0x0000000100000000)
  eden space 25600K, 0% used [0x00000000eab00000,0x00000000eab00000,0x00000000ec400000)
  from space 4096K, 99% used [0x00000000ec800000,0x00000000ecbfec00,0x00000000ecc00000)
  to   space 4096K, 0% used [0x00000000ec400000,0x00000000ec400000,0x00000000ec800000)
 ParOldGen       total 68608K, used 3735K [0x00000000c0000000, 0x00000000c4300000, 0x00000000eab00000)
  object space 68608K, 5% used [0x00000000c0000000,0x00000000c03a5c40,0x00000000c4300000)
 Metaspace       used 21051K, committed 21504K, reserved 1073152K
  class space    used 2140K, committed 2368K, reserved 1048576K
}
Event: 8.961 GC heap after
{Heap after GC invocations=5 (full 1):
 PSYoungGen      total 29696K, used 0K [0x00000000eab00000, 0x00000000ecc00000, 0x0000000100000000)
  eden space 25600K, 0% used [0x00000000eab00000,0x00000000eab00000,0x00000000ec400000)
  from space 4096K, 0% used [0x00000000ec800000,0x00000000ec800000,0x00000000ecc00000)
  to   space 4096K, 0% used [0x00000000ec400000,0x00000000ec400000,0x00000000ec800000)
 ParOldGen       total 68608K, used 7533K [0x00000000c0000000, 0x00000000c4300000, 0x00000000eab00000)
  object space 68608K, 10% used [0x00000000c0000000,0x00000000c075b7b8,0x00000000c4300000)
 Metaspace       used 21038K, committed 21504K, reserved 1073152K
  class space    used 2136K, committed 2368K, reserved 1048576K
}
Event: 9.345 GC heap before
{Heap before GC invocations=6 (full 1):
 PSYoungGen      total 29696K, used 25600K [0x00000000eab00000, 0x00000000ecc00000, 0x0000000100000000)
  eden space 25600K, 100% used [0x00000000eab00000,0x00000000ec400000,0x00000000ec400000)
  from space 4096K, 0% used [0x00000000ec800000,0x00000000ec800000,0x00000000ecc00000)
  to   space 4096K, 0% used [0x00000000ec400000,0x00000000ec400000,0x00000000ec800000)
 ParOldGen       total 68608K, used 7533K [0x00000000c0000000, 0x00000000c4300000, 0x00000000eab00000)
  object space 68608K, 10% used [0x00000000c0000000,0x00000000c075b7b8,0x00000000c4300000)
 Metaspace       used 24590K, committed 25088K, reserved 1073152K
  class space    used 2390K, committed 2624K, reserved 1048576K
}
Event: 9.346 GC heap after
{Heap after GC invocations=6 (full 1):
 PSYoungGen      total 25600K, used 320K [0x00000000eab00000, 0x00000000ec880000, 0x0000000100000000)
  eden space 25088K, 0% used [0x00000000eab00000,0x00000000eab00000,0x00000000ec380000)
  from space 512K, 62% used [0x00000000ec400000,0x00000000ec450000,0x00000000ec480000)
  to   space 2048K, 0% used [0x00000000ec680000,0x00000000ec680000,0x00000000ec880000)
 ParOldGen       total 68608K, used 7541K [0x00000000c0000000, 0x00000000c4300000, 0x00000000eab00000)
  object space 68608K, 10% used [0x00000000c0000000,0x00000000c075d7b8,0x00000000c4300000)
 Metaspace       used 24590K, committed 25088K, reserved 1073152K
  class space    used 2390K, committed 2624K, reserved 1048576K
}

Dll operation events (9 events):
Event: 0.157 Loaded shared library c:\Users\leona\.vscode\extensions\redhat.java-1.13.0-win32-x64\jre\17.0.5-win32-x86_64\bin\java.dll
Event: 0.998 Loaded shared library c:\Users\leona\.vscode\extensions\redhat.java-1.13.0-win32-x64\jre\17.0.5-win32-x86_64\bin\zip.dll
Event: 1.002 Loaded shared library C:\Users\leona\.vscode\extensions\redhat.java-1.13.0-win32-x64\jre\17.0.5-win32-x86_64\bin\instrument.dll
Event: 1.041 Loaded shared library C:\Users\leona\.vscode\extensions\redhat.java-1.13.0-win32-x64\jre\17.0.5-win32-x86_64\bin\net.dll
Event: 1.062 Loaded shared library C:\Users\leona\.vscode\extensions\redhat.java-1.13.0-win32-x64\jre\17.0.5-win32-x86_64\bin\nio.dll
Event: 1.070 Loaded shared library C:\Users\leona\.vscode\extensions\redhat.java-1.13.0-win32-x64\jre\17.0.5-win32-x86_64\bin\zip.dll
Event: 1.086 Loaded shared library C:\Users\leona\.vscode\extensions\redhat.java-1.13.0-win32-x64\jre\17.0.5-win32-x86_64\bin\jimage.dll
Event: 1.163 Loaded shared library c:\Users\leona\.vscode\extensions\redhat.java-1.13.0-win32-x64\jre\17.0.5-win32-x86_64\bin\verify.dll
Event: 5.954 Loaded shared library C:\Users\leona\AppData\Roaming\Code\User\globalStorage\redhat.java\1.13.0\config_ss_win\org.eclipse.equinox.launcher\org.eclipse.equinox.launcher.win32.win32.x86_64_1.2.600.v20220720-1916\eclipse_11700.dll

Deoptimization events (20 events):
Event: 9.636 Thread 0x000001c302170960 DEOPT PACKING pc=0x000001c36d92859e sp=0x0000003a892f8ce0
Event: 9.636 Thread 0x000001c302170960 DEOPT UNPACKING pc=0x000001c36d2d2843 sp=0x0000003a892f81d8 mode 0
Event: 9.636 Thread 0x000001c302170960 DEOPT PACKING pc=0x000001c36d92859e sp=0x0000003a892f8ce0
Event: 9.636 Thread 0x000001c302170960 DEOPT UNPACKING pc=0x000001c36d2d2843 sp=0x0000003a892f81d8 mode 0
Event: 9.718 Thread 0x000001c302170960 Uncommon trap: trap_request=0xffffffc6 fr.pc=0x000001c374dd44fc relative=0x0000000000000abc
Event: 9.718 Thread 0x000001c302170960 Uncommon trap: reason=bimorphic_or_optimized_type_check action=maybe_recompile pc=0x000001c374dd44fc method=java.util.HashMap.putVal(ILjava/lang/Object;Ljava/lang/Object;ZZ)Ljava/lang/Object; @ 56 c2
Event: 9.718 Thread 0x000001c302170960 DEOPT PACKING pc=0x000001c374dd44fc sp=0x0000003a892fd950
Event: 9.718 Thread 0x000001c302170960 DEOPT UNPACKING pc=0x000001c36d2d20a3 sp=0x0000003a892fd8a8 mode 2
Event: 9.718 Thread 0x000001c302170960 Uncommon trap: trap_request=0xffffffc6 fr.pc=0x000001c374dd44fc relative=0x0000000000000abc
Event: 9.718 Thread 0x000001c302170960 Uncommon trap: reason=bimorphic_or_optimized_type_check action=maybe_recompile pc=0x000001c374dd44fc method=java.util.HashMap.putVal(ILjava/lang/Object;Ljava/lang/Object;ZZ)Ljava/lang/Object; @ 56 c2
Event: 9.718 Thread 0x000001c302170960 DEOPT PACKING pc=0x000001c374dd44fc sp=0x0000003a892fd950
Event: 9.718 Thread 0x000001c302170960 DEOPT UNPACKING pc=0x000001c36d2d20a3 sp=0x0000003a892fd8a8 mode 2
Event: 9.718 Thread 0x000001c302170960 Uncommon trap: trap_request=0xffffffc6 fr.pc=0x000001c374dd44fc relative=0x0000000000000abc
Event: 9.718 Thread 0x000001c302170960 Uncommon trap: reason=bimorphic_or_optimized_type_check action=maybe_recompile pc=0x000001c374dd44fc method=java.util.HashMap.putVal(ILjava/lang/Object;Ljava/lang/Object;ZZ)Ljava/lang/Object; @ 56 c2
Event: 9.718 Thread 0x000001c302170960 DEOPT PACKING pc=0x000001c374dd44fc sp=0x0000003a892fd950
Event: 9.718 Thread 0x000001c302170960 DEOPT UNPACKING pc=0x000001c36d2d20a3 sp=0x0000003a892fd8a8 mode 2
Event: 9.718 Thread 0x000001c302170960 Uncommon trap: trap_request=0xffffffc6 fr.pc=0x000001c374dd44fc relative=0x0000000000000abc
Event: 9.718 Thread 0x000001c302170960 Uncommon trap: reason=bimorphic_or_optimized_type_check action=maybe_recompile pc=0x000001c374dd44fc method=java.util.HashMap.putVal(ILjava/lang/Object;Ljava/lang/Object;ZZ)Ljava/lang/Object; @ 56 c2
Event: 9.718 Thread 0x000001c302170960 DEOPT PACKING pc=0x000001c374dd44fc sp=0x0000003a892fd950
Event: 9.718 Thread 0x000001c302170960 DEOPT UNPACKING pc=0x000001c36d2d20a3 sp=0x0000003a892fd8a8 mode 2

Classes unloaded (7 events):
Event: 8.942 Thread 0x000001c36a6be850 Unloading class 0x000000010021a400 'java/lang/invoke/LambdaForm$MH+0x000000010021a400'
Event: 8.942 Thread 0x000001c36a6be850 Unloading class 0x000000010021a000 'java/lang/invoke/LambdaForm$MH+0x000000010021a000'
Event: 8.942 Thread 0x000001c36a6be850 Unloading class 0x0000000100219c00 'java/lang/invoke/LambdaForm$MH+0x0000000100219c00'
Event: 8.942 Thread 0x000001c36a6be850 Unloading class 0x0000000100219800 'java/lang/invoke/LambdaForm$MH+0x0000000100219800'
Event: 8.942 Thread 0x000001c36a6be850 Unloading class 0x0000000100219000 'java/lang/invoke/LambdaForm$BMH+0x0000000100219000'
Event: 8.942 Thread 0x000001c36a6be850 Unloading class 0x0000000100218c00 'java/lang/invoke/LambdaForm$DMH+0x0000000100218c00'
Event: 8.942 Thread 0x000001c36a6be850 Unloading class 0x0000000100216000 'java/lang/invoke/LambdaForm$DMH+0x0000000100216000'

Classes redefined (0 events):
No events

Internal exceptions (20 events):
Event: 6.263 Thread 0x000001c302170960 Exception <a 'java/io/FileNotFoundException'{0x00000000eb2fcb00}> (0x00000000eb2fcb00) 
thrown [s\src\hotspot\share\prims\jni.cpp, line 516]
Event: 6.270 Thread 0x000001c302170960 Exception <a 'java/lang/NullPointerException'{0x00000000eb34e868}> (0x00000000eb34e868) 
thrown [s\src\hotspot\share\interpreter\linkResolver.cpp, line 1350]
Event: 6.270 Thread 0x000001c302170960 Exception <a 'java/lang/NullPointerException'{0x00000000eb34f090}> (0x00000000eb34f090) 
thrown [s\src\hotspot\share\interpreter\linkResolver.cpp, line 1350]
Event: 6.340 Thread 0x000001c302170960 Exception <a 'java/lang/NoSuchMethodError'{0x00000000eb46d0d8}: 'java.lang.Object java.lang.invoke.Invokers$Holder.invokeExact_MT(java.lang.Object, java.lang.Object, java.lang.Object, java.lang.Object, java.lang.Object, java.lang.Object)'> (0x00000000eb46d0d8) 
thrown [s\src\hotspot\share\interpreter\linkResolver.cpp, line 759]
Event: 6.841 Thread 0x000001c302170960 Exception <a 'java/lang/NoSuchMethodError'{0x00000000eb9b4670}: 'void java.lang.invoke.DirectMethodHandle$Holder.invokeInterface(java.lang.Object, java.lang.Object, java.lang.Object)'> (0x00000000eb9b4670) 
thrown [s\src\hotspot\share\interpreter\linkResolver.cpp, line 759]
Event: 6.976 Thread 0x000001c302170960 Exception <a 'java/lang/NoSuchMethodError'{0x00000000ebdb9cf8}: 'java.lang.Object java.lang.invoke.DirectMethodHandle$Holder.invokeStatic(java.lang.Object, java.lang.Object, int)'> (0x00000000ebdb9cf8) 
thrown [s\src\hotspot\share\interpreter\linkResolver.cpp, line 759]
Event: 6.977 Thread 0x000001c302170960 Exception <a 'java/lang/NoSuchMethodError'{0x00000000ebdbeb50}: 'void java.lang.invoke.DirectMethodHandle$Holder.invokeStatic(java.lang.Object, java.lang.Object, int, java.lang.Object)'> (0x00000000ebdbeb50) 
thrown [s\src\hotspot\share\interpreter\linkResolver.cpp, line 759]
Event: 6.978 Thread 0x000001c302170960 Exception <a 'java/lang/NoSuchMethodError'{0x00000000ebdc6528}: 'void java.lang.invoke.DelegatingMethodHandle$Holder.delegate(java.lang.Object, java.lang.Object, int, java.lang.Object)'> (0x00000000ebdc6528) 
thrown [s\src\hotspot\share\interpreter\linkResolver.cpp, line 759]
Event: 6.979 Thread 0x000001c302170960 Exception <a 'java/lang/NoSuchMethodError'{0x00000000ebdcabb8}: 'int java.lang.invoke.DirectMethodHandle$Holder.invokeSpecial(java.lang.Object, java.lang.Object, java.lang.Object)'> (0x00000000ebdcabb8) 
thrown [s\src\hotspot\share\interpreter\linkResolver.cpp, line 759]
Event: 6.981 Thread 0x000001c302170960 Exception <a 'java/lang/NoSuchMethodError'{0x00000000ebddb3e8}: 'int java.lang.invoke.DirectMethodHandle$Holder.invokeStatic(java.lang.Object, java.lang.Object, int)'> (0x00000000ebddb3e8) 
thrown [s\src\hotspot\share\interpreter\linkResolver.cpp, line 759]
Event: 6.981 Thread 0x000001c302170960 Exception <a 'java/lang/NoSuchMethodError'{0x00000000ebddf6b8}: 'int java.lang.invoke.DirectMethodHandle$Holder.invokeSpecial(java.lang.Object, java.lang.Object, java.lang.Object, int)'> (0x00000000ebddf6b8) 
thrown [s\src\hotspot\share\interpreter\linkResolver.cpp, line 759]
Event: 6.984 Thread 0x000001c302170960 Exception <a 'java/lang/NoSuchMethodError'{0x00000000ebdfa138}: 'java.lang.Object java.lang.invoke.DirectMethodHandle$Holder.invokeStatic(java.lang.Object, java.lang.Object, java.lang.Object, java.lang.Object, int)'> (0x00000000ebdfa138) 
thrown [s\src\hotspot\share\interpreter\linkResolver.cpp, line 759]
Event: 6.985 Thread 0x000001c302170960 Exception <a 'java/lang/NoSuchMethodError'{0x00000000ebe067d0}: 'java.lang.Object java.lang.invoke.DelegatingMethodHandle$Holder.reinvoke_L(java.lang.Object, java.lang.Object, java.lang.Object, java.lang.Object, int, int)'> (0x00000000ebe067d0) 
thrown [s\src\hotspot\share\interpreter\linkResolver.cpp, line 759]
Event: 6.988 Thread 0x000001c302170960 Exception <a 'java/lang/NoSuchMethodError'{0x00000000ebe1e510}: 'java.lang.Object java.lang.invoke.Invokers$Holder.invokeExact_MT(java.lang.Object, java.lang.Object, java.lang.Object, java.lang.Object)'> (0x00000000ebe1e510) 
thrown [s\src\hotspot\share\interpreter\linkResolver.cpp, line 759]
Event: 8.884 Thread 0x000001c302170960 Exception <a 'java/lang/NoSuchMethodError'{0x00000000ead7d1d0}: 'int java.lang.invoke.DirectMethodHandle$Holder.invokeStaticInit(java.lang.Object, java.lang.Object, java.lang.Object)'> (0x00000000ead7d1d0) 
thrown [s\src\hotspot\share\interpreter\linkResolver.cpp, line 759]
Event: 8.891 Thread 0x000001c302170960 Exception <a 'java/lang/IncompatibleClassChangeError'{0x00000000eade42a8}: Found class java.lang.Object, but interface was expected> (0x00000000eade42a8) 
thrown [s\src\hotspot\share\interpreter\linkResolver.cpp, line 826]
Event: 8.923 Thread 0x000001c300184700 Exception <a 'java/io/FileNotFoundException'{0x00000000ead44d88}> (0x00000000ead44d88) 
thrown [s\src\hotspot\share\prims\jni.cpp, line 516]
Event: 9.622 Thread 0x000001c302170960 Exception <a 'java/lang/ClassNotFoundException'{0x00000000ebf05958}: com/sun/org/apache/xerces/internal/impl/msg/spi/DOMMessagesProvider> (0x00000000ebf05958) 
thrown [s\src\hotspot\share\classfile\systemDictionary.cpp, line 256]
Event: 9.627 Thread 0x000001c302170960 Exception <a 'java/lang/ClassNotFoundException'{0x00000000ebf3f270}: com/sun/org/apache/xerces/internal/impl/msg/spi/XMLSerializerMessagesProvider> (0x00000000ebf3f270) 
thrown [s\src\hotspot\share\classfile\systemDictionary.cpp, line 256]
Event: 9.629 Thread 0x000001c302170960 Exception <a 'java/lang/ClassNotFoundException'{0x00000000ebf57568}: com/sun/org/apache/xerces/internal/impl/msg/spi/XMLMessagesProvider> (0x00000000ebf57568) 
thrown [s\src\hotspot\share\classfile\systemDictionary.cpp, line 256]

VM Operations (20 events):
Event: 6.701 Executing VM operation: HandshakeAllThreads
Event: 6.701 Executing VM operation: HandshakeAllThreads done
Event: 6.774 Executing VM operation: HandshakeAllThreads
Event: 6.774 Executing VM operation: HandshakeAllThreads done
Event: 6.779 Executing VM operation: HandshakeAllThreads
Event: 6.779 Executing VM operation: HandshakeAllThreads done
Event: 6.976 Executing VM operation: HandshakeAllThreads
Event: 6.976 Executing VM operation: HandshakeAllThreads done
Event: 7.980 Executing VM operation: Cleanup
Event: 7.980 Executing VM operation: Cleanup done
Event: 8.816 Executing VM operation: ParallelGCFailedAllocation
Event: 8.820 Executing VM operation: ParallelGCFailedAllocation done
Event: 8.910 Executing VM operation: HandshakeAllThreads
Event: 8.910 Executing VM operation: HandshakeAllThreads done
Event: 8.934 Executing VM operation: CollectForMetadataAllocation
Event: 8.961 Executing VM operation: CollectForMetadataAllocation done
Event: 9.345 Executing VM operation: ParallelGCFailedAllocation
Event: 9.346 Executing VM operation: ParallelGCFailedAllocation done
Event: 9.718 Executing VM operation: HandshakeAllThreads
Event: 9.718 Executing VM operation: HandshakeAllThreads done

Events (20 events):
Event: 9.632 loading class com/sun/org/apache/xerces/internal/impl/msg/XMLMessages_pt done
Event: 9.632 loading class com/sun/org/apache/xerces/internal/impl/msg/XMLMessages_pt
Event: 9.632 loading class com/sun/org/apache/xerces/internal/impl/msg/XMLMessages_pt done
Event: 9.632 loading class com/sun/org/apache/xerces/internal/impl/msg/XMLMessages_pt_BR
Event: 9.632 loading class com/sun/org/apache/xerces/internal/impl/msg/XMLMessages_pt_BR done
Event: 9.632 loading class com/sun/org/apache/xerces/internal/impl/msg/XMLMessages_pt_BR
Event: 9.632 loading class com/sun/org/apache/xerces/internal/impl/msg/XMLMessages_pt_BR done
Event: 9.669 Thread 0x000001c300184bd0 Thread added: 0x000001c300184bd0
Event: 9.716 loading class java/lang/ProcessEnvironment
Event: 9.717 loading class java/lang/ProcessEnvironment done
Event: 9.718 loading class java/lang/ProcessEnvironment$NameComparator
Event: 9.718 loading class java/lang/ProcessEnvironment$NameComparator done
Event: 9.718 loading class java/lang/ProcessEnvironment$EntryComparator
Event: 9.718 loading class java/lang/ProcessEnvironment$EntryComparator done
Event: 9.718 loading class java/lang/ProcessEnvironment$CheckedEntrySet
Event: 9.719 loading class java/lang/ProcessEnvironment$CheckedEntrySet done
Event: 9.719 loading class java/lang/ProcessEnvironment$CheckedEntrySet$1
Event: 9.719 loading class java/lang/ProcessEnvironment$CheckedEntrySet$1 done
Event: 9.719 loading class java/lang/ProcessEnvironment$CheckedEntry
Event: 9.719 loading class java/lang/ProcessEnvironment$CheckedEntry done


Dynamic libraries:
0x00007ff676d10000 - 0x00007ff676d1e000 	c:\Users\leona\.vscode\extensions\redhat.java-1.13.0-win32-x64\jre\17.0.5-win32-x86_64\bin\java.exe
0x00007ffb40b60000 - 0x00007ffb40d69000 	C:\WINDOWS\SYSTEM32\ntdll.dll
0x00007ffb3fd50000 - 0x00007ffb3fe0e000 	C:\WINDOWS\System32\KERNEL32.DLL
0x00007ffb3e410000 - 0x00007ffb3e78b000 	C:\WINDOWS\System32\KERNELBASE.dll
0x00007ffb3e790000 - 0x00007ffb3e8a1000 	C:\WINDOWS\System32\ucrtbase.dll
0x00007ffafcac0000 - 0x00007ffafcad7000 	c:\Users\leona\.vscode\extensions\redhat.java-1.13.0-win32-x64\jre\17.0.5-win32-x86_64\bin\jli.dll
0x00007ffafe580000 - 0x00007ffafe599000 	c:\Users\leona\.vscode\extensions\redhat.java-1.13.0-win32-x64\jre\17.0.5-win32-x86_64\bin\VCRUNTIME140.dll
0x00007ffb3f6c0000 - 0x00007ffb3f86d000 	C:\WINDOWS\System32\USER32.dll
0x00007ffb232f0000 - 0x00007ffb23595000 	C:\WINDOWS\WinSxS\amd64_microsoft.windows.common-controls_6595b64144ccf1df_6.0.22000.120_none_9d947278b86cc467\COMCTL32.dll
0x00007ffb3e030000 - 0x00007ffb3e056000 	C:\WINDOWS\System32\win32u.dll
0x00007ffb3f540000 - 0x00007ffb3f5e3000 	C:\WINDOWS\System32\msvcrt.dll
0x00007ffb40470000 - 0x00007ffb40499000 	C:\WINDOWS\System32\GDI32.dll
0x00007ffb3e270000 - 0x00007ffb3e388000 	C:\WINDOWS\System32\gdi32full.dll
0x00007ffb3e1d0000 - 0x00007ffb3e26d000 	C:\WINDOWS\System32\msvcp_win.dll
0x00007ffb40430000 - 0x00007ffb40462000 	C:\WINDOWS\System32\IMM32.DLL
0x00007ffb287e0000 - 0x00007ffb287ec000 	c:\Users\leona\.vscode\extensions\redhat.java-1.13.0-win32-x64\jre\17.0.5-win32-x86_64\bin\vcruntime140_1.dll
0x00007ffab9720000 - 0x00007ffab97b1000 	c:\Users\leona\.vscode\extensions\redhat.java-1.13.0-win32-x64\jre\17.0.5-win32-x86_64\bin\msvcp140.dll
0x00007ffab48e0000 - 0x00007ffab5524000 	c:\Users\leona\.vscode\extensions\redhat.java-1.13.0-win32-x64\jre\17.0.5-win32-x86_64\bin\server\jvm.dll
0x00007ffb3f340000 - 0x00007ffb3f3ee000 	C:\WINDOWS\System32\ADVAPI32.dll
0x00007ffb3f610000 - 0x00007ffb3f6ae000 	C:\WINDOWS\System32\sechost.dll
0x00007ffb40840000 - 0x00007ffb40960000 	C:\WINDOWS\System32\RPCRT4.dll
0x00007ffb372f0000 - 0x00007ffb37323000 	C:\WINDOWS\SYSTEM32\WINMM.dll
0x00007ffb36d70000 - 0x00007ffb36d7a000 	C:\WINDOWS\SYSTEM32\VERSION.dll
0x00007ffb3a9f0000 - 0x00007ffb3a9f9000 	C:\WINDOWS\SYSTEM32\WSOCK32.dll
0x00007ffb3fe10000 - 0x00007ffb3fe7f000 	C:\WINDOWS\System32\WS2_32.dll
0x00007ffb3d1a0000 - 0x00007ffb3d1b8000 	C:\WINDOWS\SYSTEM32\kernel.appcore.dll
0x00007ffb27ee0000 - 0x00007ffb27eea000 	c:\Users\leona\.vscode\extensions\redhat.java-1.13.0-win32-x64\jre\17.0.5-win32-x86_64\bin\jimage.dll
0x00007ffb3baf0000 - 0x00007ffb3bd11000 	C:\WINDOWS\SYSTEM32\DBGHELP.DLL
0x00007ffb30b30000 - 0x00007ffb30b61000 	C:\WINDOWS\SYSTEM32\dbgcore.DLL
0x00007ffb3e390000 - 0x00007ffb3e40f000 	C:\WINDOWS\System32\bcryptPrimitives.dll
0x00007ffb263f0000 - 0x00007ffb263fe000 	c:\Users\leona\.vscode\extensions\redhat.java-1.13.0-win32-x64\jre\17.0.5-win32-x86_64\bin\instrument.dll
0x00007ffafbbd0000 - 0x00007ffafbbf5000 	c:\Users\leona\.vscode\extensions\redhat.java-1.13.0-win32-x64\jre\17.0.5-win32-x86_64\bin\java.dll
0x00007ffafcaa0000 - 0x00007ffafcab8000 	c:\Users\leona\.vscode\extensions\redhat.java-1.13.0-win32-x64\jre\17.0.5-win32-x86_64\bin\zip.dll
0x00007ffb3e9e0000 - 0x00007ffb3f198000 	C:\WINDOWS\System32\SHELL32.dll
0x00007ffb3c130000 - 0x00007ffb3c995000 	C:\WINDOWS\SYSTEM32\windows.storage.dll
0x00007ffb40050000 - 0x00007ffb403c8000 	C:\WINDOWS\System32\combase.dll
0x00007ffb3bfc0000 - 0x00007ffb3c126000 	C:\WINDOWS\SYSTEM32\wintypes.dll
0x00007ffb3fe80000 - 0x00007ffb3ff6a000 	C:\WINDOWS\System32\SHCORE.dll
0x00007ffb40620000 - 0x00007ffb4067d000 	C:\WINDOWS\System32\shlwapi.dll
0x00007ffb3df60000 - 0x00007ffb3df81000 	C:\WINDOWS\SYSTEM32\profapi.dll
0x00007ffafb6b0000 - 0x00007ffafb6c9000 	C:\Users\leona\.vscode\extensions\redhat.java-1.13.0-win32-x64\jre\17.0.5-win32-x86_64\bin\net.dll
0x00007ffb386d0000 - 0x00007ffb387e4000 	C:\WINDOWS\SYSTEM32\WINHTTP.dll
0x00007ffb3d640000 - 0x00007ffb3d6a7000 	C:\WINDOWS\system32\mswsock.dll
0x00007ffafaf20000 - 0x00007ffafaf35000 	C:\Users\leona\.vscode\extensions\redhat.java-1.13.0-win32-x64\jre\17.0.5-win32-x86_64\bin\nio.dll
0x00007ffb26250000 - 0x00007ffb26260000 	c:\Users\leona\.vscode\extensions\redhat.java-1.13.0-win32-x64\jre\17.0.5-win32-x86_64\bin\verify.dll
0x00007ffb299c0000 - 0x00007ffb299fe000 	C:\Users\leona\AppData\Roaming\Code\User\globalStorage\redhat.java\1.13.0\config_ss_win\org.eclipse.equinox.launcher\org.eclipse.equinox.launcher.win32.win32.x86_64_1.2.600.v20220720-1916\eclipse_11700.dll
0x00007ffb40680000 - 0x00007ffb4081a000 	C:\WINDOWS\System32\ole32.dll

dbghelp: loaded successfully - version: 4.0.5 - missing functions: none
symbol engine: initialized successfully - sym options: 0x614 - pdb path: .;c:\Users\leona\.vscode\extensions\redhat.java-1.13.0-win32-x64\jre\17.0.5-win32-x86_64\bin;C:\WINDOWS\SYSTEM32;C:\WINDOWS\WinSxS\amd64_microsoft.windows.common-controls_6595b64144ccf1df_6.0.22000.120_none_9d947278b86cc467;c:\Users\leona\.vscode\extensions\redhat.java-1.13.0-win32-x64\jre\17.0.5-win32-x86_64\bin\server;C:\Users\leona\AppData\Roaming\Code\User\globalStorage\redhat.java\1.13.0\config_ss_win\org.eclipse.equinox.launcher\org.eclipse.equinox.launcher.win32.win32.x86_64_1.2.600.v20220720-1916

VM Arguments:
jvm_args: --add-modules=ALL-SYSTEM --add-opens=java.base/java.util=ALL-UNNAMED --add-opens=java.base/java.lang=ALL-UNNAMED --add-opens=java.base/sun.nio.fs=ALL-UNNAMED -Declipse.application=org.eclipse.jdt.ls.core.id1 -Dosgi.bundles.defaultStartLevel=4 -Declipse.product=org.eclipse.jdt.ls.core.product -Djava.import.generatesMetadataFilesAtProjectRoot=false -Dfile.encoding=utf8 -XX:+UseParallelGC -XX:GCTimeRatio=4 -XX:AdaptiveSizePolicyWeight=90 -Dsun.zip.disableMemoryMapping=true -Xmx1G -Xms100m -Xlog:disable -javaagent:c:\Users\leona\.vscode\extensions\redhat.java-1.13.0-win32-x64\lombok\lombok-1.18.24.jar 
java_command: c:\Users\leona\.vscode\extensions\redhat.java-1.13.0-win32-x64\server\plugins\org.eclipse.equinox.launcher_1.6.400.v20210924-0641.jar -configuration c:\Users\leona\AppData\Roaming\Code\User\globalStorage\redhat.java\1.13.0\config_ss_win -data c:\Users\leona\AppData\Roaming\Code\User\workspaceStorage\4d6941cea85bad1641a17aee31ef6769\redhat.java\ss_ws
java_class_path (initial): c:\Users\leona\.vscode\extensions\redhat.java-1.13.0-win32-x64\server\plugins\org.eclipse.equinox.launcher_1.6.400.v20210924-0641.jar
Launcher Type: SUN_STANDARD

[Global flags]
    uintx AdaptiveSizePolicyWeight                 = 90                                        {product} {command line}
     intx CICompilerCount                          = 4                                         {product} {ergonomic}
    uintx GCTimeRatio                              = 4                                         {product} {command line}
   size_t InitialHeapSize                          = 104857600                                 {product} {command line}
   size_t MaxHeapSize                              = 1073741824                                {product} {command line}
   size_t MaxNewSize                               = 357564416                                 {product} {ergonomic}
   size_t MinHeapDeltaBytes                        = 524288                                    {product} {ergonomic}
   size_t MinHeapSize                              = 104857600                                 {product} {command line}
   size_t NewSize                                  = 34603008                                  {product} {ergonomic}
    uintx NonNMethodCodeHeapSize                   = 5839372                                {pd product} {ergonomic}
    uintx NonProfiledCodeHeapSize                  = 122909434                              {pd product} {ergonomic}
   size_t OldSize                                  = 70254592                                  {product} {ergonomic}
    uintx ProfiledCodeHeapSize                     = 122909434                              {pd product} {ergonomic}
    uintx ReservedCodeCacheSize                    = 251658240                              {pd product} {ergonomic}
     bool SegmentedCodeCache                       = true                                      {product} {ergonomic}
   size_t SoftMaxHeapSize                          = 1073741824                             {manageable} {ergonomic}
     bool UseCompressedClassPointers               = true                           {product lp64_product} {ergonomic}
     bool UseCompressedOops                        = true                           {product lp64_product} {ergonomic}
     bool UseLargePagesIndividualAllocation        = false                                  {pd product} {ergonomic}
     bool UseParallelGC                            = true                                      {product} {command line}

Logging:
Log output configuration:
 #0: stdout all=off uptime,level,tags
 #1: stderr all=off uptime,level,tags

Environment Variables:
JAVA_HOME=D:\Java\jdk-19.0.1
PATH=C:\Windows\system32;C:\Windows;C:\Windows\System32\Wbem;C:\Windows\System32\WindowsPowerShell\v1.0\;C:\Windows\System32\OpenSSH\;C:\Program Files (x86)\NVIDIA Corporation\PhysX\Common;C:\WINDOWS\system32;C:\WINDOWS;C:\WINDOWS\System32\Wbem;C:\WINDOWS\System32\WindowsPowerShell\v1.0\;C:\WINDOWS\System32\OpenSSH\;C:\WINDOWS\system32;C:\WINDOWS;C:\WINDOWS\System32\Wbem;C:\WINDOWS\System32\WindowsPowerShell\v1.0\;C:\WINDOWS\System32\OpenSSH\;D:\Git\cmd;C:\Program Files\NVIDIA Corporation\NVIDIA NvDLISR;D:\Java\jdk-19.0.1\bin;C:\Users\leona\AppData\Local\Microsoft\WindowsApps;;D:\Microsoft VS Code\bin
USERNAME=leona
OS=Windows_NT
PROCESSOR_IDENTIFIER=Intel64 Family 6 Model 158 Stepping 10, GenuineIntel
TMP=C:\Users\leona\AppData\Local\Temp
TEMP=C:\Users\leona\AppData\Local\Temp



---------------  S Y S T E M  ---------------

OS:
 Windows 11 , 64 bit Build 22000 (10.0.22000.1219)
OS uptime: 5 days 4:32 hours

CPU: total 8 (initial active 8) (4 cores per cpu, 2 threads per core) family 6 model 158 stepping 10 microcode 0xde, cx8, cmov, fxsr, ht, mmx, 3dnowpref, sse, sse2, sse3, ssse3, sse4.1, sse4.2, popcnt, lzcnt, tsc, tscinvbit, avx, avx2, aes, erms, clmul, bmi1, bmi2, adx, fma, vzeroupper, clflush, clflushopt

Memory: 4k page, system-wide physical 8036M (342M free)
TotalPageFile size 20915M (AvailPageFile size 6M)
current process WorkingSet (physical memory assigned to process): 129M, peak: 133M
current process commit charge ("private bytes"): 239M, peak: 241M

vm_info: OpenJDK 64-Bit Server VM (17.0.5+8) for windows-amd64 JRE (17.0.5+8), built on Oct 19 2022 04:48:13 by "temurin" with MS VC++ 16.7 (VS2019)

END.
