#
# There is insufficient memory for the Java Runtime Environment to continue.
# Native memory allocation (malloc) failed to allocate 1593936 bytes for Chunk::new
# Possible reasons:
#   The system is out of physical RAM or swap space
#   The process is running with CompressedOops enabled, and the Java Heap may be blocking the growth of the native heap
# Possible solutions:
#   Reduce memory load on the system
#   Increase physical memory or swap space
#   Check if swap backing store is full
#   Decrease Java heap size (-Xmx/-Xms)
#   Decrease number of Java threads
#   Decrease Java thread stack sizes (-Xss)
#   Set larger code cache with -XX:ReservedCodeCacheSize=
#   JVM is running with Unscaled Compressed Oops mode in which the Java heap is
#     placed in the first 4GB address space. The Java Heap base address is the
#     maximum limit for the native heap growth. Please use -XX:HeapBaseMinAddress
#     to set the Java Heap base and to place the Java Heap above 4GB virtual address.
# This output file may be truncated or incomplete.
#
#  Out of Memory Error (arena.cpp:189), pid=18908, tid=20448
#
# JRE version: OpenJDK Runtime Environment Temurin-17.0.5+8 (17.0.5+8) (build 17.0.5+8)
# Java VM: OpenJDK 64-Bit Server VM Temurin-17.0.5+8 (17.0.5+8, mixed mode, tiered, compressed oops, compressed class ptrs, parallel gc, windows-amd64)
# No core dump will be written. Minidumps are not enabled by default on client versions of Windows
#

---------------  S U M M A R Y ------------

Command Line: --add-modules=ALL-SYSTEM --add-opens=java.base/java.util=ALL-UNNAMED --add-opens=java.base/java.lang=ALL-UNNAMED --add-opens=java.base/sun.nio.fs=ALL-UNNAMED -Declipse.application=org.eclipse.jdt.ls.core.id1 -Dosgi.bundles.defaultStartLevel=4 -Declipse.product=org.eclipse.jdt.ls.core.product -Djava.import.generatesMetadataFilesAtProjectRoot=false -Dfile.encoding=utf8 -XX:+UseParallelGC -XX:GCTimeRatio=4 -XX:AdaptiveSizePolicyWeight=90 -Dsun.zip.disableMemoryMapping=true -Xmx1G -Xms100m -Xlog:disable -javaagent:c:\Users\leona\.vscode\extensions\redhat.java-1.13.0-win32-x64\lombok\lombok-1.18.24.jar c:\Users\leona\.vscode\extensions\redhat.java-1.13.0-win32-x64\server\plugins\org.eclipse.equinox.launcher_1.6.400.v20210924-0641.jar -configuration c:\Users\leona\AppData\Roaming\Code\User\globalStorage\redhat.java\1.13.0\config_ss_win -data c:\Users\leona\AppData\Roaming\Code\User\workspaceStorage\4d6941cea85bad1641a17aee31ef6769\redhat.java\ss_ws

Host: Intel(R) Core(TM) i5-9300H CPU @ 2.40GHz, 8 cores, 7G,  Windows 11 , 64 bit Build 22000 (10.0.22000.1219)
Time: Sat Dec  3 09:04:08 2022 Hora Padrão de Buenos Aires elapsed time: 2.614495 seconds (0d 0h 0m 2s)

---------------  T H R E A D  ---------------

Current thread (0x000001660281d510):  JavaThread "C2 CompilerThread0" daemon [_thread_in_native, id=20448, stack(0x00000011e0100000,0x00000011e0200000)]


Current CompileTask:
C2:   2614 2212       4       org.objectweb.asm.ClassReader::readMethod (1066 bytes)

Stack: [0x00000011e0100000,0x00000011e0200000]
Native frames: (J=compiled Java code, j=interpreted, Vv=VM code, C=native code)
V  [jvm.dll+0x676b3a]
V  [jvm.dll+0x831444]
V  [jvm.dll+0x832bee]
V  [jvm.dll+0x833253]
V  [jvm.dll+0x244ce5]
V  [jvm.dll+0xabbac]
V  [jvm.dll+0xac17c]
V  [jvm.dll+0x362d02]
V  [jvm.dll+0x1bb2b2]
V  [jvm.dll+0x217ca9]
V  [jvm.dll+0x216f71]
V  [jvm.dll+0x1a343d]
V  [jvm.dll+0x22698a]
V  [jvm.dll+0x224ac5]
V  [jvm.dll+0x7e727b]
V  [jvm.dll+0x7e17ea]
V  [jvm.dll+0x6759e5]
C  [ucrtbase.dll+0x26c0c]
C  [KERNEL32.DLL+0x15550]
C  [ntdll.dll+0x485b]


---------------  P R O C E S S  ---------------

Threads class SMR info:
_java_thread_list=0x0000016604a82090, length=22, elements={
0x000001666c23eb90, 0x00000166001fdf60, 0x00000166027e3d70, 0x0000016602810310,
0x0000016602811470, 0x0000016602812020, 0x0000016602815320, 0x000001660281d510,
0x0000016602826f20, 0x0000016602830fc0, 0x00000166029a0b20, 0x00000166029b1860,
0x00000166029a1990, 0x00000166029a0650, 0x00000166029a2cd0, 0x00000166029a31a0,
0x00000166029a4010, 0x00000166029a2330, 0x00000166029a3670, 0x00000166029a3b40,
0x00000166029a0ff0, 0x00000166029a1e60
}

Java Threads: ( => current thread )
  0x000001666c23eb90 JavaThread "main" [_thread_blocked, id=22968, stack(0x00000011df800000,0x00000011df900000)]
  0x00000166001fdf60 JavaThread "Reference Handler" daemon [_thread_blocked, id=15412, stack(0x00000011dfb00000,0x00000011dfc00000)]
  0x00000166027e3d70 JavaThread "Finalizer" daemon [_thread_blocked, id=23968, stack(0x00000011dfc00000,0x00000011dfd00000)]
  0x0000016602810310 JavaThread "Signal Dispatcher" daemon [_thread_blocked, id=5396, stack(0x00000011dfd00000,0x00000011dfe00000)]
  0x0000016602811470 JavaThread "Attach Listener" daemon [_thread_blocked, id=16864, stack(0x00000011dfe00000,0x00000011dff00000)]
  0x0000016602812020 JavaThread "Service Thread" daemon [_thread_blocked, id=18812, stack(0x00000011dff00000,0x00000011e0000000)]
  0x0000016602815320 JavaThread "Monitor Deflation Thread" daemon [_thread_blocked, id=14820, stack(0x00000011e0000000,0x00000011e0100000)]
=>0x000001660281d510 JavaThread "C2 CompilerThread0" daemon [_thread_in_native, id=20448, stack(0x00000011e0100000,0x00000011e0200000)]
  0x0000016602826f20 JavaThread "C1 CompilerThread0" daemon [_thread_blocked, id=8256, stack(0x00000011e0200000,0x00000011e0300000)]
  0x0000016602830fc0 JavaThread "Sweeper thread" daemon [_thread_blocked, id=3868, stack(0x00000011e0300000,0x00000011e0400000)]
  0x00000166029a0b20 JavaThread "Common-Cleaner" daemon [_thread_blocked, id=20444, stack(0x00000011e0400000,0x00000011e0500000)]
  0x00000166029b1860 JavaThread "C2 CompilerThread1" daemon [_thread_blocked, id=21732, stack(0x00000011e0500000,0x00000011e0600000)]
  0x00000166029a1990 JavaThread "Notification Thread" daemon [_thread_blocked, id=16396, stack(0x00000011e0600000,0x00000011e0700000)]
  0x00000166029a0650 JavaThread "Active Thread: Equinox Container: b4a892ef-719d-46d2-87c0-642b562cf6d9" [_thread_blocked, id=20520, stack(0x00000011e0e00000,0x00000011e0f00000)]
  0x00000166029a2cd0 JavaThread "Framework Event Dispatcher: Equinox Container: b4a892ef-719d-46d2-87c0-642b562cf6d9" daemon [_thread_blocked, id=21452, stack(0x00000011e0f00000,0x00000011e1000000)]
  0x00000166029a31a0 JavaThread "Start Level: Equinox Container: b4a892ef-719d-46d2-87c0-642b562cf6d9" daemon [_thread_blocked, id=20884, stack(0x00000011e1000000,0x00000011e1100000)]
  0x00000166029a4010 JavaThread "SCR Component Actor" daemon [_thread_blocked, id=18024, stack(0x00000011e1100000,0x00000011e1200000)]
  0x00000166029a2330 JavaThread "SCR Component Registry" daemon [_thread_blocked, id=21000, stack(0x00000011e1300000,0x00000011e1400000)]
  0x00000166029a3670 JavaThread "Worker-JM" [_thread_blocked, id=19432, stack(0x00000011e1400000,0x00000011e1500000)]
  0x00000166029a3b40 JavaThread "Worker-0" [_thread_blocked, id=1464, stack(0x00000011e1500000,0x00000011e1600000)]
  0x00000166029a0ff0 JavaThread "Worker-1" [_thread_blocked, id=5664, stack(0x00000011e1600000,0x00000011e1700000)]
  0x00000166029a1e60 JavaThread "Java indexing" daemon [_thread_new, id=10312, stack(0x0000000000000000,0x0000000000000000)]

Other Threads:
  0x00000166001fafc0 VMThread "VM Thread" [stack: 0x00000011dfa00000,0x00000011dfb00000] [id=20000] _threads_hazard_ptr=0x0000016604a82090
  0x0000016602bce790 WatcherThread [stack: 0x00000011e0700000,0x00000011e0800000] [id=3520]
  0x000001666c2551c0 GCTaskThread "GC Thread#0" [stack: 0x00000011df900000,0x00000011dfa00000] [id=16556]
  0x00000166041eca00 GCTaskThread "GC Thread#1" [stack: 0x00000011e0800000,0x00000011e0900000] [id=14804]
  0x00000166034460e0 GCTaskThread "GC Thread#2" [stack: 0x00000011e0900000,0x00000011e0a00000] [id=21124]
  0x0000016603446390 GCTaskThread "GC Thread#3" [stack: 0x00000011e0a00000,0x00000011e0b00000] [id=16296]
  0x0000016602fb9880 GCTaskThread "GC Thread#4" [stack: 0x00000011e0b00000,0x00000011e0c00000] [id=13844]
  0x0000016602fb9b30 GCTaskThread "GC Thread#5" [stack: 0x00000011e0c00000,0x00000011e0d00000] [id=20484]
  0x0000016602fb9de0 GCTaskThread "GC Thread#6" [stack: 0x00000011e0d00000,0x00000011e0e00000] [id=9052]
  0x00000166043df450 GCTaskThread "GC Thread#7" [stack: 0x00000011e1200000,0x00000011e1300000] [id=24352]

Threads with active compile tasks:
C2 CompilerThread0     2640 2212       4       org.objectweb.asm.ClassReader::readMethod (1066 bytes)

VM state: not at safepoint (normal execution)

VM Mutex/Monitor currently owned by a thread:  ([mutex/lock_event])
[0x000001666c23c2a0] Compile_lock - owner thread: 0x00000166029a31a0

Heap address: 0x00000000c0000000, size: 1024 MB, Compressed Oops mode: 32-bit

CDS archive(s) not mapped
Compressed class space mapped at: 0x0000000100000000-0x0000000140000000, reserved size: 1073741824
Narrow klass base: 0x0000000000000000, Narrow klass shift: 3, Narrow klass range: 0x140000000

GC Precious Log:
 CPUs: 8 total, 8 available
 Memory: 8036M
 Large Page Support: Disabled
 NUMA Support: Disabled
 Compressed Oops: Enabled (32-bit)
 Alignments: Space 512K, Generation 512K, Heap 2M
 Heap Min Capacity: 100M
 Heap Initial Capacity: 100M
 Heap Max Capacity: 1G
 Pre-touch: Disabled
 Parallel Workers: 8

Heap:
 PSYoungGen      total 25600K, used 23223K [0x00000000eab00000, 0x00000000ec880000, 0x0000000100000000)
  eden space 25088K, 91% used [0x00000000eab00000,0x00000000ec15de60,0x00000000ec380000)
  from space 512K, 62% used [0x00000000ec400000,0x00000000ec450000,0x00000000ec480000)
  to   space 2048K, 0% used [0x00000000ec680000,0x00000000ec680000,0x00000000ec880000)
 ParOldGen       total 68608K, used 7398K [0x00000000c0000000, 0x00000000c4300000, 0x00000000eab00000)
  object space 68608K, 10% used [0x00000000c0000000,0x00000000c0739aa8,0x00000000c4300000)
 Metaspace       used 27139K, committed 27520K, reserved 1081344K
  class space    used 2615K, committed 2816K, reserved 1048576K

Card table byte_map: [0x000001666bc20000,0x000001666be30000] _byte_map_base: 0x000001666b620000

Marking Bits: (ParMarkBitMap*) 0x00007ffae2bc0dd0
 Begin Bits: [0x000001667ded0000, 0x000001667eed0000)
 End Bits:   [0x000001667eed0000, 0x000001667fed0000)

Polling page: 0x000001666ba10000

Metaspace:

Usage:
  Non-class:     23.95 MB used.
      Class:      2.55 MB used.
       Both:     26.50 MB used.

Virtual space:
  Non-class space:       32.00 MB reserved,      24.12 MB ( 75%) committed,  4 nodes.
      Class space:        1.00 GB reserved,       2.75 MB ( <1%) committed,  1 nodes.
             Both:        1.03 GB reserved,      26.88 MB (  3%) committed. 

Chunk freelists:
   Non-Class:  3.81 MB
       Class:  1.10 MB
        Both:  4.91 MB

MaxMetaspaceSize: unlimited
CompressedClassSpaceSize: 1.00 GB
Initial GC threshold: 21.00 MB
Current GC threshold: 35.00 MB
CDS: off
MetaspaceReclaimPolicy: balanced
 - commit_granule_bytes: 65536.
 - commit_granule_words: 8192.
 - virtual_space_node_default_size: 1048576.
 - enlarge_chunks_in_place: 1.
 - new_chunks_are_fully_committed: 0.
 - uncommit_free_chunks: 1.
 - use_allocation_guard: 0.
 - handle_deallocations: 1.


Internal statistics:

num_allocs_failed_limit: 3.
num_arena_births: 186.
num_arena_deaths: 14.
num_vsnodes_births: 5.
num_vsnodes_deaths: 0.
num_space_committed: 430.
num_space_uncommitted: 0.
num_chunks_returned_to_freelist: 17.
num_chunks_taken_from_freelist: 863.
num_chunk_merges: 7.
num_chunk_splits: 604.
num_chunks_enlarged: 465.
num_purges: 2.
num_inconsistent_stats: 0.

CodeHeap 'non-profiled nmethods': size=120000Kb used=946Kb max_used=946Kb free=119054Kb
 bounds [0x00000166769a0000, 0x0000016676c10000, 0x000001667ded0000]
CodeHeap 'profiled nmethods': size=120000Kb used=4596Kb max_used=4596Kb free=115403Kb
 bounds [0x000001666f470000, 0x000001666f8f0000, 0x00000166769a0000]
CodeHeap 'non-nmethods': size=5760Kb used=1229Kb max_used=1252Kb free=4530Kb
 bounds [0x000001666eed0000, 0x000001666f140000, 0x000001666f470000]
 total_blobs=2852 nmethods=2314 adapters=452
 compilation: enabled
              stopped_count=0, restarted_count=0
 full_count=0

Compilation events (20 events):
Event: 2.590 Thread 0x00000166029b1860 2296       4       java.util.Objects::checkFromIndexSize (8 bytes)
Event: 2.591 Thread 0x00000166029b1860 nmethod 2296 0x0000016676a89f10 code [0x0000016676a8a080, 0x0000016676a8a138]
Event: 2.602 Thread 0x00000166029b1860 2300 %     4       java.util.Properties$LineReader::readLine @ 53 (584 bytes)
Event: 2.605 Thread 0x0000016602826f20 2301       3       jdk.internal.org.objectweb.asm.Type::getDescriptor (93 bytes)
Event: 2.606 Thread 0x0000016602826f20 nmethod 2301 0x000001666f8e4210 code [0x000001666f8e4480, 0x000001666f8e4c08]
Event: 2.608 Thread 0x0000016602826f20 2302       3       java.lang.invoke.MemberName::isMethod (7 bytes)
Event: 2.608 Thread 0x0000016602826f20 nmethod 2302 0x000001666f8e4f10 code [0x000001666f8e50c0, 0x000001666f8e52f8]
Event: 2.608 Thread 0x0000016602826f20 2303       3       jdk.internal.org.objectweb.asm.MethodWriter::visitTypeInsn (116 bytes)
Event: 2.609 Thread 0x0000016602826f20 nmethod 2303 0x000001666f8e5410 code [0x000001666f8e5600, 0x000001666f8e5a08]
Event: 2.609 Thread 0x0000016602826f20 2305       3       java.lang.invoke.InvokerBytecodeGenerator::emitPushArgument (151 bytes)
Event: 2.610 Thread 0x0000016602826f20 nmethod 2305 0x000001666f8e5c10 code [0x000001666f8e5ee0, 0x000001666f8e6d68]
Event: 2.610 Thread 0x0000016602826f20 2306       3       java.lang.invoke.InvokerBytecodeGenerator::emitLoadInsn (21 bytes)
Event: 2.610 Thread 0x0000016602826f20 nmethod 2306 0x000001666f8e7190 code [0x000001666f8e7340, 0x000001666f8e7598]
Event: 2.610 Thread 0x0000016602826f20 2307       3       java.lang.invoke.InvokerBytecodeGenerator::loadInsnOpcode (98 bytes)
Event: 2.611 Thread 0x0000016602826f20 nmethod 2307 0x000001666f8e7710 code [0x000001666f8e7980, 0x000001666f8e8358]
Event: 2.611 Thread 0x0000016602826f20 2312       3       java.lang.invoke.LambdaForm$Name::isParam (13 bytes)
Event: 2.611 Thread 0x0000016602826f20 nmethod 2312 0x000001666f8e8690 code [0x000001666f8e8820, 0x000001666f8e8998]
Event: 2.611 Thread 0x0000016602826f20 2310       3       java.lang.invoke.LambdaForm$Name::<init> (44 bytes)
Event: 2.612 Thread 0x0000016602826f20 nmethod 2310 0x000001666f8e8a10 code [0x000001666f8e8c20, 0x000001666f8e91c8]
Event: 2.612 Thread 0x0000016602826f20 2311       3       java.lang.invoke.LambdaForm$NamedFunction::returnType (11 bytes)

GC Heap History (12 events):
Event: 0.867 GC heap before
{Heap before GC invocations=1 (full 0):
 PSYoungGen      total 29696K, used 25600K [0x00000000eab00000, 0x00000000ecc00000, 0x0000000100000000)
  eden space 25600K, 100% used [0x00000000eab00000,0x00000000ec400000,0x00000000ec400000)
  from space 4096K, 0% used [0x00000000ec800000,0x00000000ec800000,0x00000000ecc00000)
  to   space 4096K, 0% used [0x00000000ec400000,0x00000000ec400000,0x00000000ec800000)
 ParOldGen       total 68608K, used 0K [0x00000000c0000000, 0x00000000c4300000, 0x00000000eab00000)
  object space 68608K, 0% used [0x00000000c0000000,0x00000000c0000000,0x00000000c4300000)
 Metaspace       used 10932K, committed 11072K, reserved 1064960K
  class space    used 1087K, committed 1152K, reserved 1048576K
}
Event: 0.875 GC heap after
{Heap after GC invocations=1 (full 0):
 PSYoungGen      total 29696K, used 3688K [0x00000000eab00000, 0x00000000ecc00000, 0x0000000100000000)
  eden space 25600K, 0% used [0x00000000eab00000,0x00000000eab00000,0x00000000ec400000)
  from space 4096K, 90% used [0x00000000ec400000,0x00000000ec79a228,0x00000000ec800000)
  to   space 4096K, 0% used [0x00000000ec800000,0x00000000ec800000,0x00000000ecc00000)
 ParOldGen       total 68608K, used 16K [0x00000000c0000000, 0x00000000c4300000, 0x00000000eab00000)
  object space 68608K, 0% used [0x00000000c0000000,0x00000000c0004000,0x00000000c4300000)
 Metaspace       used 10932K, committed 11072K, reserved 1064960K
  class space    used 1087K, committed 1152K, reserved 1048576K
}
Event: 1.347 GC heap before
{Heap before GC invocations=2 (full 0):
 PSYoungGen      total 29696K, used 29288K [0x00000000eab00000, 0x00000000ecc00000, 0x0000000100000000)
  eden space 25600K, 100% used [0x00000000eab00000,0x00000000ec400000,0x00000000ec400000)
  from space 4096K, 90% used [0x00000000ec400000,0x00000000ec79a228,0x00000000ec800000)
  to   space 4096K, 0% used [0x00000000ec800000,0x00000000ec800000,0x00000000ecc00000)
 ParOldGen       total 68608K, used 16K [0x00000000c0000000, 0x00000000c4300000, 0x00000000eab00000)
  object space 68608K, 0% used [0x00000000c0000000,0x00000000c0004000,0x00000000c4300000)
 Metaspace       used 15317K, committed 15616K, reserved 1064960K
  class space    used 1558K, committed 1728K, reserved 1048576K
}
Event: 1.353 GC heap after
{Heap after GC invocations=2 (full 0):
 PSYoungGen      total 29696K, used 4093K [0x00000000eab00000, 0x00000000ecc00000, 0x0000000100000000)
  eden space 25600K, 0% used [0x00000000eab00000,0x00000000eab00000,0x00000000ec400000)
  from space 4096K, 99% used [0x00000000ec800000,0x00000000ecbff718,0x00000000ecc00000)
  to   space 4096K, 0% used [0x00000000ec400000,0x00000000ec400000,0x00000000ec800000)
 ParOldGen       total 68608K, used 1301K [0x00000000c0000000, 0x00000000c4300000, 0x00000000eab00000)
  object space 68608K, 1% used [0x00000000c0000000,0x00000000c01456f8,0x00000000c4300000)
 Metaspace       used 15317K, committed 15616K, reserved 1064960K
  class space    used 1558K, committed 1728K, reserved 1048576K
}
Event: 1.910 GC heap before
{Heap before GC invocations=3 (full 0):
 PSYoungGen      total 29696K, used 29692K [0x00000000eab00000, 0x00000000ecc00000, 0x0000000100000000)
  eden space 25600K, 99% used [0x00000000eab00000,0x00000000ec3ffc30,0x00000000ec400000)
  from space 4096K, 99% used [0x00000000ec800000,0x00000000ecbff718,0x00000000ecc00000)
  to   space 4096K, 0% used [0x00000000ec400000,0x00000000ec400000,0x00000000ec800000)
 ParOldGen       total 68608K, used 1301K [0x00000000c0000000, 0x00000000c4300000, 0x00000000eab00000)
  object space 68608K, 1% used [0x00000000c0000000,0x00000000c01456f8,0x00000000c4300000)
 Metaspace       used 20254K, committed 20672K, reserved 1073152K
  class space    used 2067K, committed 2240K, reserved 1048576K
}
Event: 1.913 GC heap after
{Heap after GC invocations=3 (full 0):
 PSYoungGen      total 29696K, used 4073K [0x00000000eab00000, 0x00000000ecc00000, 0x0000000100000000)
  eden space 25600K, 0% used [0x00000000eab00000,0x00000000eab00000,0x00000000ec400000)
  from space 4096K, 99% used [0x00000000ec400000,0x00000000ec7fa4c8,0x00000000ec800000)
  to   space 4096K, 0% used [0x00000000ec800000,0x00000000ec800000,0x00000000ecc00000)
 ParOldGen       total 68608K, used 3183K [0x00000000c0000000, 0x00000000c4300000, 0x00000000eab00000)
  object space 68608K, 4% used [0x00000000c0000000,0x00000000c031be50,0x00000000c4300000)
 Metaspace       used 20254K, committed 20672K, reserved 1073152K
  class space    used 2067K, committed 2240K, reserved 1048576K
}
Event: 1.986 GC heap before
{Heap before GC invocations=4 (full 0):
 PSYoungGen      total 29696K, used 9393K [0x00000000eab00000, 0x00000000ecc00000, 0x0000000100000000)
  eden space 25600K, 20% used [0x00000000eab00000,0x00000000eb031f98,0x00000000ec400000)
  from space 4096K, 99% used [0x00000000ec400000,0x00000000ec7fa4c8,0x00000000ec800000)
  to   space 4096K, 0% used [0x00000000ec800000,0x00000000ec800000,0x00000000ecc00000)
 ParOldGen       total 68608K, used 3183K [0x00000000c0000000, 0x00000000c4300000, 0x00000000eab00000)
  object space 68608K, 4% used [0x00000000c0000000,0x00000000c031be50,0x00000000c4300000)
 Metaspace       used 21106K, committed 21504K, reserved 1073152K
  class space    used 2153K, committed 2368K, reserved 1048576K
}
Event: 1.989 GC heap after
{Heap after GC invocations=4 (full 0):
 PSYoungGen      total 29696K, used 4079K [0x00000000eab00000, 0x00000000ecc00000, 0x0000000100000000)
  eden space 25600K, 0% used [0x00000000eab00000,0x00000000eab00000,0x00000000ec400000)
  from space 4096K, 99% used [0x00000000ec800000,0x00000000ecbfbd00,0x00000000ecc00000)
  to   space 4096K, 0% used [0x00000000ec400000,0x00000000ec400000,0x00000000ec800000)
 ParOldGen       total 68608K, used 3500K [0x00000000c0000000, 0x00000000c4300000, 0x00000000eab00000)
  object space 68608K, 5% used [0x00000000c0000000,0x00000000c036b048,0x00000000c4300000)
 Metaspace       used 21106K, committed 21504K, reserved 1073152K
  class space    used 2153K, committed 2368K, reserved 1048576K
}
Event: 1.990 GC heap before
{Heap before GC invocations=5 (full 1):
 PSYoungGen      total 29696K, used 4079K [0x00000000eab00000, 0x00000000ecc00000, 0x0000000100000000)
  eden space 25600K, 0% used [0x00000000eab00000,0x00000000eab00000,0x00000000ec400000)
  from space 4096K, 99% used [0x00000000ec800000,0x00000000ecbfbd00,0x00000000ecc00000)
  to   space 4096K, 0% used [0x00000000ec400000,0x00000000ec400000,0x00000000ec800000)
 ParOldGen       total 68608K, used 3500K [0x00000000c0000000, 0x00000000c4300000, 0x00000000eab00000)
  object space 68608K, 5% used [0x00000000c0000000,0x00000000c036b048,0x00000000c4300000)
 Metaspace       used 21106K, committed 21504K, reserved 1073152K
  class space    used 2153K, committed 2368K, reserved 1048576K
}
Event: 2.016 GC heap after
{Heap after GC invocations=5 (full 1):
 PSYoungGen      total 29696K, used 0K [0x00000000eab00000, 0x00000000ecc00000, 0x0000000100000000)
  eden space 25600K, 0% used [0x00000000eab00000,0x00000000eab00000,0x00000000ec400000)
  from space 4096K, 0% used [0x00000000ec800000,0x00000000ec800000,0x00000000ecc00000)
  to   space 4096K, 0% used [0x00000000ec400000,0x00000000ec400000,0x00000000ec800000)
 ParOldGen       total 68608K, used 7398K [0x00000000c0000000, 0x00000000c4300000, 0x00000000eab00000)
  object space 68608K, 10% used [0x00000000c0000000,0x00000000c0739aa8,0x00000000c4300000)
 Metaspace       used 21093K, committed 21504K, reserved 1073152K
  class space    used 2150K, committed 2368K, reserved 1048576K
}
Event: 2.255 GC heap before
{Heap before GC invocations=6 (full 1):
 PSYoungGen      total 29696K, used 25600K [0x00000000eab00000, 0x00000000ecc00000, 0x0000000100000000)
  eden space 25600K, 100% used [0x00000000eab00000,0x00000000ec400000,0x00000000ec400000)
  from space 4096K, 0% used [0x00000000ec800000,0x00000000ec800000,0x00000000ecc00000)
  to   space 4096K, 0% used [0x00000000ec400000,0x00000000ec400000,0x00000000ec800000)
 ParOldGen       total 68608K, used 7398K [0x00000000c0000000, 0x00000000c4300000, 0x00000000eab00000)
  object space 68608K, 10% used [0x00000000c0000000,0x00000000c0739aa8,0x00000000c4300000)
 Metaspace       used 24698K, committed 25152K, reserved 1073152K
  class space    used 2415K, committed 2624K, reserved 1048576K
}
Event: 2.256 GC heap after
{Heap after GC invocations=6 (full 1):
 PSYoungGen      total 25600K, used 320K [0x00000000eab00000, 0x00000000ec880000, 0x0000000100000000)
  eden space 25088K, 0% used [0x00000000eab00000,0x00000000eab00000,0x00000000ec380000)
  from space 512K, 62% used [0x00000000ec400000,0x00000000ec450000,0x00000000ec480000)
  to   space 2048K, 0% used [0x00000000ec680000,0x00000000ec680000,0x00000000ec880000)
 ParOldGen       total 68608K, used 7398K [0x00000000c0000000, 0x00000000c4300000, 0x00000000eab00000)
  object space 68608K, 10% used [0x00000000c0000000,0x00000000c0739aa8,0x00000000c4300000)
 Metaspace       used 24698K, committed 25152K, reserved 1073152K
  class space    used 2415K, committed 2624K, reserved 1048576K
}

Dll operation events (9 events):
Event: 0.011 Loaded shared library c:\Users\leona\.vscode\extensions\redhat.java-1.13.0-win32-x64\jre\17.0.5-win32-x86_64\bin\java.dll
Event: 0.208 Loaded shared library c:\Users\leona\.vscode\extensions\redhat.java-1.13.0-win32-x64\jre\17.0.5-win32-x86_64\bin\zip.dll
Event: 0.211 Loaded shared library C:\Users\leona\.vscode\extensions\redhat.java-1.13.0-win32-x64\jre\17.0.5-win32-x86_64\bin\instrument.dll
Event: 0.224 Loaded shared library C:\Users\leona\.vscode\extensions\redhat.java-1.13.0-win32-x64\jre\17.0.5-win32-x86_64\bin\net.dll
Event: 0.226 Loaded shared library C:\Users\leona\.vscode\extensions\redhat.java-1.13.0-win32-x64\jre\17.0.5-win32-x86_64\bin\nio.dll
Event: 0.238 Loaded shared library C:\Users\leona\.vscode\extensions\redhat.java-1.13.0-win32-x64\jre\17.0.5-win32-x86_64\bin\zip.dll
Event: 0.258 Loaded shared library C:\Users\leona\.vscode\extensions\redhat.java-1.13.0-win32-x64\jre\17.0.5-win32-x86_64\bin\jimage.dll
Event: 0.320 Loaded shared library c:\Users\leona\.vscode\extensions\redhat.java-1.13.0-win32-x64\jre\17.0.5-win32-x86_64\bin\verify.dll
Event: 1.248 Loaded shared library C:\Users\leona\AppData\Roaming\Code\User\globalStorage\redhat.java\1.13.0\config_ss_win\org.eclipse.equinox.launcher\org.eclipse.equinox.launcher.win32.win32.x86_64_1.2.600.v20220720-1916\eclipse_11700.dll

Deoptimization events (20 events):
Event: 2.479 Thread 0x00000166029a31a0 DEOPT PACKING pc=0x000001666f56409e sp=0x00000011e10f82e0
Event: 2.479 Thread 0x00000166029a31a0 DEOPT UNPACKING pc=0x000001666ef22843 sp=0x00000011e10f77d8 mode 0
Event: 2.539 Thread 0x00000166029a31a0 Uncommon trap: trap_request=0xffffff45 fr.pc=0x0000016676a857bc relative=0x000000000000097c
Event: 2.539 Thread 0x00000166029a31a0 Uncommon trap: reason=unstable_if action=reinterpret pc=0x0000016676a857bc method=java.util.Properties$LineReader.readLine()I @ 25 c2
Event: 2.539 Thread 0x00000166029a31a0 DEOPT PACKING pc=0x0000016676a857bc sp=0x00000011e10f90f0
Event: 2.539 Thread 0x00000166029a31a0 DEOPT UNPACKING pc=0x000001666ef220a3 sp=0x00000011e10f9090 mode 2
Event: 2.540 Thread 0x00000166029a31a0 Uncommon trap: trap_request=0xffffff76 fr.pc=0x0000016676a66760 relative=0x0000000000000e60
Event: 2.540 Thread 0x00000166029a31a0 Uncommon trap: reason=predicate action=maybe_recompile pc=0x0000016676a66760 method=java.util.Properties$LineReader.readLine()I @ 53 c2
Event: 2.540 Thread 0x00000166029a31a0 DEOPT PACKING pc=0x0000016676a66760 sp=0x00000011e10f90f0
Event: 2.540 Thread 0x00000166029a31a0 DEOPT UNPACKING pc=0x000001666ef220a3 sp=0x00000011e10f90a8 mode 2
Event: 2.542 Thread 0x00000166029a31a0 Uncommon trap: trap_request=0xffffff45 fr.pc=0x00000166769b211c relative=0x000000000000011c
Event: 2.542 Thread 0x00000166029a31a0 Uncommon trap: reason=unstable_if action=reinterpret pc=0x00000166769b211c method=java.lang.StringCoding.hasNegatives([BII)Z @ 12 c2
Event: 2.542 Thread 0x00000166029a31a0 DEOPT PACKING pc=0x00000166769b211c sp=0x00000011e10f8bc0
Event: 2.542 Thread 0x00000166029a31a0 DEOPT UNPACKING pc=0x000001666ef220a3 sp=0x00000011e10f8b68 mode 2
Event: 2.546 Thread 0x00000166029a31a0 DEOPT PACKING pc=0x000001666f8e1056 sp=0x00000011e10f8a50
Event: 2.546 Thread 0x00000166029a31a0 DEOPT UNPACKING pc=0x000001666ef22843 sp=0x00000011e10f7ef0 mode 0
Event: 2.547 Thread 0x00000166029a31a0 DEOPT PACKING pc=0x000001666f8e1056 sp=0x00000011e10f8a50
Event: 2.547 Thread 0x00000166029a31a0 DEOPT UNPACKING pc=0x000001666ef22843 sp=0x00000011e10f7ef0 mode 0
Event: 2.548 Thread 0x00000166029a31a0 DEOPT PACKING pc=0x000001666f8e1056 sp=0x00000011e10f8a50
Event: 2.548 Thread 0x00000166029a31a0 DEOPT UNPACKING pc=0x000001666ef22843 sp=0x00000011e10f7ef0 mode 0

Classes unloaded (7 events):
Event: 1.993 Thread 0x00000166001fafc0 Unloading class 0x0000000100216400 'java/lang/invoke/LambdaForm$MH+0x0000000100216400'
Event: 1.993 Thread 0x00000166001fafc0 Unloading class 0x0000000100216000 'java/lang/invoke/LambdaForm$MH+0x0000000100216000'
Event: 1.993 Thread 0x00000166001fafc0 Unloading class 0x0000000100215c00 'java/lang/invoke/LambdaForm$MH+0x0000000100215c00'
Event: 1.993 Thread 0x00000166001fafc0 Unloading class 0x0000000100215800 'java/lang/invoke/LambdaForm$MH+0x0000000100215800'
Event: 1.993 Thread 0x00000166001fafc0 Unloading class 0x0000000100215000 'java/lang/invoke/LambdaForm$BMH+0x0000000100215000'
Event: 1.993 Thread 0x00000166001fafc0 Unloading class 0x0000000100214c00 'java/lang/invoke/LambdaForm$DMH+0x0000000100214c00'
Event: 1.993 Thread 0x00000166001fafc0 Unloading class 0x0000000100212000 'java/lang/invoke/LambdaForm$DMH+0x0000000100212000'

Classes redefined (0 events):
No events

Internal exceptions (20 events):
Event: 1.566 Thread 0x00000166029a31a0 Exception <a 'java/lang/NullPointerException'{0x00000000eb365e30}> (0x00000000eb365e30) 
thrown [s\src\hotspot\share\interpreter\linkResolver.cpp, line 1350]
Event: 1.566 Thread 0x00000166029a31a0 Exception <a 'java/lang/NullPointerException'{0x00000000eb366658}> (0x00000000eb366658) 
thrown [s\src\hotspot\share\interpreter\linkResolver.cpp, line 1350]
Event: 1.616 Thread 0x00000166029a31a0 Exception <a 'java/lang/NoSuchMethodError'{0x00000000eb48a2a8}: 'java.lang.Object java.lang.invoke.Invokers$Holder.invokeExact_MT(java.lang.Object, java.lang.Object, java.lang.Object, java.lang.Object, java.lang.Object, java.lang.Object)'> (0x00000000eb48a2a8) 
thrown [s\src\hotspot\share\interpreter\linkResolver.cpp, line 759]
Event: 1.730 Thread 0x00000166029a31a0 Exception <a 'java/lang/NoSuchMethodError'{0x00000000eba28d88}: 'void java.lang.invoke.DirectMethodHandle$Holder.invokeInterface(java.lang.Object, java.lang.Object, java.lang.Object)'> (0x00000000eba28d88) 
thrown [s\src\hotspot\share\interpreter\linkResolver.cpp, line 759]
Event: 1.790 Thread 0x00000166029a31a0 Exception <a 'java/lang/NoSuchMethodError'{0x00000000ebdf6540}: 'java.lang.Object java.lang.invoke.DirectMethodHandle$Holder.invokeStatic(java.lang.Object, java.lang.Object, int)'> (0x00000000ebdf6540) 
thrown [s\src\hotspot\share\interpreter\linkResolver.cpp, line 759]
Event: 1.791 Thread 0x00000166029a31a0 Exception <a 'java/lang/NoSuchMethodError'{0x00000000ebdfb398}: 'void java.lang.invoke.DirectMethodHandle$Holder.invokeStatic(java.lang.Object, java.lang.Object, int, java.lang.Object)'> (0x00000000ebdfb398) 
thrown [s\src\hotspot\share\interpreter\linkResolver.cpp, line 759]
Event: 1.792 Thread 0x00000166029a31a0 Exception <a 'java/lang/NoSuchMethodError'{0x00000000ebe02d70}: 'void java.lang.invoke.DelegatingMethodHandle$Holder.delegate(java.lang.Object, java.lang.Object, int, java.lang.Object)'> (0x00000000ebe02d70) 
thrown [s\src\hotspot\share\interpreter\linkResolver.cpp, line 759]
Event: 1.793 Thread 0x00000166029a31a0 Exception <a 'java/lang/NoSuchMethodError'{0x00000000ebe07400}: 'int java.lang.invoke.DirectMethodHandle$Holder.invokeSpecial(java.lang.Object, java.lang.Object, java.lang.Object)'> (0x00000000ebe07400) 
thrown [s\src\hotspot\share\interpreter\linkResolver.cpp, line 759]
Event: 1.794 Thread 0x00000166029a31a0 Exception <a 'java/lang/NoSuchMethodError'{0x00000000ebe18e18}: 'int java.lang.invoke.DirectMethodHandle$Holder.invokeStatic(java.lang.Object, java.lang.Object, int)'> (0x00000000ebe18e18) 
thrown [s\src\hotspot\share\interpreter\linkResolver.cpp, line 759]
Event: 1.794 Thread 0x00000166029a31a0 Exception <a 'java/lang/NoSuchMethodError'{0x00000000ebe1d0e8}: 'int java.lang.invoke.DirectMethodHandle$Holder.invokeSpecial(java.lang.Object, java.lang.Object, java.lang.Object, int)'> (0x00000000ebe1d0e8) 
thrown [s\src\hotspot\share\interpreter\linkResolver.cpp, line 759]
Event: 1.796 Thread 0x00000166029a31a0 Exception <a 'java/lang/NoSuchMethodError'{0x00000000ebe38b88}: 'java.lang.Object java.lang.invoke.DirectMethodHandle$Holder.invokeStatic(java.lang.Object, java.lang.Object, java.lang.Object, java.lang.Object, int)'> (0x00000000ebe38b88) 
thrown [s\src\hotspot\share\interpreter\linkResolver.cpp, line 759]
Event: 1.799 Thread 0x00000166029a31a0 Exception <a 'java/lang/NoSuchMethodError'{0x00000000ebe451a8}: 'java.lang.Object java.lang.invoke.DelegatingMethodHandle$Holder.reinvoke_L(java.lang.Object, java.lang.Object, java.lang.Object, java.lang.Object, int, int)'> (0x00000000ebe451a8) 
thrown [s\src\hotspot\share\interpreter\linkResolver.cpp, line 759]
Event: 1.803 Thread 0x00000166029a31a0 Exception <a 'java/lang/NoSuchMethodError'{0x00000000ebe5d138}: 'java.lang.Object java.lang.invoke.Invokers$Holder.invokeExact_MT(java.lang.Object, java.lang.Object, java.lang.Object, java.lang.Object)'> (0x00000000ebe5d138) 
thrown [s\src\hotspot\share\interpreter\linkResolver.cpp, line 759]
Event: 1.952 Thread 0x00000166029a31a0 Exception <a 'java/lang/NoSuchMethodError'{0x00000000ead5d650}: 'int java.lang.invoke.DirectMethodHandle$Holder.invokeStaticInit(java.lang.Object, java.lang.Object, java.lang.Object)'> (0x00000000ead5d650) 
thrown [s\src\hotspot\share\interpreter\linkResolver.cpp, line 759]
Event: 1.959 Thread 0x00000166029a31a0 Exception <a 'java/lang/IncompatibleClassChangeError'{0x00000000eadce548}: Found class java.lang.Object, but interface was expected> (0x00000000eadce548) 
thrown [s\src\hotspot\share\interpreter\linkResolver.cpp, line 826]
Event: 1.981 Thread 0x00000166029a3b40 Exception <a 'java/io/FileNotFoundException'{0x00000000ead25480}> (0x00000000ead25480) 
thrown [s\src\hotspot\share\prims\jni.cpp, line 516]
Event: 2.537 Thread 0x00000166029a31a0 Exception <a 'java/lang/ClassNotFoundException'{0x00000000ebecb5c0}: com/sun/org/apache/xerces/internal/impl/msg/spi/DOMMessagesProvider> (0x00000000ebecb5c0) 
thrown [s\src\hotspot\share\classfile\systemDictionary.cpp, line 256]
Event: 2.540 Thread 0x00000166029a31a0 Implicit null exception at 0x0000016676a65a0d to 0x0000016676a66718
Event: 2.543 Thread 0x00000166029a31a0 Exception <a 'java/lang/ClassNotFoundException'{0x00000000ebf05d78}: com/sun/org/apache/xerces/internal/impl/msg/spi/XMLSerializerMessagesProvider> (0x00000000ebf05d78) 
thrown [s\src\hotspot\share\classfile\systemDictionary.cpp, line 256]
Event: 2.545 Thread 0x00000166029a31a0 Exception <a 'java/lang/ClassNotFoundException'{0x00000000ebf1e070}: com/sun/org/apache/xerces/internal/impl/msg/spi/XMLMessagesProvider> (0x00000000ebf1e070) 
thrown [s\src\hotspot\share\classfile\systemDictionary.cpp, line 256]

VM Operations (20 events):
Event: 1.297 Executing VM operation: HandshakeAllThreads
Event: 1.297 Executing VM operation: HandshakeAllThreads done
Event: 1.347 Executing VM operation: ParallelGCFailedAllocation
Event: 1.353 Executing VM operation: ParallelGCFailedAllocation done
Event: 1.682 Executing VM operation: HandshakeAllThreads
Event: 1.682 Executing VM operation: HandshakeAllThreads done
Event: 1.702 Executing VM operation: HandshakeAllThreads
Event: 1.702 Executing VM operation: HandshakeAllThreads done
Event: 1.706 Executing VM operation: HandshakeAllThreads
Event: 1.706 Executing VM operation: HandshakeAllThreads done
Event: 1.790 Executing VM operation: HandshakeAllThreads
Event: 1.790 Executing VM operation: HandshakeAllThreads done
Event: 1.910 Executing VM operation: ParallelGCFailedAllocation
Event: 1.913 Executing VM operation: ParallelGCFailedAllocation done
Event: 1.975 Executing VM operation: HandshakeAllThreads
Event: 1.975 Executing VM operation: HandshakeAllThreads done
Event: 1.986 Executing VM operation: CollectForMetadataAllocation
Event: 2.017 Executing VM operation: CollectForMetadataAllocation done
Event: 2.255 Executing VM operation: ParallelGCFailedAllocation
Event: 2.256 Executing VM operation: ParallelGCFailedAllocation done

Events (20 events):
Event: 2.544 loading class com/sun/org/apache/xerces/internal/impl/msg/XMLSerializerMessages_pt
Event: 2.544 loading class com/sun/org/apache/xerces/internal/impl/msg/XMLSerializerMessages_pt done
Event: 2.544 loading class com/sun/org/apache/xerces/internal/impl/msg/XMLSerializerMessages_pt
Event: 2.544 loading class com/sun/org/apache/xerces/internal/impl/msg/XMLSerializerMessages_pt done
Event: 2.544 loading class com/sun/org/apache/xerces/internal/impl/msg/XMLSerializerMessages_pt_BR
Event: 2.544 loading class com/sun/org/apache/xerces/internal/impl/msg/XMLSerializerMessages_pt_BR done
Event: 2.544 loading class com/sun/org/apache/xerces/internal/impl/msg/XMLSerializerMessages_pt_BR
Event: 2.544 loading class com/sun/org/apache/xerces/internal/impl/msg/XMLSerializerMessages_pt_BR done
Event: 2.545 loading class com/sun/org/apache/xerces/internal/impl/msg/XMLMessages
Event: 2.545 loading class com/sun/org/apache/xerces/internal/impl/msg/XMLMessages done
Event: 2.545 loading class com/sun/org/apache/xerces/internal/impl/msg/XMLMessages
Event: 2.545 loading class com/sun/org/apache/xerces/internal/impl/msg/XMLMessages done
Event: 2.549 loading class com/sun/org/apache/xerces/internal/impl/msg/XMLMessages_pt
Event: 2.549 loading class com/sun/org/apache/xerces/internal/impl/msg/XMLMessages_pt done
Event: 2.549 loading class com/sun/org/apache/xerces/internal/impl/msg/XMLMessages_pt
Event: 2.549 loading class com/sun/org/apache/xerces/internal/impl/msg/XMLMessages_pt done
Event: 2.601 loading class com/sun/org/apache/xerces/internal/impl/msg/XMLMessages_pt_BR
Event: 2.601 loading class com/sun/org/apache/xerces/internal/impl/msg/XMLMessages_pt_BR done
Event: 2.601 loading class com/sun/org/apache/xerces/internal/impl/msg/XMLMessages_pt_BR
Event: 2.601 loading class com/sun/org/apache/xerces/internal/impl/msg/XMLMessages_pt_BR done


Dynamic libraries:
0x00007ff650210000 - 0x00007ff65021e000 	c:\Users\leona\.vscode\extensions\redhat.java-1.13.0-win32-x64\jre\17.0.5-win32-x86_64\bin\java.exe
0x00007ffb40b60000 - 0x00007ffb40d69000 	C:\WINDOWS\SYSTEM32\ntdll.dll
0x00007ffb3fd50000 - 0x00007ffb3fe0e000 	C:\WINDOWS\System32\KERNEL32.DLL
0x00007ffb3e410000 - 0x00007ffb3e78b000 	C:\WINDOWS\System32\KERNELBASE.dll
0x00007ffb3e790000 - 0x00007ffb3e8a1000 	C:\WINDOWS\System32\ucrtbase.dll
0x00007ffb29c70000 - 0x00007ffb29c89000 	c:\Users\leona\.vscode\extensions\redhat.java-1.13.0-win32-x64\jre\17.0.5-win32-x86_64\bin\VCRUNTIME140.dll
0x00007ffb29b30000 - 0x00007ffb29b47000 	c:\Users\leona\.vscode\extensions\redhat.java-1.13.0-win32-x64\jre\17.0.5-win32-x86_64\bin\jli.dll
0x00007ffb3f6c0000 - 0x00007ffb3f86d000 	C:\WINDOWS\System32\USER32.dll
0x00007ffb232f0000 - 0x00007ffb23595000 	C:\WINDOWS\WinSxS\amd64_microsoft.windows.common-controls_6595b64144ccf1df_6.0.22000.120_none_9d947278b86cc467\COMCTL32.dll
0x00007ffb3e030000 - 0x00007ffb3e056000 	C:\WINDOWS\System32\win32u.dll
0x00007ffb3f540000 - 0x00007ffb3f5e3000 	C:\WINDOWS\System32\msvcrt.dll
0x00007ffb40470000 - 0x00007ffb40499000 	C:\WINDOWS\System32\GDI32.dll
0x00007ffb3e270000 - 0x00007ffb3e388000 	C:\WINDOWS\System32\gdi32full.dll
0x00007ffb3e1d0000 - 0x00007ffb3e26d000 	C:\WINDOWS\System32\msvcp_win.dll
0x00007ffb40430000 - 0x00007ffb40462000 	C:\WINDOWS\System32\IMM32.DLL
0x00007ffb38c00000 - 0x00007ffb38c0c000 	c:\Users\leona\.vscode\extensions\redhat.java-1.13.0-win32-x64\jre\17.0.5-win32-x86_64\bin\vcruntime140_1.dll
0x00007ffb15a90000 - 0x00007ffb15b21000 	c:\Users\leona\.vscode\extensions\redhat.java-1.13.0-win32-x64\jre\17.0.5-win32-x86_64\bin\msvcp140.dll
0x00007ffae2040000 - 0x00007ffae2c84000 	c:\Users\leona\.vscode\extensions\redhat.java-1.13.0-win32-x64\jre\17.0.5-win32-x86_64\bin\server\jvm.dll
0x00007ffb3f340000 - 0x00007ffb3f3ee000 	C:\WINDOWS\System32\ADVAPI32.dll
0x00007ffb3f610000 - 0x00007ffb3f6ae000 	C:\WINDOWS\System32\sechost.dll
0x00007ffb40840000 - 0x00007ffb40960000 	C:\WINDOWS\System32\RPCRT4.dll
0x00007ffb39d20000 - 0x00007ffb39d29000 	C:\WINDOWS\SYSTEM32\WSOCK32.dll
0x00007ffb36d70000 - 0x00007ffb36d7a000 	C:\WINDOWS\SYSTEM32\VERSION.dll
0x00007ffb3fe10000 - 0x00007ffb3fe7f000 	C:\WINDOWS\System32\WS2_32.dll
0x00007ffb372f0000 - 0x00007ffb37323000 	C:\WINDOWS\SYSTEM32\WINMM.dll
0x00007ffb3d1a0000 - 0x00007ffb3d1b8000 	C:\WINDOWS\SYSTEM32\kernel.appcore.dll
0x00007ffb37380000 - 0x00007ffb3738a000 	c:\Users\leona\.vscode\extensions\redhat.java-1.13.0-win32-x64\jre\17.0.5-win32-x86_64\bin\jimage.dll
0x00007ffb3baf0000 - 0x00007ffb3bd11000 	C:\WINDOWS\SYSTEM32\DBGHELP.DLL
0x00007ffb30b30000 - 0x00007ffb30b61000 	C:\WINDOWS\SYSTEM32\dbgcore.DLL
0x00007ffb3e390000 - 0x00007ffb3e40f000 	C:\WINDOWS\System32\bcryptPrimitives.dll
0x00007ffb29b90000 - 0x00007ffb29b9e000 	c:\Users\leona\.vscode\extensions\redhat.java-1.13.0-win32-x64\jre\17.0.5-win32-x86_64\bin\instrument.dll
0x00007ffb29950000 - 0x00007ffb29975000 	c:\Users\leona\.vscode\extensions\redhat.java-1.13.0-win32-x64\jre\17.0.5-win32-x86_64\bin\java.dll
0x00007ffb29880000 - 0x00007ffb29898000 	c:\Users\leona\.vscode\extensions\redhat.java-1.13.0-win32-x64\jre\17.0.5-win32-x86_64\bin\zip.dll
0x00007ffb3e9e0000 - 0x00007ffb3f198000 	C:\WINDOWS\System32\SHELL32.dll
0x00007ffb3c130000 - 0x00007ffb3c995000 	C:\WINDOWS\SYSTEM32\windows.storage.dll
0x00007ffb40050000 - 0x00007ffb403c8000 	C:\WINDOWS\System32\combase.dll
0x00007ffb3bfc0000 - 0x00007ffb3c126000 	C:\WINDOWS\SYSTEM32\wintypes.dll
0x00007ffb3fe80000 - 0x00007ffb3ff6a000 	C:\WINDOWS\System32\SHCORE.dll
0x00007ffb40620000 - 0x00007ffb4067d000 	C:\WINDOWS\System32\shlwapi.dll
0x00007ffb3df60000 - 0x00007ffb3df81000 	C:\WINDOWS\SYSTEM32\profapi.dll
0x00007ffb29860000 - 0x00007ffb29879000 	C:\Users\leona\.vscode\extensions\redhat.java-1.13.0-win32-x64\jre\17.0.5-win32-x86_64\bin\net.dll
0x00007ffb386d0000 - 0x00007ffb387e4000 	C:\WINDOWS\SYSTEM32\WINHTTP.dll
0x00007ffb3d640000 - 0x00007ffb3d6a7000 	C:\WINDOWS\system32\mswsock.dll
0x00007ffb296b0000 - 0x00007ffb296c5000 	C:\Users\leona\.vscode\extensions\redhat.java-1.13.0-win32-x64\jre\17.0.5-win32-x86_64\bin\nio.dll
0x00007ffb29150000 - 0x00007ffb29160000 	c:\Users\leona\.vscode\extensions\redhat.java-1.13.0-win32-x64\jre\17.0.5-win32-x86_64\bin\verify.dll
0x00007ffb29b50000 - 0x00007ffb29b8e000 	C:\Users\leona\AppData\Roaming\Code\User\globalStorage\redhat.java\1.13.0\config_ss_win\org.eclipse.equinox.launcher\org.eclipse.equinox.launcher.win32.win32.x86_64_1.2.600.v20220720-1916\eclipse_11700.dll
0x00007ffb40680000 - 0x00007ffb4081a000 	C:\WINDOWS\System32\ole32.dll

dbghelp: loaded successfully - version: 4.0.5 - missing functions: none
symbol engine: initialized successfully - sym options: 0x614 - pdb path: .;c:\Users\leona\.vscode\extensions\redhat.java-1.13.0-win32-x64\jre\17.0.5-win32-x86_64\bin;C:\WINDOWS\SYSTEM32;C:\WINDOWS\WinSxS\amd64_microsoft.windows.common-controls_6595b64144ccf1df_6.0.22000.120_none_9d947278b86cc467;c:\Users\leona\.vscode\extensions\redhat.java-1.13.0-win32-x64\jre\17.0.5-win32-x86_64\bin\server;C:\Users\leona\AppData\Roaming\Code\User\globalStorage\redhat.java\1.13.0\config_ss_win\org.eclipse.equinox.launcher\org.eclipse.equinox.launcher.win32.win32.x86_64_1.2.600.v20220720-1916

VM Arguments:
jvm_args: --add-modules=ALL-SYSTEM --add-opens=java.base/java.util=ALL-UNNAMED --add-opens=java.base/java.lang=ALL-UNNAMED --add-opens=java.base/sun.nio.fs=ALL-UNNAMED -Declipse.application=org.eclipse.jdt.ls.core.id1 -Dosgi.bundles.defaultStartLevel=4 -Declipse.product=org.eclipse.jdt.ls.core.product -Djava.import.generatesMetadataFilesAtProjectRoot=false -Dfile.encoding=utf8 -XX:+UseParallelGC -XX:GCTimeRatio=4 -XX:AdaptiveSizePolicyWeight=90 -Dsun.zip.disableMemoryMapping=true -Xmx1G -Xms100m -Xlog:disable -javaagent:c:\Users\leona\.vscode\extensions\redhat.java-1.13.0-win32-x64\lombok\lombok-1.18.24.jar 
java_command: c:\Users\leona\.vscode\extensions\redhat.java-1.13.0-win32-x64\server\plugins\org.eclipse.equinox.launcher_1.6.400.v20210924-0641.jar -configuration c:\Users\leona\AppData\Roaming\Code\User\globalStorage\redhat.java\1.13.0\config_ss_win -data c:\Users\leona\AppData\Roaming\Code\User\workspaceStorage\4d6941cea85bad1641a17aee31ef6769\redhat.java\ss_ws
java_class_path (initial): c:\Users\leona\.vscode\extensions\redhat.java-1.13.0-win32-x64\server\plugins\org.eclipse.equinox.launcher_1.6.400.v20210924-0641.jar
Launcher Type: SUN_STANDARD

[Global flags]
    uintx AdaptiveSizePolicyWeight                 = 90                                        {product} {command line}
     intx CICompilerCount                          = 4                                         {product} {ergonomic}
    uintx GCTimeRatio                              = 4                                         {product} {command line}
   size_t InitialHeapSize                          = 104857600                                 {product} {command line}
   size_t MaxHeapSize                              = 1073741824                                {product} {command line}
   size_t MaxNewSize                               = 357564416                                 {product} {ergonomic}
   size_t MinHeapDeltaBytes                        = 524288                                    {product} {ergonomic}
   size_t MinHeapSize                              = 104857600                                 {product} {command line}
   size_t NewSize                                  = 34603008                                  {product} {ergonomic}
    uintx NonNMethodCodeHeapSize                   = 5839372                                {pd product} {ergonomic}
    uintx NonProfiledCodeHeapSize                  = 122909434                              {pd product} {ergonomic}
   size_t OldSize                                  = 70254592                                  {product} {ergonomic}
    uintx ProfiledCodeHeapSize                     = 122909434                              {pd product} {ergonomic}
    uintx ReservedCodeCacheSize                    = 251658240                              {pd product} {ergonomic}
     bool SegmentedCodeCache                       = true                                      {product} {ergonomic}
   size_t SoftMaxHeapSize                          = 1073741824                             {manageable} {ergonomic}
     bool UseCompressedClassPointers               = true                           {product lp64_product} {ergonomic}
     bool UseCompressedOops                        = true                           {product lp64_product} {ergonomic}
     bool UseLargePagesIndividualAllocation        = false                                  {pd product} {ergonomic}
     bool UseParallelGC                            = true                                      {product} {command line}

Logging:
Log output configuration:
 #0: stdout all=off uptime,level,tags
 #1: stderr all=off uptime,level,tags

Environment Variables:
JAVA_HOME=D:\Java\jdk-19.0.1
PATH=C:\Windows\system32;C:\Windows;C:\Windows\System32\Wbem;C:\Windows\System32\WindowsPowerShell\v1.0\;C:\Windows\System32\OpenSSH\;C:\Program Files (x86)\NVIDIA Corporation\PhysX\Common;C:\WINDOWS\system32;C:\WINDOWS;C:\WINDOWS\System32\Wbem;C:\WINDOWS\System32\WindowsPowerShell\v1.0\;C:\WINDOWS\System32\OpenSSH\;C:\WINDOWS\system32;C:\WINDOWS;C:\WINDOWS\System32\Wbem;C:\WINDOWS\System32\WindowsPowerShell\v1.0\;C:\WINDOWS\System32\OpenSSH\;D:\Git\cmd;C:\Program Files\NVIDIA Corporation\NVIDIA NvDLISR;D:\Java\jdk-19.0.1\bin;C:\Users\leona\AppData\Local\Microsoft\WindowsApps;;D:\Microsoft VS Code\bin
USERNAME=leona
OS=Windows_NT
PROCESSOR_IDENTIFIER=Intel64 Family 6 Model 158 Stepping 10, GenuineIntel
TMP=C:\Users\leona\AppData\Local\Temp
TEMP=C:\Users\leona\AppData\Local\Temp



---------------  S Y S T E M  ---------------

OS:
 Windows 11 , 64 bit Build 22000 (10.0.22000.1219)
OS uptime: 3 days 19:38 hours

CPU: total 8 (initial active 8) (4 cores per cpu, 2 threads per core) family 6 model 158 stepping 10 microcode 0xde, cx8, cmov, fxsr, ht, mmx, 3dnowpref, sse, sse2, sse3, ssse3, sse4.1, sse4.2, popcnt, lzcnt, tsc, tscinvbit, avx, avx2, aes, erms, clmul, bmi1, bmi2, adx, fma, vzeroupper, clflush, clflushopt

Memory: 4k page, system-wide physical 8036M (377M free)
TotalPageFile size 20662M (AvailPageFile size 3M)
current process WorkingSet (physical memory assigned to process): 123M, peak: 124M
current process commit charge ("private bytes"): 231M, peak: 232M

vm_info: OpenJDK 64-Bit Server VM (17.0.5+8) for windows-amd64 JRE (17.0.5+8), built on Oct 19 2022 04:48:13 by "temurin" with MS VC++ 16.7 (VS2019)

END.
