#
# There is insufficient memory for the Java Runtime Environment to continue.
# Native memory allocation (malloc) failed to allocate 985616 bytes for Chunk::new
# Possible reasons:
#   The system is out of physical RAM or swap space
#   The process is running with CompressedOops enabled, and the Java Heap may be blocking the growth of the native heap
# Possible solutions:
#   Reduce memory load on the system
#   Increase physical memory or swap space
#   Check if swap backing store is full
#   Decrease Java heap size (-Xmx/-Xms)
#   Decrease number of Java threads
#   Decrease Java thread stack sizes (-Xss)
#   Set larger code cache with -XX:ReservedCodeCacheSize=
#   JVM is running with Unscaled Compressed Oops mode in which the Java heap is
#     placed in the first 4GB address space. The Java Heap base address is the
#     maximum limit for the native heap growth. Please use -XX:HeapBaseMinAddress
#     to set the Java Heap base and to place the Java Heap above 4GB virtual address.
# This output file may be truncated or incomplete.
#
#  Out of Memory Error (arena.cpp:189), pid=16660, tid=15700
#
# JRE version: OpenJDK Runtime Environment Temurin-17.0.5+8 (17.0.5+8) (build 17.0.5+8)
# Java VM: OpenJDK 64-Bit Server VM Temurin-17.0.5+8 (17.0.5+8, mixed mode, tiered, compressed oops, compressed class ptrs, parallel gc, windows-amd64)
# No core dump will be written. Minidumps are not enabled by default on client versions of Windows
#

---------------  S U M M A R Y ------------

Command Line: --add-modules=ALL-SYSTEM --add-opens=java.base/java.util=ALL-UNNAMED --add-opens=java.base/java.lang=ALL-UNNAMED --add-opens=java.base/sun.nio.fs=ALL-UNNAMED -Declipse.application=org.eclipse.jdt.ls.core.id1 -Dosgi.bundles.defaultStartLevel=4 -Declipse.product=org.eclipse.jdt.ls.core.product -Djava.import.generatesMetadataFilesAtProjectRoot=false -Dfile.encoding=utf8 -XX:+UseParallelGC -XX:GCTimeRatio=4 -XX:AdaptiveSizePolicyWeight=90 -Dsun.zip.disableMemoryMapping=true -Xmx1G -Xms100m -Xlog:disable -javaagent:c:\Users\leona\.vscode\extensions\redhat.java-1.13.0-win32-x64\lombok\lombok-1.18.24.jar c:\Users\leona\.vscode\extensions\redhat.java-1.13.0-win32-x64\server\plugins\org.eclipse.equinox.launcher_1.6.400.v20210924-0641.jar -configuration c:\Users\leona\AppData\Roaming\Code\User\globalStorage\redhat.java\1.13.0\config_ss_win -data c:\Users\leona\AppData\Roaming\Code\User\workspaceStorage\4d6941cea85bad1641a17aee31ef6769\redhat.java\ss_ws

Host: Intel(R) Core(TM) i5-9300H CPU @ 2.40GHz, 8 cores, 7G,  Windows 11 , 64 bit Build 22000 (10.0.22000.1219)
Time: Sat Dec  3 09:06:56 2022 Hora Padrão de Buenos Aires elapsed time: 8.671441 seconds (0d 0h 0m 8s)

---------------  T H R E A D  ---------------

Current thread (0x0000019734ff2b30):  JavaThread "C2 CompilerThread0" daemon [_thread_in_native, id=15700, stack(0x0000001419f00000,0x000000141a000000)]


Current CompileTask:
C2:   8671 4357       4       org.objectweb.asm.ClassReader::readMethod (1066 bytes)

Stack: [0x0000001419f00000,0x000000141a000000]
Native frames: (J=compiled Java code, j=interpreted, Vv=VM code, C=native code)
V  [jvm.dll+0x676b3a]
V  [jvm.dll+0x831444]
V  [jvm.dll+0x832bee]
V  [jvm.dll+0x833253]
V  [jvm.dll+0x244ce5]
V  [jvm.dll+0xabbac]
V  [jvm.dll+0xac17c]
V  [jvm.dll+0x2abd2f]
V  [jvm.dll+0x57d517]
V  [jvm.dll+0x21fd72]
V  [jvm.dll+0x22014f]
V  [jvm.dll+0x2199a5]
V  [jvm.dll+0x216e6b]
V  [jvm.dll+0x1a343d]
V  [jvm.dll+0x22698a]
V  [jvm.dll+0x224ac5]
V  [jvm.dll+0x7e727b]
V  [jvm.dll+0x7e17ea]
V  [jvm.dll+0x6759e5]
C  [ucrtbase.dll+0x26c0c]
C  [KERNEL32.DLL+0x15550]
C  [ntdll.dll+0x485b]


---------------  P R O C E S S  ---------------

Threads class SMR info:
_java_thread_list=0x00000197395e10e0, length=28, elements={
0x000001971eb7ee20, 0x0000019732a0e2f0, 0x0000019734fb4910, 0x0000019734fcf400,
0x0000019734fe86e0, 0x0000019734fe9190, 0x0000019734fe9b40, 0x0000019734ff2b30,
0x000001973500b120, 0x00000197350146d0, 0x0000019735197a80, 0x0000019735196740,
0x00000197351958d0, 0x0000019735195da0, 0x0000019735194f30, 0x0000019735196c10,
0x0000019735197f50, 0x0000019735198420, 0x0000019735195400, 0x0000019735194a60,
0x0000019736f76b30, 0x0000019736f7b360, 0x0000019736f76190, 0x0000019736f7a9c0,
0x0000019736f7ae90, 0x0000019736f7d040, 0x0000019735a33e60, 0x0000019735a7bc80
}

Java Threads: ( => current thread )
  0x000001971eb7ee20 JavaThread "main" [_thread_blocked, id=19088, stack(0x0000001419500000,0x0000001419600000)]
  0x0000019732a0e2f0 JavaThread "Reference Handler" daemon [_thread_blocked, id=16352, stack(0x0000001419900000,0x0000001419a00000)]
  0x0000019734fb4910 JavaThread "Finalizer" daemon [_thread_blocked, id=17920, stack(0x0000001419a00000,0x0000001419b00000)]
  0x0000019734fcf400 JavaThread "Signal Dispatcher" daemon [_thread_blocked, id=13544, stack(0x0000001419b00000,0x0000001419c00000)]
  0x0000019734fe86e0 JavaThread "Attach Listener" daemon [_thread_blocked, id=2304, stack(0x0000001419c00000,0x0000001419d00000)]
  0x0000019734fe9190 JavaThread "Service Thread" daemon [_thread_blocked, id=20280, stack(0x0000001419d00000,0x0000001419e00000)]
  0x0000019734fe9b40 JavaThread "Monitor Deflation Thread" daemon [_thread_blocked, id=21984, stack(0x0000001419e00000,0x0000001419f00000)]
=>0x0000019734ff2b30 JavaThread "C2 CompilerThread0" daemon [_thread_in_native, id=15700, stack(0x0000001419f00000,0x000000141a000000)]
  0x000001973500b120 JavaThread "C1 CompilerThread0" daemon [_thread_blocked, id=14092, stack(0x000000141a000000,0x000000141a100000)]
  0x00000197350146d0 JavaThread "Sweeper thread" daemon [_thread_blocked, id=1912, stack(0x000000141a100000,0x000000141a200000)]
  0x0000019735197a80 JavaThread "Common-Cleaner" daemon [_thread_blocked, id=21704, stack(0x000000141a200000,0x000000141a300000)]
  0x0000019735196740 JavaThread "Notification Thread" daemon [_thread_blocked, id=24072, stack(0x000000141a300000,0x000000141a400000)]
  0x00000197351958d0 JavaThread "Active Thread: Equinox Container: 64a2a818-2f41-4d5f-afb5-62572938d172" [_thread_blocked, id=18288, stack(0x000000141ac00000,0x000000141ad00000)]
  0x0000019735195da0 JavaThread "Framework Event Dispatcher: Equinox Container: 64a2a818-2f41-4d5f-afb5-62572938d172" daemon [_thread_blocked, id=24268, stack(0x000000141ad00000,0x000000141ae00000)]
  0x0000019735194f30 JavaThread "Start Level: Equinox Container: 64a2a818-2f41-4d5f-afb5-62572938d172" daemon [_thread_blocked, id=12192, stack(0x000000141ae00000,0x000000141af00000)]
  0x0000019735196c10 JavaThread "SCR Component Actor" daemon [_thread_blocked, id=13844, stack(0x000000141af00000,0x000000141b000000)]
  0x0000019735197f50 JavaThread "Worker-JM" [_thread_blocked, id=15536, stack(0x000000141b200000,0x000000141b300000)]
  0x0000019735198420 JavaThread "Worker-0" [_thread_blocked, id=24456, stack(0x000000141b300000,0x000000141b400000)]
  0x0000019735195400 JavaThread "Worker-1" [_thread_blocked, id=24080, stack(0x000000141b400000,0x000000141b500000)]
  0x0000019735194a60 JavaThread "Worker-2" [_thread_blocked, id=6688, stack(0x000000141b500000,0x000000141b600000)]
  0x0000019736f76b30 JavaThread "JNA Cleaner" daemon [_thread_blocked, id=9196, stack(0x000000141b700000,0x000000141b800000)]
  0x0000019736f7b360 JavaThread "pool-2-thread-1" [_thread_blocked, id=23660, stack(0x000000141b600000,0x000000141b700000)]
  0x0000019736f76190 JavaThread "pool-1-thread-1" [_thread_in_native, id=18672, stack(0x000000141b800000,0x000000141b900000)]
  0x0000019736f7a9c0 JavaThread "ForkJoinPool.commonPool-worker-1" daemon [_thread_blocked, id=8092, stack(0x000000141b900000,0x000000141ba00000)]
  0x0000019736f7ae90 JavaThread "ForkJoinPool.commonPool-worker-2" daemon [_thread_blocked, id=7120, stack(0x000000141ba00000,0x000000141bb00000)]
  0x0000019736f7d040 JavaThread "ForkJoinPool.commonPool-worker-3" daemon [_thread_blocked, id=4908, stack(0x000000141bb00000,0x000000141bc00000)]
  0x0000019735a33e60 JavaThread "C2 CompilerThread1" daemon [_thread_in_native, id=1764, stack(0x000000141a500000,0x000000141a600000)]
  0x0000019735a7bc80 JavaThread "C2 CompilerThread2" daemon [_thread_in_native, id=5152, stack(0x000000141bc00000,0x000000141bd00000)]

Other Threads:
  0x000001971ec4e820 VMThread "VM Thread" [stack: 0x0000001419800000,0x0000001419900000] [id=10276]
  0x00000197354e8b30 WatcherThread [stack: 0x000000141a400000,0x000000141a500000] [id=6836]
  0x000001971eb95450 GCTaskThread "GC Thread#0" [stack: 0x0000001419700000,0x0000001419800000] [id=21424]
  0x0000019735b1eb90 GCTaskThread "GC Thread#1" [stack: 0x000000141a600000,0x000000141a700000] [id=17032]
  0x0000019735884f00 GCTaskThread "GC Thread#2" [stack: 0x000000141a700000,0x000000141a800000] [id=16140]
  0x0000019735c9e2c0 GCTaskThread "GC Thread#3" [stack: 0x000000141a800000,0x000000141a900000] [id=1076]
  0x0000019735c9e570 GCTaskThread "GC Thread#4" [stack: 0x000000141a900000,0x000000141aa00000] [id=20488]
  0x0000019735c9e820 GCTaskThread "GC Thread#5" [stack: 0x000000141aa00000,0x000000141ab00000] [id=17128]
  0x0000019735c9ead0 GCTaskThread "GC Thread#6" [stack: 0x000000141ab00000,0x000000141ac00000] [id=7508]
  0x00000197368c4460 GCTaskThread "GC Thread#7" [stack: 0x000000141b000000,0x000000141b100000] [id=11960]

Threads with active compile tasks:
C2 CompilerThread0     8703 4357       4       org.objectweb.asm.ClassReader::readMethod (1066 bytes)
C2 CompilerThread1     8703 4209   !   4       org.eclipse.osgi.internal.loader.classpath.ClasspathManager::findLocalClass (210 bytes)
C2 CompilerThread2     8703 4341 %     4       org.objectweb.asm.ClassReader::readCode @ 92 (5109 bytes)

VM state: not at safepoint (normal execution)

VM Mutex/Monitor currently owned by a thread: None

Heap address: 0x00000000c0000000, size: 1024 MB, Compressed Oops mode: 32-bit

CDS archive(s) not mapped
Compressed class space mapped at: 0x0000000100000000-0x0000000140000000, reserved size: 1073741824
Narrow klass base: 0x0000000000000000, Narrow klass shift: 3, Narrow klass range: 0x140000000

GC Precious Log:
 CPUs: 8 total, 8 available
 Memory: 8036M
 Large Page Support: Disabled
 NUMA Support: Disabled
 Compressed Oops: Enabled (32-bit)
 Alignments: Space 512K, Generation 512K, Heap 2M
 Heap Min Capacity: 100M
 Heap Initial Capacity: 100M
 Heap Max Capacity: 1G
 Pre-touch: Disabled
 Parallel Workers: 8

Heap:
 PSYoungGen      total 20480K, used 14229K [0x00000000eab00000, 0x00000000ec180000, 0x0000000100000000)
  eden space 19456K, 68% used [0x00000000eab00000,0x00000000eb80a018,0x00000000ebe00000)
  from space 1024K, 85% used [0x00000000ebe00000,0x00000000ebedb700,0x00000000ebf00000)
  to   space 1536K, 0% used [0x00000000ec000000,0x00000000ec000000,0x00000000ec180000)
 ParOldGen       total 68608K, used 26135K [0x00000000c0000000, 0x00000000c4300000, 0x00000000eab00000)
  object space 68608K, 38% used [0x00000000c0000000,0x00000000c1985fc0,0x00000000c4300000)
 Metaspace       used 43337K, committed 44032K, reserved 1089536K
  class space    used 4385K, committed 4672K, reserved 1048576K

Card table byte_map: [0x000001971e550000,0x000001971e760000] _byte_map_base: 0x000001971df50000

Marking Bits: (ParMarkBitMap*) 0x00007ffae2bc0dd0
 Begin Bits: [0x0000019730810000, 0x0000019731810000)
 End Bits:   [0x0000019731810000, 0x0000019732810000)

Polling page: 0x000001971cb90000

Metaspace:

Usage:
  Non-class:     38.04 MB used.
      Class:      4.28 MB used.
       Both:     42.32 MB used.

Virtual space:
  Non-class space:       40.00 MB reserved,      38.44 MB ( 96%) committed,  5 nodes.
      Class space:        1.00 GB reserved,       4.56 MB ( <1%) committed,  1 nodes.
             Both:        1.04 GB reserved,      43.00 MB (  4%) committed. 

Chunk freelists:
   Non-Class:  1.22 MB
       Class:  3.26 MB
        Both:  4.48 MB

MaxMetaspaceSize: unlimited
CompressedClassSpaceSize: 1.00 GB
Initial GC threshold: 21.00 MB
Current GC threshold: 58.38 MB
CDS: off
MetaspaceReclaimPolicy: balanced
 - commit_granule_bytes: 65536.
 - commit_granule_words: 8192.
 - virtual_space_node_default_size: 1048576.
 - enlarge_chunks_in_place: 1.
 - new_chunks_are_fully_committed: 0.
 - uncommit_free_chunks: 1.
 - use_allocation_guard: 0.
 - handle_deallocations: 1.


Internal statistics:

num_allocs_failed_limit: 6.
num_arena_births: 282.
num_arena_deaths: 14.
num_vsnodes_births: 6.
num_vsnodes_deaths: 0.
num_space_committed: 688.
num_space_uncommitted: 0.
num_chunks_returned_to_freelist: 20.
num_chunks_taken_from_freelist: 1635.
num_chunk_merges: 7.
num_chunk_splits: 1126.
num_chunks_enlarged: 808.
num_purges: 2.
num_inconsistent_stats: 0.

CodeHeap 'non-profiled nmethods': size=120000Kb used=2229Kb max_used=2229Kb free=117770Kb
 bounds [0x00000197292e0000, 0x0000019729550000, 0x0000019730810000]
CodeHeap 'profiled nmethods': size=120000Kb used=9405Kb max_used=9405Kb free=110594Kb
 bounds [0x0000019721db0000, 0x00000197226e0000, 0x00000197292e0000]
CodeHeap 'non-nmethods': size=5760Kb used=1290Kb max_used=1328Kb free=4469Kb
 bounds [0x0000019721810000, 0x0000019721a80000, 0x0000019721db0000]
 total_blobs=5013 nmethods=4397 adapters=530
 compilation: enabled
              stopped_count=0, restarted_count=0
 full_count=0

Compilation events (20 events):
Event: 8.634 Thread 0x000001973500b120 4402       3       org.eclipse.jdt.internal.core.JavaProject::equals (35 bytes)
Event: 8.634 Thread 0x000001973500b120 nmethod 4402 0x00000197226da910 code [0x00000197226daae0, 0x00000197226db008]
Event: 8.634 Thread 0x000001973500b120 4403       3       org.eclipse.core.internal.resources.Resource::equals (66 bytes)
Event: 8.634 Thread 0x000001973500b120 nmethod 4403 0x00000197226db190 code [0x00000197226db3a0, 0x00000197226dbb88]
Event: 8.634 Thread 0x000001973500b120 4405       3       org.eclipse.jdt.internal.compiler.util.HashtableOfObjectToInt::put (104 bytes)
Event: 8.635 Thread 0x000001973500b120 nmethod 4405 0x00000197226dbd90 code [0x00000197226dbf80, 0x00000197226dc608]
Event: 8.635 Thread 0x000001973500b120 4406       3       org.eclipse.jdt.core.compiler.CharOperation::indexOf (10 bytes)
Event: 8.635 Thread 0x000001973500b120 nmethod 4406 0x00000197226dc910 code [0x00000197226dcaa0, 0x00000197226dcbc8]
Event: 8.645 Thread 0x000001973500b120 4407       2       java.util.Arrays::copyOf (40 bytes)
Event: 8.645 Thread 0x000001973500b120 nmethod 4407 0x00000197226dcc90 code [0x00000197226dce60, 0x00000197226dd228]
Event: 8.646 Thread 0x000001973500b120 4408       3       java.security.SecureClassLoader::getProtectionDomain (38 bytes)
Event: 8.647 Thread 0x000001973500b120 nmethod 4408 0x00000197226dd410 code [0x00000197226dd600, 0x00000197226ddb88]
Event: 8.658 Thread 0x000001973500b120 4409       3       org.eclipse.core.runtime.Platform::getPreferencesService (7 bytes)
Event: 8.658 Thread 0x000001973500b120 nmethod 4409 0x00000197226ddd90 code [0x00000197226ddf60, 0x00000197226de328]
Event: 8.658 Thread 0x000001973500b120 4410       3       org.eclipse.core.internal.runtime.InternalPlatform::getPreferencesService (22 bytes)
Event: 8.659 Thread 0x000001973500b120 nmethod 4410 0x00000197226de490 code [0x00000197226de640, 0x00000197226de968]
Event: 8.660 Thread 0x000001973500b120 4411   !   3       org.eclipse.osgi.internal.log.ExtendedLogReaderServiceFactory::safeIsLoggable (30 bytes)
Event: 8.661 Thread 0x000001973500b120 nmethod 4411 0x00000197226dea90 code [0x00000197226dec80, 0x00000197226df288]
Event: 8.663 Thread 0x000001973500b120 4412       1       java.lang.reflect.AccessibleObject::isAccessible (5 bytes)
Event: 8.663 Thread 0x000001973500b120 nmethod 4412 0x000001972950d490 code [0x000001972950d620, 0x000001972950d6f8]

GC Heap History (20 events):
Event: 5.512 GC heap before
{Heap before GC invocations=12 (full 1):
 PSYoungGen      total 24064K, used 24032K [0x00000000eab00000, 0x00000000ecd00000, 0x0000000100000000)
  eden space 20992K, 100% used [0x00000000eab00000,0x00000000ebf80000,0x00000000ebf80000)
  from space 3072K, 98% used [0x00000000ec580000,0x00000000ec878020,0x00000000ec880000)
  to   space 6144K, 0% used [0x00000000ebf80000,0x00000000ebf80000,0x00000000ec580000)
 ParOldGen       total 68608K, used 12637K [0x00000000c0000000, 0x00000000c4300000, 0x00000000eab00000)
  object space 68608K, 18% used [0x00000000c0000000,0x00000000c0c57448,0x00000000c4300000)
 Metaspace       used 34784K, committed 35328K, reserved 1081344K
  class space    used 3525K, committed 3776K, reserved 1048576K
}
Event: 5.516 GC heap after
{Heap after GC invocations=12 (full 1):
 PSYoungGen      total 23040K, used 1888K [0x00000000eab00000, 0x00000000ec680000, 0x0000000100000000)
  eden space 20992K, 0% used [0x00000000eab00000,0x00000000eab00000,0x00000000ebf80000)
  from space 2048K, 92% used [0x00000000ebf80000,0x00000000ec158000,0x00000000ec180000)
  to   space 3584K, 0% used [0x00000000ec300000,0x00000000ec300000,0x00000000ec680000)
 ParOldGen       total 68608K, used 15713K [0x00000000c0000000, 0x00000000c4300000, 0x00000000eab00000)
  object space 68608K, 22% used [0x00000000c0000000,0x00000000c0f584c0,0x00000000c4300000)
 Metaspace       used 34784K, committed 35328K, reserved 1081344K
  class space    used 3525K, committed 3776K, reserved 1048576K
}
Event: 5.569 GC heap before
{Heap before GC invocations=13 (full 1):
 PSYoungGen      total 23040K, used 22880K [0x00000000eab00000, 0x00000000ec680000, 0x0000000100000000)
  eden space 20992K, 100% used [0x00000000eab00000,0x00000000ebf80000,0x00000000ebf80000)
  from space 2048K, 92% used [0x00000000ebf80000,0x00000000ec158000,0x00000000ec180000)
  to   space 3584K, 0% used [0x00000000ec300000,0x00000000ec300000,0x00000000ec680000)
 ParOldGen       total 68608K, used 15713K [0x00000000c0000000, 0x00000000c4300000, 0x00000000eab00000)
  object space 68608K, 22% used [0x00000000c0000000,0x00000000c0f584c0,0x00000000c4300000)
 Metaspace       used 34784K, committed 35328K, reserved 1081344K
  class space    used 3525K, committed 3776K, reserved 1048576K
}
Event: 5.573 GC heap after
{Heap after GC invocations=13 (full 1):
 PSYoungGen      total 23552K, used 2080K [0x00000000eab00000, 0x00000000ec580000, 0x0000000100000000)
  eden space 20992K, 0% used [0x00000000eab00000,0x00000000eab00000,0x00000000ebf80000)
  from space 2560K, 81% used [0x00000000ec300000,0x00000000ec508000,0x00000000ec580000)
  to   space 2560K, 0% used [0x00000000ec080000,0x00000000ec080000,0x00000000ec300000)
 ParOldGen       total 68608K, used 17497K [0x00000000c0000000, 0x00000000c4300000, 0x00000000eab00000)
  object space 68608K, 25% used [0x00000000c0000000,0x00000000c11164c0,0x00000000c4300000)
 Metaspace       used 34784K, committed 35328K, reserved 1081344K
  class space    used 3525K, committed 3776K, reserved 1048576K
}
Event: 5.623 GC heap before
{Heap before GC invocations=14 (full 1):
 PSYoungGen      total 23552K, used 23072K [0x00000000eab00000, 0x00000000ec580000, 0x0000000100000000)
  eden space 20992K, 100% used [0x00000000eab00000,0x00000000ebf80000,0x00000000ebf80000)
  from space 2560K, 81% used [0x00000000ec300000,0x00000000ec508000,0x00000000ec580000)
  to   space 2560K, 0% used [0x00000000ec080000,0x00000000ec080000,0x00000000ec300000)
 ParOldGen       total 68608K, used 17497K [0x00000000c0000000, 0x00000000c4300000, 0x00000000eab00000)
  object space 68608K, 25% used [0x00000000c0000000,0x00000000c11164c0,0x00000000c4300000)
 Metaspace       used 34784K, committed 35328K, reserved 1081344K
  class space    used 3525K, committed 3776K, reserved 1048576K
}
Event: 5.626 GC heap after
{Heap after GC invocations=14 (full 1):
 PSYoungGen      total 23552K, used 2112K [0x00000000eab00000, 0x00000000ec480000, 0x0000000100000000)
  eden space 20992K, 0% used [0x00000000eab00000,0x00000000eab00000,0x00000000ebf80000)
  from space 2560K, 82% used [0x00000000ec080000,0x00000000ec290010,0x00000000ec300000)
  to   space 1536K, 0% used [0x00000000ec300000,0x00000000ec300000,0x00000000ec480000)
 ParOldGen       total 68608K, used 19417K [0x00000000c0000000, 0x00000000c4300000, 0x00000000eab00000)
  object space 68608K, 28% used [0x00000000c0000000,0x00000000c12f64c0,0x00000000c4300000)
 Metaspace       used 34784K, committed 35328K, reserved 1081344K
  class space    used 3525K, committed 3776K, reserved 1048576K
}
Event: 5.795 GC heap before
{Heap before GC invocations=15 (full 1):
 PSYoungGen      total 23552K, used 16660K [0x00000000eab00000, 0x00000000ec480000, 0x0000000100000000)
  eden space 20992K, 69% used [0x00000000eab00000,0x00000000eb935280,0x00000000ebf80000)
  from space 2560K, 82% used [0x00000000ec080000,0x00000000ec290010,0x00000000ec300000)
  to   space 1536K, 0% used [0x00000000ec300000,0x00000000ec300000,0x00000000ec480000)
 ParOldGen       total 68608K, used 19417K [0x00000000c0000000, 0x00000000c4300000, 0x00000000eab00000)
  object space 68608K, 28% used [0x00000000c0000000,0x00000000c12f64c0,0x00000000c4300000)
 Metaspace       used 35262K, committed 35840K, reserved 1089536K
  class space    used 3567K, committed 3840K, reserved 1048576K
}
Event: 5.798 GC heap after
{Heap after GC invocations=15 (full 1):
 PSYoungGen      total 21504K, used 1508K [0x00000000eab00000, 0x00000000ec880000, 0x0000000100000000)
  eden space 19968K, 0% used [0x00000000eab00000,0x00000000eab00000,0x00000000ebe80000)
  from space 1536K, 98% used [0x00000000ec300000,0x00000000ec4793d0,0x00000000ec480000)
  to   space 4608K, 0% used [0x00000000ebe80000,0x00000000ebe80000,0x00000000ec300000)
 ParOldGen       total 68608K, used 21911K [0x00000000c0000000, 0x00000000c4300000, 0x00000000eab00000)
  object space 68608K, 31% used [0x00000000c0000000,0x00000000c1565d50,0x00000000c4300000)
 Metaspace       used 35262K, committed 35840K, reserved 1089536K
  class space    used 3567K, committed 3840K, reserved 1048576K
}
Event: 5.798 GC heap before
{Heap before GC invocations=16 (full 2):
 PSYoungGen      total 21504K, used 1508K [0x00000000eab00000, 0x00000000ec880000, 0x0000000100000000)
  eden space 19968K, 0% used [0x00000000eab00000,0x00000000eab00000,0x00000000ebe80000)
  from space 1536K, 98% used [0x00000000ec300000,0x00000000ec4793d0,0x00000000ec480000)
  to   space 4608K, 0% used [0x00000000ebe80000,0x00000000ebe80000,0x00000000ec300000)
 ParOldGen       total 68608K, used 21911K [0x00000000c0000000, 0x00000000c4300000, 0x00000000eab00000)
  object space 68608K, 31% used [0x00000000c0000000,0x00000000c1565d50,0x00000000c4300000)
 Metaspace       used 35262K, committed 35840K, reserved 1089536K
  class space    used 3567K, committed 3840K, reserved 1048576K
}
Event: 5.838 GC heap after
{Heap after GC invocations=16 (full 2):
 PSYoungGen      total 21504K, used 0K [0x00000000eab00000, 0x00000000ec880000, 0x0000000100000000)
  eden space 19968K, 0% used [0x00000000eab00000,0x00000000eab00000,0x00000000ebe80000)
  from space 1536K, 0% used [0x00000000ec300000,0x00000000ec300000,0x00000000ec480000)
  to   space 4608K, 0% used [0x00000000ebe80000,0x00000000ebe80000,0x00000000ec300000)
 ParOldGen       total 68608K, used 22813K [0x00000000c0000000, 0x00000000c4300000, 0x00000000eab00000)
  object space 68608K, 33% used [0x00000000c0000000,0x00000000c1647420,0x00000000c4300000)
 Metaspace       used 35262K, committed 35840K, reserved 1089536K
  class space    used 3567K, committed 3840K, reserved 1048576K
}
Event: 7.113 GC heap before
{Heap before GC invocations=17 (full 2):
 PSYoungGen      total 21504K, used 19968K [0x00000000eab00000, 0x00000000ec880000, 0x0000000100000000)
  eden space 19968K, 100% used [0x00000000eab00000,0x00000000ebe80000,0x00000000ebe80000)
  from space 1536K, 0% used [0x00000000ec300000,0x00000000ec300000,0x00000000ec480000)
  to   space 4608K, 0% used [0x00000000ebe80000,0x00000000ebe80000,0x00000000ec300000)
 ParOldGen       total 68608K, used 22813K [0x00000000c0000000, 0x00000000c4300000, 0x00000000eab00000)
  object space 68608K, 33% used [0x00000000c0000000,0x00000000c1647420,0x00000000c4300000)
 Metaspace       used 36302K, committed 36928K, reserved 1089536K
  class space    used 3672K, committed 3968K, reserved 1048576K
}
Event: 7.114 GC heap after
{Heap after GC invocations=17 (full 2):
 PSYoungGen      total 20992K, used 864K [0x00000000eab00000, 0x00000000ec380000, 0x0000000100000000)
  eden space 19968K, 0% used [0x00000000eab00000,0x00000000eab00000,0x00000000ebe80000)
  from space 1024K, 84% used [0x00000000ebe80000,0x00000000ebf58000,0x00000000ebf80000)
  to   space 2048K, 0% used [0x00000000ec180000,0x00000000ec180000,0x00000000ec380000)
 ParOldGen       total 68608K, used 22821K [0x00000000c0000000, 0x00000000c4300000, 0x00000000eab00000)
  object space 68608K, 33% used [0x00000000c0000000,0x00000000c1649420,0x00000000c4300000)
 Metaspace       used 36302K, committed 36928K, reserved 1089536K
  class space    used 3672K, committed 3968K, reserved 1048576K
}
Event: 7.379 GC heap before
{Heap before GC invocations=18 (full 2):
 PSYoungGen      total 20992K, used 20832K [0x00000000eab00000, 0x00000000ec380000, 0x0000000100000000)
  eden space 19968K, 100% used [0x00000000eab00000,0x00000000ebe80000,0x00000000ebe80000)
  from space 1024K, 84% used [0x00000000ebe80000,0x00000000ebf58000,0x00000000ebf80000)
  to   space 2048K, 0% used [0x00000000ec180000,0x00000000ec180000,0x00000000ec380000)
 ParOldGen       total 68608K, used 22821K [0x00000000c0000000, 0x00000000c4300000, 0x00000000eab00000)
  object space 68608K, 33% used [0x00000000c0000000,0x00000000c1649420,0x00000000c4300000)
 Metaspace       used 38066K, committed 38784K, reserved 1089536K
  class space    used 3904K, committed 4224K, reserved 1048576K
}
Event: 7.380 GC heap after
{Heap after GC invocations=18 (full 2):
 PSYoungGen      total 20992K, used 630K [0x00000000eab00000, 0x00000000ec280000, 0x0000000100000000)
  eden space 19968K, 0% used [0x00000000eab00000,0x00000000eab00000,0x00000000ebe80000)
  from space 1024K, 61% used [0x00000000ec180000,0x00000000ec21da20,0x00000000ec280000)
  to   space 1024K, 0% used [0x00000000ebe80000,0x00000000ebe80000,0x00000000ebf80000)
 ParOldGen       total 68608K, used 23553K [0x00000000c0000000, 0x00000000c4300000, 0x00000000eab00000)
  object space 68608K, 34% used [0x00000000c0000000,0x00000000c1700748,0x00000000c4300000)
 Metaspace       used 38066K, committed 38784K, reserved 1089536K
  class space    used 3904K, committed 4224K, reserved 1048576K
}
Event: 7.755 GC heap before
{Heap before GC invocations=19 (full 2):
 PSYoungGen      total 20992K, used 20598K [0x00000000eab00000, 0x00000000ec280000, 0x0000000100000000)
  eden space 19968K, 100% used [0x00000000eab00000,0x00000000ebe80000,0x00000000ebe80000)
  from space 1024K, 61% used [0x00000000ec180000,0x00000000ec21da20,0x00000000ec280000)
  to   space 1024K, 0% used [0x00000000ebe80000,0x00000000ebe80000,0x00000000ebf80000)
 ParOldGen       total 68608K, used 23553K [0x00000000c0000000, 0x00000000c4300000, 0x00000000eab00000)
  object space 68608K, 34% used [0x00000000c0000000,0x00000000c1700748,0x00000000c4300000)
 Metaspace       used 39794K, committed 40448K, reserved 1089536K
  class space    used 4083K, committed 4352K, reserved 1048576K
}
Event: 7.756 GC heap after
{Heap after GC invocations=19 (full 2):
 PSYoungGen      total 20992K, used 512K [0x00000000eab00000, 0x00000000ec200000, 0x0000000100000000)
  eden space 19968K, 0% used [0x00000000eab00000,0x00000000eab00000,0x00000000ebe80000)
  from space 1024K, 50% used [0x00000000ebe80000,0x00000000ebf00000,0x00000000ebf80000)
  to   space 1024K, 0% used [0x00000000ec100000,0x00000000ec100000,0x00000000ec200000)
 ParOldGen       total 68608K, used 23948K [0x00000000c0000000, 0x00000000c4300000, 0x00000000eab00000)
  object space 68608K, 34% used [0x00000000c0000000,0x00000000c1763020,0x00000000c4300000)
 Metaspace       used 39794K, committed 40448K, reserved 1089536K
  class space    used 4083K, committed 4352K, reserved 1048576K
}
Event: 8.301 GC heap before
{Heap before GC invocations=20 (full 2):
 PSYoungGen      total 20992K, used 20475K [0x00000000eab00000, 0x00000000ec200000, 0x0000000100000000)
  eden space 19968K, 99% used [0x00000000eab00000,0x00000000ebe7eff0,0x00000000ebe80000)
  from space 1024K, 50% used [0x00000000ebe80000,0x00000000ebf00000,0x00000000ebf80000)
  to   space 1024K, 0% used [0x00000000ec100000,0x00000000ec100000,0x00000000ec200000)
 ParOldGen       total 68608K, used 23948K [0x00000000c0000000, 0x00000000c4300000, 0x00000000eab00000)
  object space 68608K, 34% used [0x00000000c0000000,0x00000000c1763020,0x00000000c4300000)
 Metaspace       used 41548K, committed 42304K, reserved 1089536K
  class space    used 4224K, committed 4544K, reserved 1048576K
}
Event: 8.303 GC heap after
{Heap after GC invocations=20 (full 2):
 PSYoungGen      total 20480K, used 995K [0x00000000eab00000, 0x00000000ec480000, 0x0000000100000000)
  eden space 19456K, 0% used [0x00000000eab00000,0x00000000eab00000,0x00000000ebe00000)
  from space 1024K, 97% used [0x00000000ec100000,0x00000000ec1f8cf0,0x00000000ec200000)
  to   space 3072K, 0% used [0x00000000ebe00000,0x00000000ebe00000,0x00000000ec100000)
 ParOldGen       total 68608K, used 25304K [0x00000000c0000000, 0x00000000c4300000, 0x00000000eab00000)
  object space 68608K, 36% used [0x00000000c0000000,0x00000000c18b6340,0x00000000c4300000)
 Metaspace       used 41548K, committed 42304K, reserved 1089536K
  class space    used 4224K, committed 4544K, reserved 1048576K
}
Event: 8.409 GC heap before
{Heap before GC invocations=21 (full 2):
 PSYoungGen      total 20480K, used 20451K [0x00000000eab00000, 0x00000000ec480000, 0x0000000100000000)
  eden space 19456K, 100% used [0x00000000eab00000,0x00000000ebe00000,0x00000000ebe00000)
  from space 1024K, 97% used [0x00000000ec100000,0x00000000ec1f8cf0,0x00000000ec200000)
  to   space 3072K, 0% used [0x00000000ebe00000,0x00000000ebe00000,0x00000000ec100000)
 ParOldGen       total 68608K, used 25304K [0x00000000c0000000, 0x00000000c4300000, 0x00000000eab00000)
  object space 68608K, 36% used [0x00000000c0000000,0x00000000c18b6340,0x00000000c4300000)
 Metaspace       used 41574K, committed 42304K, reserved 1089536K
  class space    used 4224K, committed 4544K, reserved 1048576K
}
Event: 8.411 GC heap after
{Heap after GC invocations=21 (full 2):
 PSYoungGen      total 20480K, used 877K [0x00000000eab00000, 0x00000000ec180000, 0x0000000100000000)
  eden space 19456K, 0% used [0x00000000eab00000,0x00000000eab00000,0x00000000ebe00000)
  from space 1024K, 85% used [0x00000000ebe00000,0x00000000ebedb700,0x00000000ebf00000)
  to   space 1536K, 0% used [0x00000000ec000000,0x00000000ec000000,0x00000000ec180000)
 ParOldGen       total 68608K, used 26135K [0x00000000c0000000, 0x00000000c4300000, 0x00000000eab00000)
  object space 68608K, 38% used [0x00000000c0000000,0x00000000c1985fc0,0x00000000c4300000)
 Metaspace       used 41574K, committed 42304K, reserved 1089536K
  class space    used 4224K, committed 4544K, reserved 1048576K
}

Dll operation events (10 events):
Event: 0.014 Loaded shared library c:\Users\leona\.vscode\extensions\redhat.java-1.13.0-win32-x64\jre\17.0.5-win32-x86_64\bin\java.dll
Event: 0.246 Loaded shared library c:\Users\leona\.vscode\extensions\redhat.java-1.13.0-win32-x64\jre\17.0.5-win32-x86_64\bin\zip.dll
Event: 0.253 Loaded shared library C:\Users\leona\.vscode\extensions\redhat.java-1.13.0-win32-x64\jre\17.0.5-win32-x86_64\bin\instrument.dll
Event: 0.273 Loaded shared library C:\Users\leona\.vscode\extensions\redhat.java-1.13.0-win32-x64\jre\17.0.5-win32-x86_64\bin\net.dll
Event: 0.277 Loaded shared library C:\Users\leona\.vscode\extensions\redhat.java-1.13.0-win32-x64\jre\17.0.5-win32-x86_64\bin\nio.dll
Event: 0.289 Loaded shared library C:\Users\leona\.vscode\extensions\redhat.java-1.13.0-win32-x64\jre\17.0.5-win32-x86_64\bin\zip.dll
Event: 0.318 Loaded shared library C:\Users\leona\.vscode\extensions\redhat.java-1.13.0-win32-x64\jre\17.0.5-win32-x86_64\bin\jimage.dll
Event: 0.410 Loaded shared library c:\Users\leona\.vscode\extensions\redhat.java-1.13.0-win32-x64\jre\17.0.5-win32-x86_64\bin\verify.dll
Event: 2.451 Loaded shared library C:\Users\leona\AppData\Roaming\Code\User\globalStorage\redhat.java\1.13.0\config_ss_win\org.eclipse.equinox.launcher\org.eclipse.equinox.launcher.win32.win32.x86_64_1.2.600.v20220720-1916\eclipse_11700.dll
Event: 4.589 Loaded shared library C:\Users\leona\AppData\Local\Temp\jna-102859337\jna12327956517158457250.dll

Deoptimization events (20 events):
Event: 8.307 Thread 0x0000019736f7d040 Uncommon trap: trap_request=0xffffffde fr.pc=0x00000197293d53f0 relative=0x00000000000073b0
Event: 8.307 Thread 0x0000019736f7d040 Uncommon trap: reason=class_check action=maybe_recompile pc=0x00000197293d53f0 method=lombok.patcher.PatchScript$MethodPatcher.visitMethod(ILjava/lang/String;Ljava/lang/String;Ljava/lang/String;[Ljava/lang/String;)Lorg/objectweb/asm/MethodVisitor; @ 101 c
Event: 8.307 Thread 0x0000019736f7d040 DEOPT PACKING pc=0x00000197293d53f0 sp=0x000000141bbfbc70
Event: 8.307 Thread 0x0000019736f7d040 DEOPT UNPACKING pc=0x00000197218620a3 sp=0x000000141bbfbbd8 mode 2
Event: 8.307 Thread 0x0000019736f7d040 Uncommon trap: trap_request=0xffffffde fr.pc=0x00000197293d53f0 relative=0x00000000000073b0
Event: 8.307 Thread 0x0000019736f7d040 Uncommon trap: reason=class_check action=maybe_recompile pc=0x00000197293d53f0 method=lombok.patcher.PatchScript$MethodPatcher.visitMethod(ILjava/lang/String;Ljava/lang/String;Ljava/lang/String;[Ljava/lang/String;)Lorg/objectweb/asm/MethodVisitor; @ 101 c
Event: 8.307 Thread 0x0000019736f7d040 DEOPT PACKING pc=0x00000197293d53f0 sp=0x000000141bbfbc70
Event: 8.307 Thread 0x0000019736f7d040 DEOPT UNPACKING pc=0x00000197218620a3 sp=0x000000141bbfbbd8 mode 2
Event: 8.307 Thread 0x0000019736f7d040 Uncommon trap: trap_request=0xffffffde fr.pc=0x00000197293d53f0 relative=0x00000000000073b0
Event: 8.307 Thread 0x0000019736f7d040 Uncommon trap: reason=class_check action=maybe_recompile pc=0x00000197293d53f0 method=lombok.patcher.PatchScript$MethodPatcher.visitMethod(ILjava/lang/String;Ljava/lang/String;Ljava/lang/String;[Ljava/lang/String;)Lorg/objectweb/asm/MethodVisitor; @ 101 c
Event: 8.307 Thread 0x0000019736f7d040 DEOPT PACKING pc=0x00000197293d53f0 sp=0x000000141bbfbc70
Event: 8.307 Thread 0x0000019736f7d040 DEOPT UNPACKING pc=0x00000197218620a3 sp=0x000000141bbfbbd8 mode 2
Event: 8.307 Thread 0x0000019736f7d040 Uncommon trap: trap_request=0xffffffde fr.pc=0x00000197293d53f0 relative=0x00000000000073b0
Event: 8.307 Thread 0x0000019736f7d040 Uncommon trap: reason=class_check action=maybe_recompile pc=0x00000197293d53f0 method=lombok.patcher.PatchScript$MethodPatcher.visitMethod(ILjava/lang/String;Ljava/lang/String;Ljava/lang/String;[Ljava/lang/String;)Lorg/objectweb/asm/MethodVisitor; @ 101 c
Event: 8.307 Thread 0x0000019736f7d040 DEOPT PACKING pc=0x00000197293d53f0 sp=0x000000141bbfbc70
Event: 8.307 Thread 0x0000019736f7d040 DEOPT UNPACKING pc=0x00000197218620a3 sp=0x000000141bbfbbd8 mode 2
Event: 8.367 Thread 0x0000019736f7d040 Uncommon trap: trap_request=0xffffff45 fr.pc=0x00000197295010f0 relative=0x0000000000000f10
Event: 8.367 Thread 0x0000019736f7d040 Uncommon trap: reason=unstable_if action=reinterpret pc=0x00000197295010f0 method=org.objectweb.asm.MethodWriter.putMethodInfo(Lorg/objectweb/asm/ByteVector;)V @ 374 c2
Event: 8.367 Thread 0x0000019736f7d040 DEOPT PACKING pc=0x00000197295010f0 sp=0x000000141bbfbe40
Event: 8.367 Thread 0x0000019736f7d040 DEOPT UNPACKING pc=0x00000197218620a3 sp=0x000000141bbfbdf8 mode 2

Classes unloaded (7 events):
Event: 3.330 Thread 0x000001971ec4e820 Unloading class 0x0000000100212400 'java/lang/invoke/LambdaForm$MH+0x0000000100212400'
Event: 3.330 Thread 0x000001971ec4e820 Unloading class 0x0000000100212000 'java/lang/invoke/LambdaForm$MH+0x0000000100212000'
Event: 3.330 Thread 0x000001971ec4e820 Unloading class 0x0000000100211c00 'java/lang/invoke/LambdaForm$MH+0x0000000100211c00'
Event: 3.330 Thread 0x000001971ec4e820 Unloading class 0x0000000100211800 'java/lang/invoke/LambdaForm$MH+0x0000000100211800'
Event: 3.330 Thread 0x000001971ec4e820 Unloading class 0x0000000100211000 'java/lang/invoke/LambdaForm$BMH+0x0000000100211000'
Event: 3.330 Thread 0x000001971ec4e820 Unloading class 0x0000000100210c00 'java/lang/invoke/LambdaForm$DMH+0x0000000100210c00'
Event: 3.330 Thread 0x000001971ec4e820 Unloading class 0x000000010020e000 'java/lang/invoke/LambdaForm$DMH+0x000000010020e000'

Classes redefined (0 events):
No events

Internal exceptions (20 events):
Event: 5.987 Thread 0x0000019736f76190 Exception <a 'sun/nio/fs/WindowsException'{0x00000000eae795d8}> (0x00000000eae795d8) 
thrown [s\src\hotspot\share\prims\jni.cpp, line 516]
Event: 5.987 Thread 0x0000019736f76190 Exception <a 'sun/nio/fs/WindowsException'{0x00000000eae7a2e0}> (0x00000000eae7a2e0) 
thrown [s\src\hotspot\share\prims\jni.cpp, line 516]
Event: 5.990 Thread 0x0000019736f76190 Exception <a 'java/io/FileNotFoundException'{0x00000000eae86a78}> (0x00000000eae86a78) 
thrown [s\src\hotspot\share\prims\jni.cpp, line 516]
Event: 5.996 Thread 0x0000019736f76190 Exception <a 'java/io/FileNotFoundException'{0x00000000eaeaa0b8}> (0x00000000eaeaa0b8) 
thrown [s\src\hotspot\share\prims\jni.cpp, line 516]
Event: 5.998 Thread 0x0000019736f76190 Exception <a 'java/io/FileNotFoundException'{0x00000000eaeb7fb8}> (0x00000000eaeb7fb8) 
thrown [s\src\hotspot\share\prims\jni.cpp, line 516]
Event: 6.001 Thread 0x0000019736f76190 Exception <a 'sun/nio/fs/WindowsException'{0x00000000eaec5e30}> (0x00000000eaec5e30) 
thrown [s\src\hotspot\share\prims\jni.cpp, line 516]
Event: 6.008 Thread 0x0000019736f76190 Exception <a 'sun/nio/fs/WindowsException'{0x00000000eaee7760}> (0x00000000eaee7760) 
thrown [s\src\hotspot\share\prims\jni.cpp, line 516]
Event: 6.018 Thread 0x0000019736f76190 Exception <a 'sun/nio/fs/WindowsException'{0x00000000eaf0d818}> (0x00000000eaf0d818) 
thrown [s\src\hotspot\share\prims\jni.cpp, line 516]
Event: 7.141 Thread 0x0000019736f76190 Implicit null exception at 0x00000197293c55c9 to 0x00000197293c569c
Event: 7.383 Thread 0x0000019735194a60 Exception <a 'java/io/FileNotFoundException'{0x00000000eab4b648}> (0x00000000eab4b648) 
thrown [s\src\hotspot\share\prims\jni.cpp, line 516]
Event: 7.394 Thread 0x0000019735194a60 Exception <a 'java/io/FileNotFoundException'{0x00000000eabff3c8}> (0x00000000eabff3c8) 
thrown [s\src\hotspot\share\prims\jni.cpp, line 516]
Event: 7.394 Thread 0x0000019735194a60 Exception <a 'java/io/FileNotFoundException'{0x00000000eac10948}> (0x00000000eac10948) 
thrown [s\src\hotspot\share\prims\jni.cpp, line 516]
Event: 7.427 Thread 0x0000019735195400 Exception <a 'java/lang/NoSuchMethodError'{0x00000000eae8ce70}: 'java.lang.Object java.lang.invoke.DirectMethodHandle$Holder.newInvokeSpecial(java.lang.Object, java.lang.Object, java.lang.Object, java.lang.Object, java.lang.Object, java.lang.Object, java.lang.Object, java.lang.Object)'> (0x00000000eae8ce70) 
thrown [s\src\hotspot\share\interpreter\linkResolver.cpp, line 759]
Event: 7.428 Thread 0x0000019735195400 Exception <a 'java/lang/NoSuchMethodError'{0x00000000eaf28420}: 'java.lang.Object java.lang.invoke.DirectMethodHandle$Holder.invokeSpecial(java.lang.Object, java.lang.Object, java.lang.Object, java.lang.Object, java.lang.Object, java.lang.Object, java.lang.Object, java.lang.Object, java.lang.Object)'> (0x00000000eaf28420) 
thrown [s\src\hotspot\share\interpreter\linkResolver.cpp, line 759]
Event: 7.428 Thread 0x0000019735195400 Exception <a 'java/lang/NoSuchMethodError'{0x00000000eaf2ce00}: 'java.lang.Object java.lang.invoke.Invokers$Holder.linkToTargetMethod(java.lang.Object, java.lang.Object, java.lang.Object, java.lang.Object, java.lang.Object, java.lang.Object, java.lang.Object, java.lang.Object)'> (0x00000000eaf2ce00) 
thrown [s\src\hotspot\share\interpreter\linkResolver.cpp, line 759]
Event: 7.645 Thread 0x0000019736f76190 Implicit null exception at 0x00000197294d8ecd to 0x00000197294d9b6c
Event: 7.645 Thread 0x0000019736f76190 Implicit null exception at 0x00000197294d7350 to 0x00000197294d80cc
Event: 8.653 Thread 0x0000019735194a60 Exception <a 'java/io/FileNotFoundException'{0x00000000eb7992a0}> (0x00000000eb7992a0) 
thrown [s\src\hotspot\share\prims\jni.cpp, line 516]
Event: 8.653 Thread 0x0000019735194a60 Exception <a 'java/io/FileNotFoundException'{0x00000000eb79b098}> (0x00000000eb79b098) 
thrown [s\src\hotspot\share\prims\jni.cpp, line 516]
Event: 8.654 Thread 0x0000019735194a60 Exception <a 'java/io/FileNotFoundException'{0x00000000eb79c3a8}> (0x00000000eb79c3a8) 
thrown [s\src\hotspot\share\prims\jni.cpp, line 516]

VM Operations (20 events):
Event: 5.850 Executing VM operation: HandshakeAllThreads
Event: 5.851 Executing VM operation: HandshakeAllThreads done
Event: 5.864 Executing VM operation: HandshakeAllThreads
Event: 5.864 Executing VM operation: HandshakeAllThreads done
Event: 6.875 Executing VM operation: Cleanup
Event: 6.875 Executing VM operation: Cleanup done
Event: 7.113 Executing VM operation: ParallelGCFailedAllocation
Event: 7.114 Executing VM operation: ParallelGCFailedAllocation done
Event: 7.220 Executing VM operation: HandshakeAllThreads
Event: 7.220 Executing VM operation: HandshakeAllThreads done
Event: 7.379 Executing VM operation: ParallelGCFailedAllocation
Event: 7.381 Executing VM operation: ParallelGCFailedAllocation done
Event: 7.752 Executing VM operation: HandshakeAllThreads
Event: 7.752 Executing VM operation: HandshakeAllThreads done
Event: 7.755 Executing VM operation: ParallelGCFailedAllocation
Event: 7.756 Executing VM operation: ParallelGCFailedAllocation done
Event: 8.301 Executing VM operation: ParallelGCFailedAllocation
Event: 8.303 Executing VM operation: ParallelGCFailedAllocation done
Event: 8.409 Executing VM operation: ParallelGCFailedAllocation
Event: 8.411 Executing VM operation: ParallelGCFailedAllocation done

Events (20 events):
Event: 7.863 Thread 0x0000019739339010 Thread exited: 0x0000019739339010
Event: 8.187 loading class java/util/regex/PatternSyntaxException
Event: 8.187 loading class java/util/regex/PatternSyntaxException done
Event: 8.189 Thread 0x0000019735a33e60 Thread added: 0x0000019735a33e60
Event: 8.190 Thread 0x0000019735a7bc80 Thread added: 0x0000019735a7bc80
Event: 8.202 loading class java/lang/UnsupportedClassVersionError
Event: 8.202 loading class java/lang/UnsupportedClassVersionError done
Event: 8.208 loading class jdk/internal/reflect/UnsafeQualifiedStaticIntegerFieldAccessorImpl
Event: 8.208 loading class jdk/internal/reflect/UnsafeQualifiedStaticIntegerFieldAccessorImpl done
Event: 8.240 loading class java/util/stream/MatchOps$MatchKind
Event: 8.241 loading class java/util/stream/MatchOps$MatchKind done
Event: 8.241 loading class java/util/stream/MatchOps
Event: 8.241 loading class java/util/stream/MatchOps done
Event: 8.241 loading class java/util/stream/MatchOps$MatchOp
Event: 8.241 loading class java/util/stream/MatchOps$MatchOp done
Event: 8.241 loading class java/util/stream/MatchOps$BooleanTerminalSink
Event: 8.241 loading class java/util/stream/MatchOps$BooleanTerminalSink done
Event: 8.241 loading class java/util/stream/MatchOps$1MatchSink
Event: 8.242 loading class java/util/stream/MatchOps$1MatchSink done
Event: 8.296 Thread 0x00000197351975b0 Thread exited: 0x00000197351975b0


Dynamic libraries:
0x00007ff650210000 - 0x00007ff65021e000 	c:\Users\leona\.vscode\extensions\redhat.java-1.13.0-win32-x64\jre\17.0.5-win32-x86_64\bin\java.exe
0x00007ffb40b60000 - 0x00007ffb40d69000 	C:\WINDOWS\SYSTEM32\ntdll.dll
0x00007ffb3fd50000 - 0x00007ffb3fe0e000 	C:\WINDOWS\System32\KERNEL32.DLL
0x00007ffb3e410000 - 0x00007ffb3e78b000 	C:\WINDOWS\System32\KERNELBASE.dll
0x00007ffb3e790000 - 0x00007ffb3e8a1000 	C:\WINDOWS\System32\ucrtbase.dll
0x00007ffb29c70000 - 0x00007ffb29c89000 	c:\Users\leona\.vscode\extensions\redhat.java-1.13.0-win32-x64\jre\17.0.5-win32-x86_64\bin\VCRUNTIME140.dll
0x00007ffb29b30000 - 0x00007ffb29b47000 	c:\Users\leona\.vscode\extensions\redhat.java-1.13.0-win32-x64\jre\17.0.5-win32-x86_64\bin\jli.dll
0x00007ffb3f6c0000 - 0x00007ffb3f86d000 	C:\WINDOWS\System32\USER32.dll
0x00007ffb3e030000 - 0x00007ffb3e056000 	C:\WINDOWS\System32\win32u.dll
0x00007ffb40470000 - 0x00007ffb40499000 	C:\WINDOWS\System32\GDI32.dll
0x00007ffb3e270000 - 0x00007ffb3e388000 	C:\WINDOWS\System32\gdi32full.dll
0x00007ffb3e1d0000 - 0x00007ffb3e26d000 	C:\WINDOWS\System32\msvcp_win.dll
0x00007ffb232f0000 - 0x00007ffb23595000 	C:\WINDOWS\WinSxS\amd64_microsoft.windows.common-controls_6595b64144ccf1df_6.0.22000.120_none_9d947278b86cc467\COMCTL32.dll
0x00007ffb3f540000 - 0x00007ffb3f5e3000 	C:\WINDOWS\System32\msvcrt.dll
0x00007ffb40430000 - 0x00007ffb40462000 	C:\WINDOWS\System32\IMM32.DLL
0x00007ffb38c00000 - 0x00007ffb38c0c000 	c:\Users\leona\.vscode\extensions\redhat.java-1.13.0-win32-x64\jre\17.0.5-win32-x86_64\bin\vcruntime140_1.dll
0x00007ffb15a90000 - 0x00007ffb15b21000 	c:\Users\leona\.vscode\extensions\redhat.java-1.13.0-win32-x64\jre\17.0.5-win32-x86_64\bin\msvcp140.dll
0x00007ffae2040000 - 0x00007ffae2c84000 	c:\Users\leona\.vscode\extensions\redhat.java-1.13.0-win32-x64\jre\17.0.5-win32-x86_64\bin\server\jvm.dll
0x00007ffb3f340000 - 0x00007ffb3f3ee000 	C:\WINDOWS\System32\ADVAPI32.dll
0x00007ffb3f610000 - 0x00007ffb3f6ae000 	C:\WINDOWS\System32\sechost.dll
0x00007ffb40840000 - 0x00007ffb40960000 	C:\WINDOWS\System32\RPCRT4.dll
0x00007ffb39d20000 - 0x00007ffb39d29000 	C:\WINDOWS\SYSTEM32\WSOCK32.dll
0x00007ffb3fe10000 - 0x00007ffb3fe7f000 	C:\WINDOWS\System32\WS2_32.dll
0x00007ffb372f0000 - 0x00007ffb37323000 	C:\WINDOWS\SYSTEM32\WINMM.dll
0x00007ffb36d70000 - 0x00007ffb36d7a000 	C:\WINDOWS\SYSTEM32\VERSION.dll
0x00007ffb3d1a0000 - 0x00007ffb3d1b8000 	C:\WINDOWS\SYSTEM32\kernel.appcore.dll
0x00007ffb37380000 - 0x00007ffb3738a000 	c:\Users\leona\.vscode\extensions\redhat.java-1.13.0-win32-x64\jre\17.0.5-win32-x86_64\bin\jimage.dll
0x00007ffb3baf0000 - 0x00007ffb3bd11000 	C:\WINDOWS\SYSTEM32\DBGHELP.DLL
0x00007ffb30b30000 - 0x00007ffb30b61000 	C:\WINDOWS\SYSTEM32\dbgcore.DLL
0x00007ffb3e390000 - 0x00007ffb3e40f000 	C:\WINDOWS\System32\bcryptPrimitives.dll
0x00007ffb29b90000 - 0x00007ffb29b9e000 	c:\Users\leona\.vscode\extensions\redhat.java-1.13.0-win32-x64\jre\17.0.5-win32-x86_64\bin\instrument.dll
0x00007ffb29950000 - 0x00007ffb29975000 	c:\Users\leona\.vscode\extensions\redhat.java-1.13.0-win32-x64\jre\17.0.5-win32-x86_64\bin\java.dll
0x00007ffb29880000 - 0x00007ffb29898000 	c:\Users\leona\.vscode\extensions\redhat.java-1.13.0-win32-x64\jre\17.0.5-win32-x86_64\bin\zip.dll
0x00007ffb3e9e0000 - 0x00007ffb3f198000 	C:\WINDOWS\System32\SHELL32.dll
0x00007ffb3c130000 - 0x00007ffb3c995000 	C:\WINDOWS\SYSTEM32\windows.storage.dll
0x00007ffb40050000 - 0x00007ffb403c8000 	C:\WINDOWS\System32\combase.dll
0x00007ffb3bfc0000 - 0x00007ffb3c126000 	C:\WINDOWS\SYSTEM32\wintypes.dll
0x00007ffb3fe80000 - 0x00007ffb3ff6a000 	C:\WINDOWS\System32\SHCORE.dll
0x00007ffb40620000 - 0x00007ffb4067d000 	C:\WINDOWS\System32\shlwapi.dll
0x00007ffb3df60000 - 0x00007ffb3df81000 	C:\WINDOWS\SYSTEM32\profapi.dll
0x00007ffb29860000 - 0x00007ffb29879000 	C:\Users\leona\.vscode\extensions\redhat.java-1.13.0-win32-x64\jre\17.0.5-win32-x86_64\bin\net.dll
0x00007ffb386d0000 - 0x00007ffb387e4000 	C:\WINDOWS\SYSTEM32\WINHTTP.dll
0x00007ffb3d640000 - 0x00007ffb3d6a7000 	C:\WINDOWS\system32\mswsock.dll
0x00007ffb296b0000 - 0x00007ffb296c5000 	C:\Users\leona\.vscode\extensions\redhat.java-1.13.0-win32-x64\jre\17.0.5-win32-x86_64\bin\nio.dll
0x00007ffb29150000 - 0x00007ffb29160000 	c:\Users\leona\.vscode\extensions\redhat.java-1.13.0-win32-x64\jre\17.0.5-win32-x86_64\bin\verify.dll
0x00007ffb296d0000 - 0x00007ffb2970e000 	C:\Users\leona\AppData\Roaming\Code\User\globalStorage\redhat.java\1.13.0\config_ss_win\org.eclipse.equinox.launcher\org.eclipse.equinox.launcher.win32.win32.x86_64_1.2.600.v20220720-1916\eclipse_11700.dll
0x00007ffb40680000 - 0x00007ffb4081a000 	C:\WINDOWS\System32\ole32.dll
0x00007ffb3d880000 - 0x00007ffb3d898000 	C:\WINDOWS\SYSTEM32\CRYPTSP.dll
0x00007ffb3d100000 - 0x00007ffb3d135000 	C:\WINDOWS\system32\rsaenh.dll
0x00007ffb3d730000 - 0x00007ffb3d759000 	C:\WINDOWS\SYSTEM32\USERENV.dll
0x00007ffb3da10000 - 0x00007ffb3da37000 	C:\WINDOWS\SYSTEM32\bcrypt.dll
0x00007ffb3d8a0000 - 0x00007ffb3d8ac000 	C:\WINDOWS\SYSTEM32\CRYPTBASE.dll
0x00007ffb3cc50000 - 0x00007ffb3cc7d000 	C:\WINDOWS\SYSTEM32\IPHLPAPI.DLL
0x00007ffb3ff80000 - 0x00007ffb3ff89000 	C:\WINDOWS\System32\NSI.dll
0x00007ffb37f00000 - 0x00007ffb37f19000 	C:\WINDOWS\SYSTEM32\dhcpcsvc6.DLL
0x00007ffb380a0000 - 0x00007ffb380be000 	C:\WINDOWS\SYSTEM32\dhcpcsvc.DLL
0x00007ffb3cc80000 - 0x00007ffb3cd68000 	C:\WINDOWS\SYSTEM32\DNSAPI.dll
0x00007ffb27cb0000 - 0x00007ffb27cf0000 	C:\Users\leona\AppData\Local\Temp\jna-102859337\jna12327956517158457250.dll
0x00007ffb3f6b0000 - 0x00007ffb3f6b8000 	C:\WINDOWS\System32\PSAPI.DLL

dbghelp: loaded successfully - version: 4.0.5 - missing functions: none
symbol engine: initialized successfully - sym options: 0x614 - pdb path: .;c:\Users\leona\.vscode\extensions\redhat.java-1.13.0-win32-x64\jre\17.0.5-win32-x86_64\bin;C:\WINDOWS\SYSTEM32;C:\WINDOWS\WinSxS\amd64_microsoft.windows.common-controls_6595b64144ccf1df_6.0.22000.120_none_9d947278b86cc467;c:\Users\leona\.vscode\extensions\redhat.java-1.13.0-win32-x64\jre\17.0.5-win32-x86_64\bin\server;C:\Users\leona\AppData\Roaming\Code\User\globalStorage\redhat.java\1.13.0\config_ss_win\org.eclipse.equinox.launcher\org.eclipse.equinox.launcher.win32.win32.x86_64_1.2.600.v20220720-1916;C:\Users\leona\AppData\Local\Temp\jna-102859337

VM Arguments:
jvm_args: --add-modules=ALL-SYSTEM --add-opens=java.base/java.util=ALL-UNNAMED --add-opens=java.base/java.lang=ALL-UNNAMED --add-opens=java.base/sun.nio.fs=ALL-UNNAMED -Declipse.application=org.eclipse.jdt.ls.core.id1 -Dosgi.bundles.defaultStartLevel=4 -Declipse.product=org.eclipse.jdt.ls.core.product -Djava.import.generatesMetadataFilesAtProjectRoot=false -Dfile.encoding=utf8 -XX:+UseParallelGC -XX:GCTimeRatio=4 -XX:AdaptiveSizePolicyWeight=90 -Dsun.zip.disableMemoryMapping=true -Xmx1G -Xms100m -Xlog:disable -javaagent:c:\Users\leona\.vscode\extensions\redhat.java-1.13.0-win32-x64\lombok\lombok-1.18.24.jar 
java_command: c:\Users\leona\.vscode\extensions\redhat.java-1.13.0-win32-x64\server\plugins\org.eclipse.equinox.launcher_1.6.400.v20210924-0641.jar -configuration c:\Users\leona\AppData\Roaming\Code\User\globalStorage\redhat.java\1.13.0\config_ss_win -data c:\Users\leona\AppData\Roaming\Code\User\workspaceStorage\4d6941cea85bad1641a17aee31ef6769\redhat.java\ss_ws
java_class_path (initial): c:\Users\leona\.vscode\extensions\redhat.java-1.13.0-win32-x64\server\plugins\org.eclipse.equinox.launcher_1.6.400.v20210924-0641.jar
Launcher Type: SUN_STANDARD

[Global flags]
    uintx AdaptiveSizePolicyWeight                 = 90                                        {product} {command line}
     intx CICompilerCount                          = 4                                         {product} {ergonomic}
    uintx GCTimeRatio                              = 4                                         {product} {command line}
   size_t InitialHeapSize                          = 104857600                                 {product} {command line}
   size_t MaxHeapSize                              = 1073741824                                {product} {command line}
   size_t MaxNewSize                               = 357564416                                 {product} {ergonomic}
   size_t MinHeapDeltaBytes                        = 524288                                    {product} {ergonomic}
   size_t MinHeapSize                              = 104857600                                 {product} {command line}
   size_t NewSize                                  = 34603008                                  {product} {ergonomic}
    uintx NonNMethodCodeHeapSize                   = 5839372                                {pd product} {ergonomic}
    uintx NonProfiledCodeHeapSize                  = 122909434                              {pd product} {ergonomic}
   size_t OldSize                                  = 70254592                                  {product} {ergonomic}
    uintx ProfiledCodeHeapSize                     = 122909434                              {pd product} {ergonomic}
    uintx ReservedCodeCacheSize                    = 251658240                              {pd product} {ergonomic}
     bool SegmentedCodeCache                       = true                                      {product} {ergonomic}
   size_t SoftMaxHeapSize                          = 1073741824                             {manageable} {ergonomic}
     bool UseCompressedClassPointers               = true                           {product lp64_product} {ergonomic}
     bool UseCompressedOops                        = true                           {product lp64_product} {ergonomic}
     bool UseLargePagesIndividualAllocation        = false                                  {pd product} {ergonomic}
     bool UseParallelGC                            = true                                      {product} {command line}

Logging:
Log output configuration:
 #0: stdout all=off uptime,level,tags
 #1: stderr all=off uptime,level,tags

Environment Variables:
JAVA_HOME=D:\Java\jdk-19.0.1
PATH=C:\Windows\system32;C:\Windows;C:\Windows\System32\Wbem;C:\Windows\System32\WindowsPowerShell\v1.0\;C:\Windows\System32\OpenSSH\;C:\Program Files (x86)\NVIDIA Corporation\PhysX\Common;C:\WINDOWS\system32;C:\WINDOWS;C:\WINDOWS\System32\Wbem;C:\WINDOWS\System32\WindowsPowerShell\v1.0\;C:\WINDOWS\System32\OpenSSH\;C:\WINDOWS\system32;C:\WINDOWS;C:\WINDOWS\System32\Wbem;C:\WINDOWS\System32\WindowsPowerShell\v1.0\;C:\WINDOWS\System32\OpenSSH\;D:\Git\cmd;C:\Program Files\NVIDIA Corporation\NVIDIA NvDLISR;D:\Java\jdk-19.0.1\bin;C:\Users\leona\AppData\Local\Microsoft\WindowsApps;;D:\Microsoft VS Code\bin
USERNAME=leona
OS=Windows_NT
PROCESSOR_IDENTIFIER=Intel64 Family 6 Model 158 Stepping 10, GenuineIntel
TMP=C:\Users\leona\AppData\Local\Temp
TEMP=C:\Users\leona\AppData\Local\Temp



---------------  S Y S T E M  ---------------

OS:
 Windows 11 , 64 bit Build 22000 (10.0.22000.1219)
OS uptime: 3 days 19:41 hours

CPU: total 8 (initial active 8) (4 cores per cpu, 2 threads per core) family 6 model 158 stepping 10 microcode 0xde, cx8, cmov, fxsr, ht, mmx, 3dnowpref, sse, sse2, sse3, ssse3, sse4.1, sse4.2, popcnt, lzcnt, tsc, tscinvbit, avx, avx2, aes, erms, clmul, bmi1, bmi2, adx, fma, vzeroupper, clflush, clflushopt

Memory: 4k page, system-wide physical 8036M (704M free)
TotalPageFile size 20662M (AvailPageFile size 3M)
current process WorkingSet (physical memory assigned to process): 207M, peak: 207M
current process commit charge ("private bytes"): 292M, peak: 293M

vm_info: OpenJDK 64-Bit Server VM (17.0.5+8) for windows-amd64 JRE (17.0.5+8), built on Oct 19 2022 04:48:13 by "temurin" with MS VC++ 16.7 (VS2019)

END.
