#
# There is insufficient memory for the Java Runtime Environment to continue.
# Native memory allocation (malloc) failed to allocate 1904976 bytes for Chunk::new
# Possible reasons:
#   The system is out of physical RAM or swap space
#   The process is running with CompressedOops enabled, and the Java Heap may be blocking the growth of the native heap
# Possible solutions:
#   Reduce memory load on the system
#   Increase physical memory or swap space
#   Check if swap backing store is full
#   Decrease Java heap size (-Xmx/-Xms)
#   Decrease number of Java threads
#   Decrease Java thread stack sizes (-Xss)
#   Set larger code cache with -XX:ReservedCodeCacheSize=
#   JVM is running with Unscaled Compressed Oops mode in which the Java heap is
#     placed in the first 4GB address space. The Java Heap base address is the
#     maximum limit for the native heap growth. Please use -XX:HeapBaseMinAddress
#     to set the Java Heap base and to place the Java Heap above 4GB virtual address.
# This output file may be truncated or incomplete.
#
#  Out of Memory Error (arena.cpp:189), pid=8472, tid=11520
#
# JRE version: OpenJDK Runtime Environment Temurin-17.0.5+8 (17.0.5+8) (build 17.0.5+8)
# Java VM: OpenJDK 64-Bit Server VM Temurin-17.0.5+8 (17.0.5+8, mixed mode, tiered, compressed oops, compressed class ptrs, parallel gc, windows-amd64)
# No core dump will be written. Minidumps are not enabled by default on client versions of Windows
#

---------------  S U M M A R Y ------------

Command Line: --add-modules=ALL-SYSTEM --add-opens=java.base/java.util=ALL-UNNAMED --add-opens=java.base/java.lang=ALL-UNNAMED --add-opens=java.base/sun.nio.fs=ALL-UNNAMED -Declipse.application=org.eclipse.jdt.ls.core.id1 -Dosgi.bundles.defaultStartLevel=4 -Declipse.product=org.eclipse.jdt.ls.core.product -Djava.import.generatesMetadataFilesAtProjectRoot=false -Dfile.encoding=utf8 -XX:+UseParallelGC -XX:GCTimeRatio=4 -XX:AdaptiveSizePolicyWeight=90 -Dsun.zip.disableMemoryMapping=true -Xmx1G -Xms100m -Xlog:disable -javaagent:c:\Users\leona\.vscode\extensions\redhat.java-1.13.0-win32-x64\lombok\lombok-1.18.24.jar c:\Users\leona\.vscode\extensions\redhat.java-1.13.0-win32-x64\server\plugins\org.eclipse.equinox.launcher_1.6.400.v20210924-0641.jar -configuration c:\Users\leona\AppData\Roaming\Code\User\globalStorage\redhat.java\1.13.0\config_ss_win -data c:\Users\leona\AppData\Roaming\Code\User\workspaceStorage\4d6941cea85bad1641a17aee31ef6769\redhat.java\ss_ws

Host: Intel(R) Core(TM) i5-9300H CPU @ 2.40GHz, 8 cores, 7G,  Windows 11 , 64 bit Build 22000 (10.0.22000.1219)
Time: Sat Dec  3 08:53:28 2022 Hora Padrão de Buenos Aires elapsed time: 8.499359 seconds (0d 0h 0m 8s)

---------------  T H R E A D  ---------------

Current thread (0x0000020d7a9949b0):  JavaThread "C2 CompilerThread0" daemon [_thread_in_native, id=11520, stack(0x0000001369900000,0x0000001369a00000)]


Current CompileTask:
C2:   8499 2809       4       org.objectweb.asm.ClassReader::readMethod (1066 bytes)

Stack: [0x0000001369900000,0x0000001369a00000]
Native frames: (J=compiled Java code, j=interpreted, Vv=VM code, C=native code)
V  [jvm.dll+0x676b3a]
V  [jvm.dll+0x831444]
V  [jvm.dll+0x832bee]
V  [jvm.dll+0x833253]
V  [jvm.dll+0x244ce5]
V  [jvm.dll+0xabbac]
V  [jvm.dll+0xac17c]
V  [jvm.dll+0x362d02]
V  [jvm.dll+0x1bb498]
V  [jvm.dll+0x217ca9]
V  [jvm.dll+0x216f71]
V  [jvm.dll+0x1a343d]
V  [jvm.dll+0x22698a]
V  [jvm.dll+0x224ac5]
V  [jvm.dll+0x7e727b]
V  [jvm.dll+0x7e17ea]
V  [jvm.dll+0x6759e5]
C  [ucrtbase.dll+0x26c0c]
C  [KERNEL32.DLL+0x15550]
C  [ntdll.dll+0x485b]


---------------  P R O C E S S  ---------------

Threads class SMR info:
_java_thread_list=0x0000020d7d6c3cb0, length=30, elements={
0x0000020d720ee610, 0x0000020d78ecf020, 0x0000020d78ed0630, 0x0000020d78eda280,
0x0000020d78edae30, 0x0000020d78ede900, 0x0000020d7a9678d0, 0x0000020d7a9949b0,
0x0000020d7a9a0170, 0x0000020d7a9a9200, 0x0000020d7ab17bc0, 0x0000020d7ab15a10,
0x0000020d7ab15070, 0x0000020d7ab163b0, 0x0000020d7ab15ee0, 0x0000020d7ab16880,
0x0000020d7ab16d50, 0x0000020d7ab17220, 0x0000020d7ab15540, 0x0000020d7ab176f0,
0x0000020d7ab18090, 0x0000020d7ab18560, 0x0000020d7ab14ba0, 0x0000020d7cd6ffd0,
0x0000020d7cd6f630, 0x0000020d7cd72180, 0x0000020d7cd72b20, 0x0000020d7cd717e0,
0x0000020d7cd6e2f0, 0x0000020d7cd6ec90
}

Java Threads: ( => current thread )
  0x0000020d720ee610 JavaThread "main" [_thread_blocked, id=15116, stack(0x0000001369000000,0x0000001369100000)]
  0x0000020d78ecf020 JavaThread "Reference Handler" daemon [_thread_blocked, id=13792, stack(0x0000001369300000,0x0000001369400000)]
  0x0000020d78ed0630 JavaThread "Finalizer" daemon [_thread_blocked, id=8944, stack(0x0000001369400000,0x0000001369500000)]
  0x0000020d78eda280 JavaThread "Signal Dispatcher" daemon [_thread_blocked, id=23408, stack(0x0000001369500000,0x0000001369600000)]
  0x0000020d78edae30 JavaThread "Attach Listener" daemon [_thread_blocked, id=20652, stack(0x0000001369600000,0x0000001369700000)]
  0x0000020d78ede900 JavaThread "Service Thread" daemon [_thread_blocked, id=8304, stack(0x0000001369700000,0x0000001369800000)]
  0x0000020d7a9678d0 JavaThread "Monitor Deflation Thread" daemon [_thread_blocked, id=15448, stack(0x0000001369800000,0x0000001369900000)]
=>0x0000020d7a9949b0 JavaThread "C2 CompilerThread0" daemon [_thread_in_native, id=11520, stack(0x0000001369900000,0x0000001369a00000)]
  0x0000020d7a9a0170 JavaThread "C1 CompilerThread0" daemon [_thread_blocked, id=17444, stack(0x0000001369a00000,0x0000001369b00000)]
  0x0000020d7a9a9200 JavaThread "Sweeper thread" daemon [_thread_blocked, id=8308, stack(0x0000001369b00000,0x0000001369c00000)]
  0x0000020d7ab17bc0 JavaThread "Common-Cleaner" daemon [_thread_blocked, id=7680, stack(0x0000001369c00000,0x0000001369d00000)]
  0x0000020d7ab15a10 JavaThread "Notification Thread" daemon [_thread_blocked, id=18628, stack(0x0000001369d00000,0x0000001369e00000)]
  0x0000020d7ab15070 JavaThread "Equinox resolver thread - Equinox Container: eab13c03-da77-489d-9db9-66859306869b" daemon [_thread_blocked, id=19092, stack(0x000000136a500000,0x000000136a600000)]
  0x0000020d7ab163b0 JavaThread "Equinox resolver thread - Equinox Container: eab13c03-da77-489d-9db9-66859306869b" daemon [_thread_blocked, id=23388, stack(0x000000136a600000,0x000000136a700000)]
  0x0000020d7ab15ee0 JavaThread "Equinox resolver thread - Equinox Container: eab13c03-da77-489d-9db9-66859306869b" daemon [_thread_blocked, id=15644, stack(0x000000136a700000,0x000000136a800000)]
  0x0000020d7ab16880 JavaThread "Equinox resolver thread - Equinox Container: eab13c03-da77-489d-9db9-66859306869b" daemon [_thread_blocked, id=22400, stack(0x000000136a800000,0x000000136a900000)]
  0x0000020d7ab16d50 JavaThread "Equinox resolver thread - Equinox Container: eab13c03-da77-489d-9db9-66859306869b" daemon [_thread_blocked, id=24072, stack(0x000000136a900000,0x000000136aa00000)]
  0x0000020d7ab17220 JavaThread "Equinox resolver thread - Equinox Container: eab13c03-da77-489d-9db9-66859306869b" daemon [_thread_blocked, id=15656, stack(0x000000136aa00000,0x000000136ab00000)]
  0x0000020d7ab15540 JavaThread "Active Thread: Equinox Container: eab13c03-da77-489d-9db9-66859306869b" [_thread_blocked, id=17972, stack(0x000000136ab00000,0x000000136ac00000)]
  0x0000020d7ab176f0 JavaThread "Framework Event Dispatcher: Equinox Container: eab13c03-da77-489d-9db9-66859306869b" daemon [_thread_blocked, id=13032, stack(0x000000136ac00000,0x000000136ad00000)]
  0x0000020d7ab18090 JavaThread "Start Level: Equinox Container: eab13c03-da77-489d-9db9-66859306869b" daemon [_thread_blocked, id=20212, stack(0x000000136ad00000,0x000000136ae00000)]
  0x0000020d7ab18560 JavaThread "Refresh Thread: Equinox Container: eab13c03-da77-489d-9db9-66859306869b" daemon [_thread_blocked, id=22960, stack(0x000000136af00000,0x000000136b000000)]
  0x0000020d7ab14ba0 JavaThread "Equinox resolver thread - Equinox Container: eab13c03-da77-489d-9db9-66859306869b" daemon [_thread_blocked, id=10468, stack(0x000000136b000000,0x000000136b100000)]
  0x0000020d7cd6ffd0 JavaThread "Equinox resolver thread - Equinox Container: eab13c03-da77-489d-9db9-66859306869b" daemon [_thread_blocked, id=10120, stack(0x000000136b100000,0x000000136b200000)]
  0x0000020d7cd6f630 JavaThread "SCR Component Actor" daemon [_thread_blocked, id=22572, stack(0x000000136b200000,0x000000136b300000)]
  0x0000020d7cd72180 JavaThread "SCR Component Registry" daemon [_thread_blocked, id=6164, stack(0x000000136b300000,0x000000136b400000)]
  0x0000020d7cd72b20 JavaThread "Worker-JM" [_thread_blocked, id=23076, stack(0x000000136b400000,0x000000136b500000)]
  0x0000020d7cd717e0 JavaThread "Worker-0" [_thread_blocked, id=9196, stack(0x000000136b500000,0x000000136b600000)]
  0x0000020d7cd6e2f0 JavaThread "Worker-1" [_thread_blocked, id=10312, stack(0x000000136b600000,0x000000136b700000)]
  0x0000020d7cd6ec90 JavaThread "Java indexing" daemon [_thread_blocked, id=4340, stack(0x000000136b700000,0x000000136b800000)]

Other Threads:
  0x0000020d7a940c20 VMThread "VM Thread" [stack: 0x0000001369200000,0x0000001369300000] [id=21884]
  0x0000020d7b900b40 WatcherThread [stack: 0x0000001369e00000,0x0000001369f00000] [id=14808]
  0x0000020d720fe390 GCTaskThread "GC Thread#0" [stack: 0x0000001369100000,0x0000001369200000] [id=23300]
  0x0000020d7bdbfd10 GCTaskThread "GC Thread#1" [stack: 0x0000001369f00000,0x000000136a000000] [id=23120]
  0x0000020d7bdfc640 GCTaskThread "GC Thread#2" [stack: 0x000000136a000000,0x000000136a100000] [id=10236]
  0x0000020d7bdfc8f0 GCTaskThread "GC Thread#3" [stack: 0x000000136a100000,0x000000136a200000] [id=23512]
  0x0000020d7bdfcba0 GCTaskThread "GC Thread#4" [stack: 0x000000136a200000,0x000000136a300000] [id=13840]
  0x0000020d7bdfce50 GCTaskThread "GC Thread#5" [stack: 0x000000136a300000,0x000000136a400000] [id=1956]
  0x0000020d7bf42040 GCTaskThread "GC Thread#6" [stack: 0x000000136a400000,0x000000136a500000] [id=23128]
  0x0000020d7cc7e210 GCTaskThread "GC Thread#7" [stack: 0x000000136ae00000,0x000000136af00000] [id=21648]

Threads with active compile tasks:
C2 CompilerThread0     8528 2809       4       org.objectweb.asm.ClassReader::readMethod (1066 bytes)

VM state: not at safepoint (normal execution)

VM Mutex/Monitor currently owned by a thread: None

Heap address: 0x00000000c0000000, size: 1024 MB, Compressed Oops mode: 32-bit

CDS archive(s) not mapped
Compressed class space mapped at: 0x0000000100000000-0x0000000140000000, reserved size: 1073741824
Narrow klass base: 0x0000000000000000, Narrow klass shift: 3, Narrow klass range: 0x140000000

GC Precious Log:
 CPUs: 8 total, 8 available
 Memory: 8036M
 Large Page Support: Disabled
 NUMA Support: Disabled
 Compressed Oops: Enabled (32-bit)
 Alignments: Space 512K, Generation 512K, Heap 2M
 Heap Min Capacity: 100M
 Heap Initial Capacity: 100M
 Heap Max Capacity: 1G
 Pre-touch: Disabled
 Parallel Workers: 8

Heap:
 PSYoungGen      total 26624K, used 3815K [0x00000000eab00000, 0x00000000ec980000, 0x0000000100000000)
  eden space 24576K, 12% used [0x00000000eab00000,0x00000000eadfaf58,0x00000000ec300000)
  from space 2048K, 37% used [0x00000000ec600000,0x00000000ec6bef38,0x00000000ec800000)
  to   space 1024K, 0% used [0x00000000ec880000,0x00000000ec880000,0x00000000ec980000)
 ParOldGen       total 68608K, used 8704K [0x00000000c0000000, 0x00000000c4300000, 0x00000000eab00000)
  object space 68608K, 12% used [0x00000000c0000000,0x00000000c08802a8,0x00000000c4300000)
 Metaspace       used 28131K, committed 28608K, reserved 1081344K
  class space    used 2699K, committed 2944K, reserved 1048576K

Card table byte_map: [0x0000020d76750000,0x0000020d76960000] _byte_map_base: 0x0000020d76150000

Marking Bits: (ParMarkBitMap*) 0x00007ffadff00dd0
 Begin Bits: [0x0000020d76ac0000, 0x0000020d77ac0000)
 End Bits:   [0x0000020d77ac0000, 0x0000020d78ac0000)

Polling page: 0x0000020d721c0000

Metaspace:

Usage:
  Non-class:     24.84 MB used.
      Class:      2.64 MB used.
       Both:     27.47 MB used.

Virtual space:
  Non-class space:       32.00 MB reserved,      25.06 MB ( 78%) committed,  4 nodes.
      Class space:        1.00 GB reserved,       2.88 MB ( <1%) committed,  1 nodes.
             Both:        1.03 GB reserved,      27.94 MB (  3%) committed. 

Chunk freelists:
   Non-Class:  2.78 MB
       Class:  1008.00 KB
        Both:  3.77 MB

MaxMetaspaceSize: unlimited
CompressedClassSpaceSize: 1.00 GB
Initial GC threshold: 21.00 MB
Current GC threshold: 35.00 MB
CDS: off
MetaspaceReclaimPolicy: balanced
 - commit_granule_bytes: 65536.
 - commit_granule_words: 8192.
 - virtual_space_node_default_size: 1048576.
 - enlarge_chunks_in_place: 1.
 - new_chunks_are_fully_committed: 0.
 - uncommit_free_chunks: 1.
 - use_allocation_guard: 0.
 - handle_deallocations: 1.


Internal statistics:

num_allocs_failed_limit: 3.
num_arena_births: 186.
num_arena_deaths: 14.
num_vsnodes_births: 5.
num_vsnodes_deaths: 0.
num_space_committed: 447.
num_space_uncommitted: 0.
num_chunks_returned_to_freelist: 17.
num_chunks_taken_from_freelist: 897.
num_chunk_merges: 7.
num_chunk_splits: 622.
num_chunks_enlarged: 473.
num_purges: 2.
num_inconsistent_stats: 0.

CodeHeap 'non-profiled nmethods': size=120000Kb used=999Kb max_used=999Kb free=119001Kb
 bounds [0x0000020d07ad0000, 0x0000020d07d40000, 0x0000020d0f000000]
CodeHeap 'profiled nmethods': size=120000Kb used=6159Kb max_used=6159Kb free=113840Kb
 bounds [0x0000020d005a0000, 0x0000020d00bb0000, 0x0000020d07ad0000]
CodeHeap 'non-nmethods': size=5760Kb used=1229Kb max_used=1231Kb free=4530Kb
 bounds [0x0000020d00000000, 0x0000020d00270000, 0x0000020d005a0000]
 total_blobs=3429 nmethods=2891 adapters=452
 compilation: enabled
              stopped_count=0, restarted_count=0
 full_count=0

Compilation events (20 events):
Event: 8.209 Thread 0x0000020d7a9a0170 2888       3       java.lang.invoke.LambdaForm$NamedFunction::intrinsicName (21 bytes)
Event: 8.209 Thread 0x0000020d7a9a0170 nmethod 2888 0x0000020d00ba1810 code [0x0000020d00ba19c0, 0x0000020d00ba1c08]
Event: 8.209 Thread 0x0000020d7a9a0170 2890       3       java.lang.invoke.DirectMethodHandle::internalMemberName (8 bytes)
Event: 8.209 Thread 0x0000020d7a9a0170 nmethod 2890 0x0000020d00ba1d10 code [0x0000020d00ba1ea0, 0x0000020d00ba2078]
Event: 8.239 Thread 0x0000020d7a9a0170 2891       1       java.util.concurrent.atomic.AtomicLong::get (5 bytes)
Event: 8.240 Thread 0x0000020d7a9a0170 nmethod 2891 0x0000020d07bc9310 code [0x0000020d07bc94a0, 0x0000020d07bc9578]
Event: 8.254 Thread 0x0000020d7a9a0170 2892       3       java.util.ArrayList$ArrayListSpliterator::getFence (35 bytes)
Event: 8.254 Thread 0x0000020d7a9a0170 nmethod 2892 0x0000020d00ba2190 code [0x0000020d00ba2320, 0x0000020d00ba2478]
Event: 8.255 Thread 0x0000020d7a9a0170 2893       3       jdk.internal.org.objectweb.asm.SymbolTable::addConstantUtf8Reference (101 bytes)
Event: 8.256 Thread 0x0000020d7a9a0170 nmethod 2893 0x0000020d00ba2510 code [0x0000020d00ba2720, 0x0000020d00ba2cf8]
Event: 8.274 Thread 0x0000020d7a9a0170 2894       3       java.util.TreeMap::leftOf (13 bytes)
Event: 8.274 Thread 0x0000020d7a9a0170 nmethod 2894 0x0000020d00ba3010 code [0x0000020d00ba31a0, 0x0000020d00ba3318]
Event: 8.274 Thread 0x0000020d7a9a0170 2895       3       java.lang.Character::toUpperCase (6 bytes)
Event: 8.274 Thread 0x0000020d7a9a0170 nmethod 2895 0x0000020d00ba3410 code [0x0000020d00ba35c0, 0x0000020d00ba3818]
Event: 8.274 Thread 0x0000020d7a9a0170 2896       3       java.lang.Character::toUpperCase (9 bytes)
Event: 8.274 Thread 0x0000020d7a9a0170 nmethod 2896 0x0000020d00ba3910 code [0x0000020d00ba3ac0, 0x0000020d00ba3cb8]
Event: 8.278 Thread 0x0000020d7a9a0170 2897       1       org.eclipse.osgi.internal.loader.sources.PackageSource::getId (5 bytes)
Event: 8.278 Thread 0x0000020d7a9a0170 nmethod 2897 0x0000020d07bc9610 code [0x0000020d07bc97a0, 0x0000020d07bc9878]
Event: 8.352 Thread 0x0000020d7a9a0170 2898       1       org.eclipse.core.internal.jobs.InternalJob::previous (5 bytes)
Event: 8.352 Thread 0x0000020d7a9a0170 nmethod 2898 0x0000020d07bc9910 code [0x0000020d07bc9aa0, 0x0000020d07bc9b78]

GC Heap History (16 events):
Event: 2.085 GC heap before
{Heap before GC invocations=1 (full 0):
 PSYoungGen      total 29696K, used 25600K [0x00000000eab00000, 0x00000000ecc00000, 0x0000000100000000)
  eden space 25600K, 100% used [0x00000000eab00000,0x00000000ec400000,0x00000000ec400000)
  from space 4096K, 0% used [0x00000000ec800000,0x00000000ec800000,0x00000000ecc00000)
  to   space 4096K, 0% used [0x00000000ec400000,0x00000000ec400000,0x00000000ec800000)
 ParOldGen       total 68608K, used 0K [0x00000000c0000000, 0x00000000c4300000, 0x00000000eab00000)
  object space 68608K, 0% used [0x00000000c0000000,0x00000000c0000000,0x00000000c4300000)
 Metaspace       used 11035K, committed 11200K, reserved 1064960K
  class space    used 1103K, committed 1152K, reserved 1048576K
}
Event: 2.094 GC heap after
{Heap after GC invocations=1 (full 0):
 PSYoungGen      total 29696K, used 3688K [0x00000000eab00000, 0x00000000ecc00000, 0x0000000100000000)
  eden space 25600K, 0% used [0x00000000eab00000,0x00000000eab00000,0x00000000ec400000)
  from space 4096K, 90% used [0x00000000ec400000,0x00000000ec79a228,0x00000000ec800000)
  to   space 4096K, 0% used [0x00000000ec800000,0x00000000ec800000,0x00000000ecc00000)
 ParOldGen       total 68608K, used 16K [0x00000000c0000000, 0x00000000c4300000, 0x00000000eab00000)
  object space 68608K, 0% used [0x00000000c0000000,0x00000000c0004000,0x00000000c4300000)
 Metaspace       used 11035K, committed 11200K, reserved 1064960K
  class space    used 1103K, committed 1152K, reserved 1048576K
}
Event: 5.885 GC heap before
{Heap before GC invocations=2 (full 0):
 PSYoungGen      total 29696K, used 29288K [0x00000000eab00000, 0x00000000ecc00000, 0x0000000100000000)
  eden space 25600K, 100% used [0x00000000eab00000,0x00000000ec400000,0x00000000ec400000)
  from space 4096K, 90% used [0x00000000ec400000,0x00000000ec79a228,0x00000000ec800000)
  to   space 4096K, 0% used [0x00000000ec800000,0x00000000ec800000,0x00000000ecc00000)
 ParOldGen       total 68608K, used 16K [0x00000000c0000000, 0x00000000c4300000, 0x00000000eab00000)
  object space 68608K, 0% used [0x00000000c0000000,0x00000000c0004000,0x00000000c4300000)
 Metaspace       used 14127K, committed 14272K, reserved 1064960K
  class space    used 1413K, committed 1472K, reserved 1048576K
}
Event: 5.890 GC heap after
{Heap after GC invocations=2 (full 0):
 PSYoungGen      total 29696K, used 4077K [0x00000000eab00000, 0x00000000ecc00000, 0x0000000100000000)
  eden space 25600K, 0% used [0x00000000eab00000,0x00000000eab00000,0x00000000ec400000)
  from space 4096K, 99% used [0x00000000ec800000,0x00000000ecbfb6f0,0x00000000ecc00000)
  to   space 4096K, 0% used [0x00000000ec400000,0x00000000ec400000,0x00000000ec800000)
 ParOldGen       total 68608K, used 1391K [0x00000000c0000000, 0x00000000c4300000, 0x00000000eab00000)
  object space 68608K, 2% used [0x00000000c0000000,0x00000000c015bee8,0x00000000c4300000)
 Metaspace       used 14127K, committed 14272K, reserved 1064960K
  class space    used 1413K, committed 1472K, reserved 1048576K
}
Event: 6.516 GC heap before
{Heap before GC invocations=3 (full 0):
 PSYoungGen      total 29696K, used 29661K [0x00000000eab00000, 0x00000000ecc00000, 0x0000000100000000)
  eden space 25600K, 99% used [0x00000000eab00000,0x00000000ec3fbf98,0x00000000ec400000)
  from space 4096K, 99% used [0x00000000ec800000,0x00000000ecbfb6f0,0x00000000ecc00000)
  to   space 4096K, 0% used [0x00000000ec400000,0x00000000ec400000,0x00000000ec800000)
 ParOldGen       total 68608K, used 1391K [0x00000000c0000000, 0x00000000c4300000, 0x00000000eab00000)
  object space 68608K, 2% used [0x00000000c0000000,0x00000000c015bee8,0x00000000c4300000)
 Metaspace       used 16472K, committed 16768K, reserved 1064960K
  class space    used 1675K, committed 1792K, reserved 1048576K
}
Event: 6.522 GC heap after
{Heap after GC invocations=3 (full 0):
 PSYoungGen      total 29696K, used 4084K [0x00000000eab00000, 0x00000000ecc00000, 0x0000000100000000)
  eden space 25600K, 0% used [0x00000000eab00000,0x00000000eab00000,0x00000000ec400000)
  from space 4096K, 99% used [0x00000000ec400000,0x00000000ec7fd3d8,0x00000000ec800000)
  to   space 4096K, 0% used [0x00000000ec800000,0x00000000ec800000,0x00000000ecc00000)
 ParOldGen       total 68608K, used 3430K [0x00000000c0000000, 0x00000000c4300000, 0x00000000eab00000)
  object space 68608K, 5% used [0x00000000c0000000,0x00000000c03599f0,0x00000000c4300000)
 Metaspace       used 16472K, committed 16768K, reserved 1064960K
  class space    used 1675K, committed 1792K, reserved 1048576K
}
Event: 7.312 GC heap before
{Heap before GC invocations=4 (full 0):
 PSYoungGen      total 29696K, used 29684K [0x00000000eab00000, 0x00000000ecc00000, 0x0000000100000000)
  eden space 25600K, 100% used [0x00000000eab00000,0x00000000ec400000,0x00000000ec400000)
  from space 4096K, 99% used [0x00000000ec400000,0x00000000ec7fd3d8,0x00000000ec800000)
  to   space 4096K, 0% used [0x00000000ec800000,0x00000000ec800000,0x00000000ecc00000)
 ParOldGen       total 68608K, used 3430K [0x00000000c0000000, 0x00000000c4300000, 0x00000000eab00000)
  object space 68608K, 5% used [0x00000000c0000000,0x00000000c03599f0,0x00000000c4300000)
 Metaspace       used 21103K, committed 21504K, reserved 1073152K
  class space    used 2134K, committed 2368K, reserved 1048576K
}
Event: 7.315 GC heap after
{Heap after GC invocations=4 (full 0):
 PSYoungGen      total 29696K, used 4081K [0x00000000eab00000, 0x00000000ecc00000, 0x0000000100000000)
  eden space 25600K, 0% used [0x00000000eab00000,0x00000000eab00000,0x00000000ec400000)
  from space 4096K, 99% used [0x00000000ec800000,0x00000000ecbfc490,0x00000000ecc00000)
  to   space 4096K, 0% used [0x00000000ec400000,0x00000000ec400000,0x00000000ec800000)
 ParOldGen       total 68608K, used 4964K [0x00000000c0000000, 0x00000000c4300000, 0x00000000eab00000)
  object space 68608K, 7% used [0x00000000c0000000,0x00000000c04d9060,0x00000000c4300000)
 Metaspace       used 21103K, committed 21504K, reserved 1073152K
  class space    used 2134K, committed 2368K, reserved 1048576K
}
Event: 7.324 GC heap before
{Heap before GC invocations=5 (full 0):
 PSYoungGen      total 29696K, used 4414K [0x00000000eab00000, 0x00000000ecc00000, 0x0000000100000000)
  eden space 25600K, 1% used [0x00000000eab00000,0x00000000eab53370,0x00000000ec400000)
  from space 4096K, 99% used [0x00000000ec800000,0x00000000ecbfc490,0x00000000ecc00000)
  to   space 4096K, 0% used [0x00000000ec400000,0x00000000ec400000,0x00000000ec800000)
 ParOldGen       total 68608K, used 4964K [0x00000000c0000000, 0x00000000c4300000, 0x00000000eab00000)
  object space 68608K, 7% used [0x00000000c0000000,0x00000000c04d9060,0x00000000c4300000)
 Metaspace       used 21124K, committed 21504K, reserved 1073152K
  class space    used 2135K, committed 2368K, reserved 1048576K
}
Event: 7.327 GC heap after
{Heap after GC invocations=5 (full 0):
 PSYoungGen      total 29696K, used 4070K [0x00000000eab00000, 0x00000000ece00000, 0x0000000100000000)
  eden space 25600K, 0% used [0x00000000eab00000,0x00000000eab00000,0x00000000ec400000)
  from space 4096K, 99% used [0x00000000ec400000,0x00000000ec7f9bd0,0x00000000ec800000)
  to   space 5120K, 0% used [0x00000000ec900000,0x00000000ec900000,0x00000000ece00000)
 ParOldGen       total 68608K, used 4964K [0x00000000c0000000, 0x00000000c4300000, 0x00000000eab00000)
  object space 68608K, 7% used [0x00000000c0000000,0x00000000c04d9060,0x00000000c4300000)
 Metaspace       used 21124K, committed 21504K, reserved 1073152K
  class space    used 2135K, committed 2368K, reserved 1048576K
}
Event: 7.327 GC heap before
{Heap before GC invocations=6 (full 1):
 PSYoungGen      total 29696K, used 4070K [0x00000000eab00000, 0x00000000ece00000, 0x0000000100000000)
  eden space 25600K, 0% used [0x00000000eab00000,0x00000000eab00000,0x00000000ec400000)
  from space 4096K, 99% used [0x00000000ec400000,0x00000000ec7f9bd0,0x00000000ec800000)
  to   space 5120K, 0% used [0x00000000ec900000,0x00000000ec900000,0x00000000ece00000)
 ParOldGen       total 68608K, used 4964K [0x00000000c0000000, 0x00000000c4300000, 0x00000000eab00000)
  object space 68608K, 7% used [0x00000000c0000000,0x00000000c04d9060,0x00000000c4300000)
 Metaspace       used 21124K, committed 21504K, reserved 1073152K
  class space    used 2135K, committed 2368K, reserved 1048576K
}
Event: 7.358 GC heap after
{Heap after GC invocations=6 (full 1):
 PSYoungGen      total 29696K, used 0K [0x00000000eab00000, 0x00000000ece00000, 0x0000000100000000)
  eden space 25600K, 0% used [0x00000000eab00000,0x00000000eab00000,0x00000000ec400000)
  from space 4096K, 0% used [0x00000000ec400000,0x00000000ec400000,0x00000000ec800000)
  to   space 5120K, 0% used [0x00000000ec900000,0x00000000ec900000,0x00000000ece00000)
 ParOldGen       total 68608K, used 8688K [0x00000000c0000000, 0x00000000c4300000, 0x00000000eab00000)
  object space 68608K, 12% used [0x00000000c0000000,0x00000000c087c2a8,0x00000000c4300000)
 Metaspace       used 21111K, committed 21504K, reserved 1073152K
  class space    used 2132K, committed 2368K, reserved 1048576K
}
Event: 7.767 GC heap before
{Heap before GC invocations=7 (full 1):
 PSYoungGen      total 29696K, used 25600K [0x00000000eab00000, 0x00000000ece00000, 0x0000000100000000)
  eden space 25600K, 100% used [0x00000000eab00000,0x00000000ec400000,0x00000000ec400000)
  from space 4096K, 0% used [0x00000000ec400000,0x00000000ec400000,0x00000000ec800000)
  to   space 5120K, 0% used [0x00000000ec900000,0x00000000ec900000,0x00000000ece00000)
 ParOldGen       total 68608K, used 8688K [0x00000000c0000000, 0x00000000c4300000, 0x00000000eab00000)
  object space 68608K, 12% used [0x00000000c0000000,0x00000000c087c2a8,0x00000000c4300000)
 Metaspace       used 24616K, committed 25088K, reserved 1073152K
  class space    used 2399K, committed 2624K, reserved 1048576K
}
Event: 7.768 GC heap after
{Heap after GC invocations=7 (full 1):
 PSYoungGen      total 26112K, used 550K [0x00000000eab00000, 0x00000000eca00000, 0x0000000100000000)
  eden space 25088K, 0% used [0x00000000eab00000,0x00000000eab00000,0x00000000ec380000)
  from space 1024K, 53% used [0x00000000ec900000,0x00000000ec989968,0x00000000eca00000)
  to   space 2048K, 0% used [0x00000000ec600000,0x00000000ec600000,0x00000000ec800000)
 ParOldGen       total 68608K, used 8696K [0x00000000c0000000, 0x00000000c4300000, 0x00000000eab00000)
  object space 68608K, 12% used [0x00000000c0000000,0x00000000c087e2a8,0x00000000c4300000)
 Metaspace       used 24616K, committed 25088K, reserved 1073152K
  class space    used 2399K, committed 2624K, reserved 1048576K
}
Event: 8.177 GC heap before
{Heap before GC invocations=8 (full 1):
 PSYoungGen      total 26112K, used 25638K [0x00000000eab00000, 0x00000000eca00000, 0x0000000100000000)
  eden space 25088K, 100% used [0x00000000eab00000,0x00000000ec380000,0x00000000ec380000)
  from space 1024K, 53% used [0x00000000ec900000,0x00000000ec989968,0x00000000eca00000)
  to   space 2048K, 0% used [0x00000000ec600000,0x00000000ec600000,0x00000000ec800000)
 ParOldGen       total 68608K, used 8696K [0x00000000c0000000, 0x00000000c4300000, 0x00000000eab00000)
  object space 68608K, 12% used [0x00000000c0000000,0x00000000c087e2a8,0x00000000c4300000)
 Metaspace       used 27788K, committed 28224K, reserved 1081344K
  class space    used 2655K, committed 2880K, reserved 1048576K
}
Event: 8.178 GC heap after
{Heap after GC invocations=8 (full 1):
 PSYoungGen      total 26624K, used 763K [0x00000000eab00000, 0x00000000ec980000, 0x0000000100000000)
  eden space 24576K, 0% used [0x00000000eab00000,0x00000000eab00000,0x00000000ec300000)
  from space 2048K, 37% used [0x00000000ec600000,0x00000000ec6bef38,0x00000000ec800000)
  to   space 1024K, 0% used [0x00000000ec880000,0x00000000ec880000,0x00000000ec980000)
 ParOldGen       total 68608K, used 8704K [0x00000000c0000000, 0x00000000c4300000, 0x00000000eab00000)
  object space 68608K, 12% used [0x00000000c0000000,0x00000000c08802a8,0x00000000c4300000)
 Metaspace       used 27788K, committed 28224K, reserved 1081344K
  class space    used 2655K, committed 2880K, reserved 1048576K
}

Dll operation events (9 events):
Event: 0.382 Loaded shared library c:\Users\leona\.vscode\extensions\redhat.java-1.13.0-win32-x64\jre\17.0.5-win32-x86_64\bin\java.dll
Event: 0.881 Loaded shared library c:\Users\leona\.vscode\extensions\redhat.java-1.13.0-win32-x64\jre\17.0.5-win32-x86_64\bin\zip.dll
Event: 0.884 Loaded shared library C:\Users\leona\.vscode\extensions\redhat.java-1.13.0-win32-x64\jre\17.0.5-win32-x86_64\bin\instrument.dll
Event: 0.950 Loaded shared library C:\Users\leona\.vscode\extensions\redhat.java-1.13.0-win32-x64\jre\17.0.5-win32-x86_64\bin\net.dll
Event: 0.988 Loaded shared library C:\Users\leona\.vscode\extensions\redhat.java-1.13.0-win32-x64\jre\17.0.5-win32-x86_64\bin\nio.dll
Event: 1.009 Loaded shared library C:\Users\leona\.vscode\extensions\redhat.java-1.13.0-win32-x64\jre\17.0.5-win32-x86_64\bin\zip.dll
Event: 1.031 Loaded shared library C:\Users\leona\.vscode\extensions\redhat.java-1.13.0-win32-x64\jre\17.0.5-win32-x86_64\bin\jimage.dll
Event: 1.147 Loaded shared library c:\Users\leona\.vscode\extensions\redhat.java-1.13.0-win32-x64\jre\17.0.5-win32-x86_64\bin\verify.dll
Event: 6.085 Loaded shared library C:\Users\leona\AppData\Roaming\Code\User\globalStorage\redhat.java\1.13.0\config_ss_win\org.eclipse.equinox.launcher\org.eclipse.equinox.launcher.win32.win32.x86_64_1.2.600.v20220720-1916\eclipse_11700.dll

Deoptimization events (20 events):
Event: 8.203 Thread 0x0000020d7ab18090 DEOPT PACKING pc=0x0000020d006aee1e sp=0x000000136adf9030
Event: 8.203 Thread 0x0000020d7ab18090 DEOPT UNPACKING pc=0x0000020d00052843 sp=0x000000136adf8528 mode 0
Event: 8.203 Thread 0x0000020d7ab18090 DEOPT PACKING pc=0x0000020d006aee1e sp=0x000000136adf9030
Event: 8.203 Thread 0x0000020d7ab18090 DEOPT UNPACKING pc=0x0000020d00052843 sp=0x000000136adf8528 mode 0
Event: 8.273 Thread 0x0000020d7ab18090 Uncommon trap: trap_request=0xffffffc6 fr.pc=0x0000020d07b49ec0 relative=0x0000000000000a80
Event: 8.273 Thread 0x0000020d7ab18090 Uncommon trap: reason=bimorphic_or_optimized_type_check action=maybe_recompile pc=0x0000020d07b49ec0 method=java.util.HashMap.putVal(ILjava/lang/Object;Ljava/lang/Object;ZZ)Ljava/lang/Object; @ 56 c2
Event: 8.273 Thread 0x0000020d7ab18090 DEOPT PACKING pc=0x0000020d07b49ec0 sp=0x000000136adfdd90
Event: 8.273 Thread 0x0000020d7ab18090 DEOPT UNPACKING pc=0x0000020d000520a3 sp=0x000000136adfdce8 mode 2
Event: 8.273 Thread 0x0000020d7ab18090 Uncommon trap: trap_request=0xffffffc6 fr.pc=0x0000020d07b49ec0 relative=0x0000000000000a80
Event: 8.273 Thread 0x0000020d7ab18090 Uncommon trap: reason=bimorphic_or_optimized_type_check action=maybe_recompile pc=0x0000020d07b49ec0 method=java.util.HashMap.putVal(ILjava/lang/Object;Ljava/lang/Object;ZZ)Ljava/lang/Object; @ 56 c2
Event: 8.273 Thread 0x0000020d7ab18090 DEOPT PACKING pc=0x0000020d07b49ec0 sp=0x000000136adfdd90
Event: 8.273 Thread 0x0000020d7ab18090 DEOPT UNPACKING pc=0x0000020d000520a3 sp=0x000000136adfdce8 mode 2
Event: 8.273 Thread 0x0000020d7ab18090 Uncommon trap: trap_request=0xffffffc6 fr.pc=0x0000020d07b49ec0 relative=0x0000000000000a80
Event: 8.273 Thread 0x0000020d7ab18090 Uncommon trap: reason=bimorphic_or_optimized_type_check action=maybe_recompile pc=0x0000020d07b49ec0 method=java.util.HashMap.putVal(ILjava/lang/Object;Ljava/lang/Object;ZZ)Ljava/lang/Object; @ 56 c2
Event: 8.273 Thread 0x0000020d7ab18090 DEOPT PACKING pc=0x0000020d07b49ec0 sp=0x000000136adfdd90
Event: 8.273 Thread 0x0000020d7ab18090 DEOPT UNPACKING pc=0x0000020d000520a3 sp=0x000000136adfdce8 mode 2
Event: 8.273 Thread 0x0000020d7ab18090 Uncommon trap: trap_request=0xffffffc6 fr.pc=0x0000020d07b49ec0 relative=0x0000000000000a80
Event: 8.273 Thread 0x0000020d7ab18090 Uncommon trap: reason=bimorphic_or_optimized_type_check action=maybe_recompile pc=0x0000020d07b49ec0 method=java.util.HashMap.putVal(ILjava/lang/Object;Ljava/lang/Object;ZZ)Ljava/lang/Object; @ 56 c2
Event: 8.273 Thread 0x0000020d7ab18090 DEOPT PACKING pc=0x0000020d07b49ec0 sp=0x000000136adfdd90
Event: 8.273 Thread 0x0000020d7ab18090 DEOPT UNPACKING pc=0x0000020d000520a3 sp=0x000000136adfdce8 mode 2

Classes unloaded (7 events):
Event: 7.332 Thread 0x0000020d7a940c20 Unloading class 0x000000010022a000 'java/lang/invoke/LambdaForm$MH+0x000000010022a000'
Event: 7.332 Thread 0x0000020d7a940c20 Unloading class 0x0000000100229c00 'java/lang/invoke/LambdaForm$MH+0x0000000100229c00'
Event: 7.332 Thread 0x0000020d7a940c20 Unloading class 0x0000000100229800 'java/lang/invoke/LambdaForm$MH+0x0000000100229800'
Event: 7.332 Thread 0x0000020d7a940c20 Unloading class 0x0000000100229400 'java/lang/invoke/LambdaForm$MH+0x0000000100229400'
Event: 7.332 Thread 0x0000020d7a940c20 Unloading class 0x0000000100228c00 'java/lang/invoke/LambdaForm$BMH+0x0000000100228c00'
Event: 7.332 Thread 0x0000020d7a940c20 Unloading class 0x0000000100228800 'java/lang/invoke/LambdaForm$DMH+0x0000000100228800'
Event: 7.332 Thread 0x0000020d7a940c20 Unloading class 0x0000000100226000 'java/lang/invoke/LambdaForm$DMH+0x0000000100226000'

Classes redefined (0 events):
No events

Internal exceptions (20 events):
Event: 6.234 Thread 0x0000020d7ab18090 Exception <a 'java/lang/NoSuchMethodError'{0x00000000ebe95b58}: 'java.lang.Object java.lang.invoke.DirectMethodHandle$Holder.invokeStaticInit(java.lang.Object)'> (0x00000000ebe95b58) 
thrown [s\src\hotspot\share\interpreter\linkResolver.cpp, line 759]
Event: 6.874 Thread 0x0000020d7ab18090 Exception <a 'java/io/FileNotFoundException'{0x00000000eb55f210}> (0x00000000eb55f210) 
thrown [s\src\hotspot\share\prims\jni.cpp, line 516]
Event: 6.883 Thread 0x0000020d7ab18090 Exception <a 'java/lang/NullPointerException'{0x00000000eb5a4d88}> (0x00000000eb5a4d88) 
thrown [s\src\hotspot\share\interpreter\linkResolver.cpp, line 1350]
Event: 6.883 Thread 0x0000020d7ab18090 Exception <a 'java/lang/NullPointerException'{0x00000000eb5a55b0}> (0x00000000eb5a55b0) 
thrown [s\src\hotspot\share\interpreter\linkResolver.cpp, line 1350]
Event: 7.037 Thread 0x0000020d7ab18090 Exception <a 'java/lang/NoSuchMethodError'{0x00000000ebaafa40}: 'void java.lang.invoke.DirectMethodHandle$Holder.invokeInterface(java.lang.Object, java.lang.Object, java.lang.Object)'> (0x00000000ebaafa40) 
thrown [s\src\hotspot\share\interpreter\linkResolver.cpp, line 759]
Event: 7.134 Thread 0x0000020d7ab18090 Exception <a 'java/lang/NoSuchMethodError'{0x00000000ebe6b430}: 'java.lang.Object java.lang.invoke.DirectMethodHandle$Holder.invokeStatic(java.lang.Object, java.lang.Object, int)'> (0x00000000ebe6b430) 
thrown [s\src\hotspot\share\interpreter\linkResolver.cpp, line 759]
Event: 7.135 Thread 0x0000020d7ab18090 Exception <a 'java/lang/NoSuchMethodError'{0x00000000ebe70280}: 'void java.lang.invoke.DirectMethodHandle$Holder.invokeStatic(java.lang.Object, java.lang.Object, int, java.lang.Object)'> (0x00000000ebe70280) 
thrown [s\src\hotspot\share\interpreter\linkResolver.cpp, line 759]
Event: 7.136 Thread 0x0000020d7ab18090 Exception <a 'java/lang/NoSuchMethodError'{0x00000000ebe779b0}: 'void java.lang.invoke.DelegatingMethodHandle$Holder.delegate(java.lang.Object, java.lang.Object, int, java.lang.Object)'> (0x00000000ebe779b0) 
thrown [s\src\hotspot\share\interpreter\linkResolver.cpp, line 759]
Event: 7.137 Thread 0x0000020d7ab18090 Exception <a 'java/lang/NoSuchMethodError'{0x00000000ebe88348}: 'int java.lang.invoke.DirectMethodHandle$Holder.invokeStatic(java.lang.Object, java.lang.Object, int)'> (0x00000000ebe88348) 
thrown [s\src\hotspot\share\interpreter\linkResolver.cpp, line 759]
Event: 7.138 Thread 0x0000020d7ab18090 Exception <a 'java/lang/NoSuchMethodError'{0x00000000ebe8c370}: 'int java.lang.invoke.DirectMethodHandle$Holder.invokeSpecial(java.lang.Object, java.lang.Object, java.lang.Object, int)'> (0x00000000ebe8c370) 
thrown [s\src\hotspot\share\interpreter\linkResolver.cpp, line 759]
Event: 7.141 Thread 0x0000020d7ab18090 Exception <a 'java/lang/NoSuchMethodError'{0x00000000ebea7358}: 'java.lang.Object java.lang.invoke.DirectMethodHandle$Holder.invokeStatic(java.lang.Object, java.lang.Object, java.lang.Object, java.lang.Object, int)'> (0x00000000ebea7358) 
thrown [s\src\hotspot\share\interpreter\linkResolver.cpp, line 759]
Event: 7.142 Thread 0x0000020d7ab18090 Exception <a 'java/lang/NoSuchMethodError'{0x00000000ebeb35a8}: 'java.lang.Object java.lang.invoke.DelegatingMethodHandle$Holder.reinvoke_L(java.lang.Object, java.lang.Object, java.lang.Object, java.lang.Object, int, int)'> (0x00000000ebeb35a8) 
thrown [s\src\hotspot\share\interpreter\linkResolver.cpp, line 759]
Event: 7.145 Thread 0x0000020d7ab18090 Exception <a 'java/lang/NoSuchMethodError'{0x00000000ebecb040}: 'java.lang.Object java.lang.invoke.Invokers$Holder.invokeExact_MT(java.lang.Object, java.lang.Object, java.lang.Object, java.lang.Object)'> (0x00000000ebecb040) 
thrown [s\src\hotspot\share\interpreter\linkResolver.cpp, line 759]
Event: 7.187 Thread 0x0000020d7ab18090 Exception <a 'java/lang/NoSuchMethodError'{0x00000000ebfd3030}: 'void java.lang.invoke.DirectMethodHandle$Holder.invokeSpecial(java.lang.Object, java.lang.Object, java.lang.Object)'> (0x00000000ebfd3030) 
thrown [s\src\hotspot\share\interpreter\linkResolver.cpp, line 759]
Event: 7.422 Thread 0x0000020d7ab18090 Exception <a 'java/lang/NoSuchMethodError'{0x00000000ead3cf68}: 'int java.lang.invoke.DirectMethodHandle$Holder.invokeStaticInit(java.lang.Object, java.lang.Object, java.lang.Object)'> (0x00000000ead3cf68) 
thrown [s\src\hotspot\share\interpreter\linkResolver.cpp, line 759]
Event: 7.432 Thread 0x0000020d7ab18090 Exception <a 'java/lang/IncompatibleClassChangeError'{0x00000000eadbe518}: Found class java.lang.Object, but interface was expected> (0x00000000eadbe518) 
thrown [s\src\hotspot\share\interpreter\linkResolver.cpp, line 826]
Event: 7.473 Thread 0x0000020d7cd717e0 Exception <a 'java/io/FileNotFoundException'{0x00000000eaf60e70}> (0x00000000eaf60e70) 
thrown [s\src\hotspot\share\prims\jni.cpp, line 516]
Event: 8.180 Thread 0x0000020d7ab18090 Exception <a 'java/lang/ClassNotFoundException'{0x00000000eab18748}: com/sun/org/apache/xerces/internal/impl/msg/spi/DOMMessagesProvider> (0x00000000eab18748) 
thrown [s\src\hotspot\share\classfile\systemDictionary.cpp, line 256]
Event: 8.189 Thread 0x0000020d7ab18090 Exception <a 'java/lang/ClassNotFoundException'{0x00000000eab46db0}: com/sun/org/apache/xerces/internal/impl/msg/spi/XMLSerializerMessagesProvider> (0x00000000eab46db0) 
thrown [s\src\hotspot\share\classfile\systemDictionary.cpp, line 256]
Event: 8.194 Thread 0x0000020d7ab18090 Exception <a 'java/lang/ClassNotFoundException'{0x00000000eab5f0a8}: com/sun/org/apache/xerces/internal/impl/msg/spi/XMLMessagesProvider> (0x00000000eab5f0a8) 
thrown [s\src\hotspot\share\classfile\systemDictionary.cpp, line 256]

VM Operations (20 events):
Event: 6.983 Executing VM operation: HandshakeAllThreads
Event: 6.984 Executing VM operation: HandshakeAllThreads done
Event: 7.006 Executing VM operation: HandshakeAllThreads
Event: 7.006 Executing VM operation: HandshakeAllThreads done
Event: 7.012 Executing VM operation: HandshakeAllThreads
Event: 7.012 Executing VM operation: HandshakeAllThreads done
Event: 7.134 Executing VM operation: HandshakeAllThreads
Event: 7.134 Executing VM operation: HandshakeAllThreads done
Event: 7.312 Executing VM operation: ParallelGCFailedAllocation
Event: 7.315 Executing VM operation: ParallelGCFailedAllocation done
Event: 7.324 Executing VM operation: CollectForMetadataAllocation
Event: 7.360 Executing VM operation: CollectForMetadataAllocation done
Event: 7.461 Executing VM operation: HandshakeAllThreads
Event: 7.461 Executing VM operation: HandshakeAllThreads done
Event: 7.767 Executing VM operation: ParallelGCFailedAllocation
Event: 7.768 Executing VM operation: ParallelGCFailedAllocation done
Event: 8.177 Executing VM operation: ParallelGCFailedAllocation
Event: 8.178 Executing VM operation: ParallelGCFailedAllocation done
Event: 8.272 Executing VM operation: HandshakeAllThreads
Event: 8.272 Executing VM operation: HandshakeAllThreads done

Events (20 events):
Event: 8.253 loading class java/net/SocketAddress
Event: 8.253 loading class java/net/SocketAddress done
Event: 8.253 loading class java/net/InetSocketAddress
Event: 8.253 loading class java/net/InetSocketAddress done
Event: 8.253 loading class java/nio/channels/AsynchronousByteChannel
Event: 8.253 loading class java/nio/channels/AsynchronousChannel
Event: 8.253 loading class java/nio/channels/AsynchronousChannel done
Event: 8.253 loading class java/nio/channels/AsynchronousByteChannel done
Event: 8.271 loading class java/lang/ProcessEnvironment
Event: 8.272 loading class java/lang/ProcessEnvironment done
Event: 8.272 loading class java/lang/ProcessEnvironment$NameComparator
Event: 8.273 loading class java/lang/ProcessEnvironment$NameComparator done
Event: 8.273 loading class java/lang/ProcessEnvironment$EntryComparator
Event: 8.273 loading class java/lang/ProcessEnvironment$EntryComparator done
Event: 8.273 loading class java/lang/ProcessEnvironment$CheckedEntrySet
Event: 8.273 loading class java/lang/ProcessEnvironment$CheckedEntrySet done
Event: 8.273 loading class java/lang/ProcessEnvironment$CheckedEntrySet$1
Event: 8.273 loading class java/lang/ProcessEnvironment$CheckedEntrySet$1 done
Event: 8.273 loading class java/lang/ProcessEnvironment$CheckedEntry
Event: 8.274 loading class java/lang/ProcessEnvironment$CheckedEntry done


Dynamic libraries:
0x00007ff650210000 - 0x00007ff65021e000 	c:\Users\leona\.vscode\extensions\redhat.java-1.13.0-win32-x64\jre\17.0.5-win32-x86_64\bin\java.exe
0x00007ffb40b60000 - 0x00007ffb40d69000 	C:\WINDOWS\SYSTEM32\ntdll.dll
0x00007ffb3fd50000 - 0x00007ffb3fe0e000 	C:\WINDOWS\System32\KERNEL32.DLL
0x00007ffb3e410000 - 0x00007ffb3e78b000 	C:\WINDOWS\System32\KERNELBASE.dll
0x00007ffb3e790000 - 0x00007ffb3e8a1000 	C:\WINDOWS\System32\ucrtbase.dll
0x00007ffb28cd0000 - 0x00007ffb28ce7000 	c:\Users\leona\.vscode\extensions\redhat.java-1.13.0-win32-x64\jre\17.0.5-win32-x86_64\bin\jli.dll
0x00007ffb3f6c0000 - 0x00007ffb3f86d000 	C:\WINDOWS\System32\USER32.dll
0x00007ffb3e030000 - 0x00007ffb3e056000 	C:\WINDOWS\System32\win32u.dll
0x00007ffb40470000 - 0x00007ffb40499000 	C:\WINDOWS\System32\GDI32.dll
0x00007ffb3e270000 - 0x00007ffb3e388000 	C:\WINDOWS\System32\gdi32full.dll
0x00007ffb3e1d0000 - 0x00007ffb3e26d000 	C:\WINDOWS\System32\msvcp_win.dll
0x00007ffb232f0000 - 0x00007ffb23595000 	C:\WINDOWS\WinSxS\amd64_microsoft.windows.common-controls_6595b64144ccf1df_6.0.22000.120_none_9d947278b86cc467\COMCTL32.dll
0x00007ffb3f540000 - 0x00007ffb3f5e3000 	C:\WINDOWS\System32\msvcrt.dll
0x00007ffb28bd0000 - 0x00007ffb28be9000 	c:\Users\leona\.vscode\extensions\redhat.java-1.13.0-win32-x64\jre\17.0.5-win32-x86_64\bin\VCRUNTIME140.dll
0x00007ffb40430000 - 0x00007ffb40462000 	C:\WINDOWS\System32\IMM32.DLL
0x00007ffb291f0000 - 0x00007ffb291fc000 	c:\Users\leona\.vscode\extensions\redhat.java-1.13.0-win32-x64\jre\17.0.5-win32-x86_64\bin\vcruntime140_1.dll
0x00007ffaec640000 - 0x00007ffaec6d1000 	c:\Users\leona\.vscode\extensions\redhat.java-1.13.0-win32-x64\jre\17.0.5-win32-x86_64\bin\msvcp140.dll
0x00007ffadf380000 - 0x00007ffadffc4000 	c:\Users\leona\.vscode\extensions\redhat.java-1.13.0-win32-x64\jre\17.0.5-win32-x86_64\bin\server\jvm.dll
0x00007ffb3f340000 - 0x00007ffb3f3ee000 	C:\WINDOWS\System32\ADVAPI32.dll
0x00007ffb3f610000 - 0x00007ffb3f6ae000 	C:\WINDOWS\System32\sechost.dll
0x00007ffb40840000 - 0x00007ffb40960000 	C:\WINDOWS\System32\RPCRT4.dll
0x00007ffb39d20000 - 0x00007ffb39d29000 	C:\WINDOWS\SYSTEM32\WSOCK32.dll
0x00007ffb3fe10000 - 0x00007ffb3fe7f000 	C:\WINDOWS\System32\WS2_32.dll
0x00007ffb372f0000 - 0x00007ffb37323000 	C:\WINDOWS\SYSTEM32\WINMM.dll
0x00007ffb36d70000 - 0x00007ffb36d7a000 	C:\WINDOWS\SYSTEM32\VERSION.dll
0x00007ffb3d1a0000 - 0x00007ffb3d1b8000 	C:\WINDOWS\SYSTEM32\kernel.appcore.dll
0x00007ffb28cc0000 - 0x00007ffb28cca000 	c:\Users\leona\.vscode\extensions\redhat.java-1.13.0-win32-x64\jre\17.0.5-win32-x86_64\bin\jimage.dll
0x00007ffb3baf0000 - 0x00007ffb3bd11000 	C:\WINDOWS\SYSTEM32\DBGHELP.DLL
0x00007ffb30b30000 - 0x00007ffb30b61000 	C:\WINDOWS\SYSTEM32\dbgcore.DLL
0x00007ffb3e390000 - 0x00007ffb3e40f000 	C:\WINDOWS\System32\bcryptPrimitives.dll
0x00007ffb287e0000 - 0x00007ffb287ee000 	c:\Users\leona\.vscode\extensions\redhat.java-1.13.0-win32-x64\jre\17.0.5-win32-x86_64\bin\instrument.dll
0x00007ffb06de0000 - 0x00007ffb06e05000 	c:\Users\leona\.vscode\extensions\redhat.java-1.13.0-win32-x64\jre\17.0.5-win32-x86_64\bin\java.dll
0x00007ffb238b0000 - 0x00007ffb238c8000 	c:\Users\leona\.vscode\extensions\redhat.java-1.13.0-win32-x64\jre\17.0.5-win32-x86_64\bin\zip.dll
0x00007ffb3e9e0000 - 0x00007ffb3f198000 	C:\WINDOWS\System32\SHELL32.dll
0x00007ffb3c130000 - 0x00007ffb3c995000 	C:\WINDOWS\SYSTEM32\windows.storage.dll
0x00007ffb40050000 - 0x00007ffb403c8000 	C:\WINDOWS\System32\combase.dll
0x00007ffb3bfc0000 - 0x00007ffb3c126000 	C:\WINDOWS\SYSTEM32\wintypes.dll
0x00007ffb3fe80000 - 0x00007ffb3ff6a000 	C:\WINDOWS\System32\SHCORE.dll
0x00007ffb40620000 - 0x00007ffb4067d000 	C:\WINDOWS\System32\shlwapi.dll
0x00007ffb3df60000 - 0x00007ffb3df81000 	C:\WINDOWS\SYSTEM32\profapi.dll
0x00007ffb217e0000 - 0x00007ffb217f9000 	C:\Users\leona\.vscode\extensions\redhat.java-1.13.0-win32-x64\jre\17.0.5-win32-x86_64\bin\net.dll
0x00007ffb386d0000 - 0x00007ffb387e4000 	C:\WINDOWS\SYSTEM32\WINHTTP.dll
0x00007ffb3d640000 - 0x00007ffb3d6a7000 	C:\WINDOWS\system32\mswsock.dll
0x00007ffb22cb0000 - 0x00007ffb22cc5000 	C:\Users\leona\.vscode\extensions\redhat.java-1.13.0-win32-x64\jre\17.0.5-win32-x86_64\bin\nio.dll
0x00007ffb27e40000 - 0x00007ffb27e50000 	c:\Users\leona\.vscode\extensions\redhat.java-1.13.0-win32-x64\jre\17.0.5-win32-x86_64\bin\verify.dll
0x00007ffb02a20000 - 0x00007ffb02a5e000 	C:\Users\leona\AppData\Roaming\Code\User\globalStorage\redhat.java\1.13.0\config_ss_win\org.eclipse.equinox.launcher\org.eclipse.equinox.launcher.win32.win32.x86_64_1.2.600.v20220720-1916\eclipse_11700.dll
0x00007ffb40680000 - 0x00007ffb4081a000 	C:\WINDOWS\System32\ole32.dll

dbghelp: loaded successfully - version: 4.0.5 - missing functions: none
symbol engine: initialized successfully - sym options: 0x614 - pdb path: .;c:\Users\leona\.vscode\extensions\redhat.java-1.13.0-win32-x64\jre\17.0.5-win32-x86_64\bin;C:\WINDOWS\SYSTEM32;C:\WINDOWS\WinSxS\amd64_microsoft.windows.common-controls_6595b64144ccf1df_6.0.22000.120_none_9d947278b86cc467;c:\Users\leona\.vscode\extensions\redhat.java-1.13.0-win32-x64\jre\17.0.5-win32-x86_64\bin\server;C:\Users\leona\AppData\Roaming\Code\User\globalStorage\redhat.java\1.13.0\config_ss_win\org.eclipse.equinox.launcher\org.eclipse.equinox.launcher.win32.win32.x86_64_1.2.600.v20220720-1916

VM Arguments:
jvm_args: --add-modules=ALL-SYSTEM --add-opens=java.base/java.util=ALL-UNNAMED --add-opens=java.base/java.lang=ALL-UNNAMED --add-opens=java.base/sun.nio.fs=ALL-UNNAMED -Declipse.application=org.eclipse.jdt.ls.core.id1 -Dosgi.bundles.defaultStartLevel=4 -Declipse.product=org.eclipse.jdt.ls.core.product -Djava.import.generatesMetadataFilesAtProjectRoot=false -Dfile.encoding=utf8 -XX:+UseParallelGC -XX:GCTimeRatio=4 -XX:AdaptiveSizePolicyWeight=90 -Dsun.zip.disableMemoryMapping=true -Xmx1G -Xms100m -Xlog:disable -javaagent:c:\Users\leona\.vscode\extensions\redhat.java-1.13.0-win32-x64\lombok\lombok-1.18.24.jar 
java_command: c:\Users\leona\.vscode\extensions\redhat.java-1.13.0-win32-x64\server\plugins\org.eclipse.equinox.launcher_1.6.400.v20210924-0641.jar -configuration c:\Users\leona\AppData\Roaming\Code\User\globalStorage\redhat.java\1.13.0\config_ss_win -data c:\Users\leona\AppData\Roaming\Code\User\workspaceStorage\4d6941cea85bad1641a17aee31ef6769\redhat.java\ss_ws
java_class_path (initial): c:\Users\leona\.vscode\extensions\redhat.java-1.13.0-win32-x64\server\plugins\org.eclipse.equinox.launcher_1.6.400.v20210924-0641.jar
Launcher Type: SUN_STANDARD

[Global flags]
    uintx AdaptiveSizePolicyWeight                 = 90                                        {product} {command line}
     intx CICompilerCount                          = 4                                         {product} {ergonomic}
    uintx GCTimeRatio                              = 4                                         {product} {command line}
   size_t InitialHeapSize                          = 104857600                                 {product} {command line}
   size_t MaxHeapSize                              = 1073741824                                {product} {command line}
   size_t MaxNewSize                               = 357564416                                 {product} {ergonomic}
   size_t MinHeapDeltaBytes                        = 524288                                    {product} {ergonomic}
   size_t MinHeapSize                              = 104857600                                 {product} {command line}
   size_t NewSize                                  = 34603008                                  {product} {ergonomic}
    uintx NonNMethodCodeHeapSize                   = 5839372                                {pd product} {ergonomic}
    uintx NonProfiledCodeHeapSize                  = 122909434                              {pd product} {ergonomic}
   size_t OldSize                                  = 70254592                                  {product} {ergonomic}
    uintx ProfiledCodeHeapSize                     = 122909434                              {pd product} {ergonomic}
    uintx ReservedCodeCacheSize                    = 251658240                              {pd product} {ergonomic}
     bool SegmentedCodeCache                       = true                                      {product} {ergonomic}
   size_t SoftMaxHeapSize                          = 1073741824                             {manageable} {ergonomic}
     bool UseCompressedClassPointers               = true                           {product lp64_product} {ergonomic}
     bool UseCompressedOops                        = true                           {product lp64_product} {ergonomic}
     bool UseLargePagesIndividualAllocation        = false                                  {pd product} {ergonomic}
     bool UseParallelGC                            = true                                      {product} {command line}

Logging:
Log output configuration:
 #0: stdout all=off uptime,level,tags
 #1: stderr all=off uptime,level,tags

Environment Variables:
JAVA_HOME=D:\Java\jdk-19.0.1
PATH=C:\Windows\system32;C:\Windows;C:\Windows\System32\Wbem;C:\Windows\System32\WindowsPowerShell\v1.0\;C:\Windows\System32\OpenSSH\;C:\Program Files (x86)\NVIDIA Corporation\PhysX\Common;C:\WINDOWS\system32;C:\WINDOWS;C:\WINDOWS\System32\Wbem;C:\WINDOWS\System32\WindowsPowerShell\v1.0\;C:\WINDOWS\System32\OpenSSH\;C:\WINDOWS\system32;C:\WINDOWS;C:\WINDOWS\System32\Wbem;C:\WINDOWS\System32\WindowsPowerShell\v1.0\;C:\WINDOWS\System32\OpenSSH\;D:\Git\cmd;C:\Program Files\NVIDIA Corporation\NVIDIA NvDLISR;D:\Java\jdk-19.0.1\bin;C:\Users\leona\AppData\Local\Microsoft\WindowsApps;;D:\Microsoft VS Code\bin
USERNAME=leona
OS=Windows_NT
PROCESSOR_IDENTIFIER=Intel64 Family 6 Model 158 Stepping 10, GenuineIntel
TMP=C:\Users\leona\AppData\Local\Temp
TEMP=C:\Users\leona\AppData\Local\Temp



---------------  S Y S T E M  ---------------

OS:
 Windows 11 , 64 bit Build 22000 (10.0.22000.1219)
OS uptime: 3 days 19:28 hours

CPU: total 8 (initial active 8) (4 cores per cpu, 2 threads per core) family 6 model 158 stepping 10 microcode 0xde, cx8, cmov, fxsr, ht, mmx, 3dnowpref, sse, sse2, sse3, ssse3, sse4.1, sse4.2, popcnt, lzcnt, tsc, tscinvbit, avx, avx2, aes, erms, clmul, bmi1, bmi2, adx, fma, vzeroupper, clflush, clflushopt

Memory: 4k page, system-wide physical 8036M (274M free)
TotalPageFile size 20662M (AvailPageFile size 206M)
current process WorkingSet (physical memory assigned to process): 135M, peak: 138M
current process commit charge ("private bytes"): 241M, peak: 245M

vm_info: OpenJDK 64-Bit Server VM (17.0.5+8) for windows-amd64 JRE (17.0.5+8), built on Oct 19 2022 04:48:13 by "temurin" with MS VC++ 16.7 (VS2019)

END.
