#
# There is insufficient memory for the Java Runtime Environment to continue.
# Native memory allocation (mmap) failed to map 65536 bytes for Failed to commit metaspace.
# Possible reasons:
#   The system is out of physical RAM or swap space
#   The process is running with CompressedOops enabled, and the Java Heap may be blocking the growth of the native heap
# Possible solutions:
#   Reduce memory load on the system
#   Increase physical memory or swap space
#   Check if swap backing store is full
#   Decrease Java heap size (-Xmx/-Xms)
#   Decrease number of Java threads
#   Decrease Java thread stack sizes (-Xss)
#   Set larger code cache with -XX:ReservedCodeCacheSize=
#   JVM is running with Unscaled Compressed Oops mode in which the Java heap is
#     placed in the first 4GB address space. The Java Heap base address is the
#     maximum limit for the native heap growth. Please use -XX:HeapBaseMinAddress
#     to set the Java Heap base and to place the Java Heap above 4GB virtual address.
# This output file may be truncated or incomplete.
#
#  Out of Memory Error (virtualSpaceNode.cpp:110), pid=21780, tid=16836
#
# JRE version: OpenJDK Runtime Environment Temurin-17.0.5+8 (17.0.5+8) (build 17.0.5+8)
# Java VM: OpenJDK 64-Bit Server VM Temurin-17.0.5+8 (17.0.5+8, mixed mode, tiered, compressed oops, compressed class ptrs, parallel gc, windows-amd64)
# No core dump will be written. Minidumps are not enabled by default on client versions of Windows
#

---------------  S U M M A R Y ------------

Command Line: --add-modules=ALL-SYSTEM --add-opens=java.base/java.util=ALL-UNNAMED --add-opens=java.base/java.lang=ALL-UNNAMED --add-opens=java.base/sun.nio.fs=ALL-UNNAMED -Declipse.application=org.eclipse.jdt.ls.core.id1 -Dosgi.bundles.defaultStartLevel=4 -Declipse.product=org.eclipse.jdt.ls.core.product -Djava.import.generatesMetadataFilesAtProjectRoot=false -Dfile.encoding=utf8 -XX:+UseParallelGC -XX:GCTimeRatio=4 -XX:AdaptiveSizePolicyWeight=90 -Dsun.zip.disableMemoryMapping=true -Xmx1G -Xms100m -Xlog:disable -javaagent:c:\Users\leona\.vscode\extensions\redhat.java-1.13.0-win32-x64\lombok\lombok-1.18.24.jar -XX:+HeapDumpOnOutOfMemoryError -XX:HeapDumpPath=c:\Users\leona\AppData\Roaming\Code\User\workspaceStorage\4d6941cea85bad1641a17aee31ef6769\redhat.java c:\Users\leona\.vscode\extensions\redhat.java-1.13.0-win32-x64\server\plugins\org.eclipse.equinox.launcher_1.6.400.v20210924-0641.jar -configuration c:\Users\leona\AppData\Roaming\Code\User\globalStorage\redhat.java\1.13.0\config_win -data c:\Users\leona\AppData\Roaming\Code\User\workspaceStorage\4d6941cea85bad1641a17aee31ef6769\redhat.java\jdt_ws

Host: Intel(R) Core(TM) i5-9300H CPU @ 2.40GHz, 8 cores, 7G,  Windows 11 , 64 bit Build 22000 (10.0.22000.1219)
Time: Sat Dec  3 08:53:22 2022 Hora Padrão de Buenos Aires elapsed time: 2.372198 seconds (0d 0h 0m 2s)

---------------  T H R E A D  ---------------

Current thread (0x000001b3347202c0):  JavaThread "main" [_thread_in_vm, id=16836, stack(0x00000067e4a00000,0x00000067e4b00000)]

Stack: [0x00000067e4a00000,0x00000067e4b00000]
Native frames: (J=compiled Java code, j=interpreted, Vv=VM code, C=native code)
V  [jvm.dll+0x676b3a]
V  [jvm.dll+0x831444]
V  [jvm.dll+0x832bee]
V  [jvm.dll+0x833253]
V  [jvm.dll+0x244ce5]
V  [jvm.dll+0x82d4db]
V  [jvm.dll+0x61b2f6]
V  [jvm.dll+0x1bfd2e]
V  [jvm.dll+0x61dc41]
V  [jvm.dll+0x61bc96]
V  [jvm.dll+0x23a7d0]
V  [jvm.dll+0x1ea39d]
V  [jvm.dll+0x1dfdd1]
V  [jvm.dll+0x53be30]
V  [jvm.dll+0x7ac5a8]
V  [jvm.dll+0x7ac694]
V  [jvm.dll+0x40ba25]
V  [jvm.dll+0x411bb8]
C  [java.dll+0x17ec]

Java frames: (J=compiled Java code, j=interpreted, Vv=VM code)
J 1115  java.lang.ClassLoader.defineClass1(Ljava/lang/ClassLoader;Ljava/lang/String;[BIILjava/security/ProtectionDomain;Ljava/lang/String;)Ljava/lang/Class; java.base@17.0.5 (0 bytes) @ 0x000001b33eedec5b [0x000001b33eedeba0+0x00000000000000bb]
J 1155 c1 java.lang.ClassLoader.defineClass(Ljava/lang/String;[BIILjava/security/ProtectionDomain;)Ljava/lang/Class; java.base@17.0.5 (43 bytes) @ 0x000001b337b4c4c4 [0x000001b337b4c180+0x0000000000000344]
j  java.security.SecureClassLoader.defineClass(Ljava/lang/String;[BIILjava/security/CodeSource;)Ljava/lang/Class;+12 java.base@17.0.5
j  java.net.URLClassLoader.defineClass(Ljava/lang/String;Ljdk/internal/loader/Resource;)Ljava/lang/Class;+221 java.base@17.0.5
j  java.net.URLClassLoader$1.run()Ljava/lang/Class;+43 java.base@17.0.5
j  java.net.URLClassLoader$1.run()Ljava/lang/Object;+1 java.base@17.0.5
J 1235 c1 java.security.AccessController.executePrivileged(Ljava/security/PrivilegedExceptionAction;Ljava/security/AccessControlContext;Ljava/lang/Class;)Ljava/lang/Object; java.base@17.0.5 (65 bytes) @ 0x000001b337b7a734 [0x000001b337b7a5e0+0x0000000000000154]
j  java.security.AccessController.doPrivileged(Ljava/security/PrivilegedExceptionAction;Ljava/security/AccessControlContext;)Ljava/lang/Object;+13 java.base@17.0.5
j  java.net.URLClassLoader.findClass(Ljava/lang/String;)Ljava/lang/Class;+13 java.base@17.0.5
J 976 c1 java.lang.ClassLoader.loadClass(Ljava/lang/String;Z)Ljava/lang/Class; java.base@17.0.5 (121 bytes) @ 0x000001b337af59dc [0x000001b337af5440+0x000000000000059c]
J 835 c1 java.lang.ClassLoader.loadClass(Ljava/lang/String;)Ljava/lang/Class; java.base@17.0.5 (7 bytes) @ 0x000001b337aad1bc [0x000001b337aad0c0+0x00000000000000fc]
v  ~StubRoutines::call_stub
j  org.eclipse.osgi.container.ModuleResolver$ResolveProcess.resolveRevisions(Ljava/util/List;ZLorg/eclipse/osgi/container/ModuleResolver$ResolveProcess$ResolveLogger;Ljava/util/Map;)V+36
j  org.eclipse.osgi.container.ModuleResolver$ResolveProcess.resolveRevisionsInBatch(Ljava/util/Collection;ZLorg/eclipse/osgi/container/ModuleResolver$ResolveProcess$ResolveLogger;Ljava/util/Map;)V+233
j  org.eclipse.osgi.container.ModuleResolver$ResolveProcess.resolve()Lorg/eclipse/osgi/container/ModuleResolutionReport;+295
j  org.eclipse.osgi.container.ModuleResolver.resolveDelta(Ljava/util/Collection;ZLjava/util/Collection;Ljava/util/Map;Lorg/eclipse/osgi/container/ModuleDatabase;)Lorg/eclipse/osgi/container/ModuleResolutionReport;+25
j  org.eclipse.osgi.container.ModuleContainer.resolveAndApply(Ljava/util/Collection;ZZLorg/eclipse/osgi/container/ModuleContainer$ResolutionLock$Permits;)Lorg/eclipse/osgi/report/resolution/ResolutionReport;+256
j  org.eclipse.osgi.container.ModuleContainer.resolve(Ljava/util/Collection;ZZ)Lorg/eclipse/osgi/report/resolution/ResolutionReport;+54
j  org.eclipse.osgi.container.ModuleContainer.resolve(Ljava/util/Collection;Z)Lorg/eclipse/osgi/report/resolution/ResolutionReport;+4
j  org.eclipse.osgi.storage.Storage.checkSystemBundle([Ljava/lang/String;)V+103
j  org.eclipse.osgi.storage.Storage.createStorage(Lorg/eclipse/osgi/internal/framework/EquinoxContainer;)Lorg/eclipse/osgi/storage/Storage;+17
j  org.eclipse.osgi.internal.framework.EquinoxContainer.<init>(Ljava/util/Map;Lorg/osgi/framework/connect/ModuleConnector;)V+145
j  org.eclipse.osgi.launch.Equinox.<init>(Ljava/util/Map;Lorg/osgi/framework/connect/ModuleConnector;)V+10
j  org.eclipse.osgi.launch.Equinox.<init>(Ljava/util/Map;)V+3
j  org.eclipse.core.runtime.adaptor.EclipseStarter.startup([Ljava/lang/String;Ljava/lang/Runnable;)Lorg/osgi/framework/BundleContext;+28
j  org.eclipse.core.runtime.adaptor.EclipseStarter.run([Ljava/lang/String;Ljava/lang/Runnable;)Ljava/lang/Object;+21
v  ~StubRoutines::call_stub
j  jdk.internal.reflect.NativeMethodAccessorImpl.invoke0(Ljava/lang/reflect/Method;Ljava/lang/Object;[Ljava/lang/Object;)Ljava/lang/Object;+0 java.base@17.0.5
j  jdk.internal.reflect.NativeMethodAccessorImpl.invoke(Ljava/lang/Object;[Ljava/lang/Object;)Ljava/lang/Object;+133 java.base@17.0.5
j  jdk.internal.reflect.DelegatingMethodAccessorImpl.invoke(Ljava/lang/Object;[Ljava/lang/Object;)Ljava/lang/Object;+6 java.base@17.0.5
j  java.lang.reflect.Method.invoke(Ljava/lang/Object;[Ljava/lang/Object;)Ljava/lang/Object;+59 java.base@17.0.5
j  org.eclipse.equinox.launcher.Main.invokeFramework([Ljava/lang/String;[Ljava/net/URL;)V+201
j  org.eclipse.equinox.launcher.Main.basicRun([Ljava/lang/String;)V+159
j  org.eclipse.equinox.launcher.Main.run([Ljava/lang/String;)I+4
j  org.eclipse.equinox.launcher.Main.main([Ljava/lang/String;)V+10
v  ~StubRoutines::call_stub

---------------  P R O C E S S  ---------------

Threads class SMR info:
_java_thread_list=0x000001b34a313cd0, length=12, elements={
0x000001b3347202c0, 0x000001b3485a3040, 0x000001b3485a64d0, 0x000001b3485aac30,
0x000001b3485ad500, 0x000001b3485addc0, 0x000001b3485ae680, 0x000001b34a047b80,
0x000001b34a059550, 0x000001b34a0625e0, 0x000001b34a166080, 0x000001b34a38a5a0
}

Java Threads: ( => current thread )
=>0x000001b3347202c0 JavaThread "main" [_thread_in_vm, id=16836, stack(0x00000067e4a00000,0x00000067e4b00000)]
  0x000001b3485a3040 JavaThread "Reference Handler" daemon [_thread_blocked, id=3536, stack(0x00000067e4d00000,0x00000067e4e00000)]
  0x000001b3485a64d0 JavaThread "Finalizer" daemon [_thread_blocked, id=24236, stack(0x00000067e4e00000,0x00000067e4f00000)]
  0x000001b3485aac30 JavaThread "Signal Dispatcher" daemon [_thread_blocked, id=16140, stack(0x00000067e4f00000,0x00000067e5000000)]
  0x000001b3485ad500 JavaThread "Attach Listener" daemon [_thread_blocked, id=22628, stack(0x00000067e5000000,0x00000067e5100000)]
  0x000001b3485addc0 JavaThread "Service Thread" daemon [_thread_blocked, id=516, stack(0x00000067e5100000,0x00000067e5200000)]
  0x000001b3485ae680 JavaThread "Monitor Deflation Thread" daemon [_thread_blocked, id=20372, stack(0x00000067e5200000,0x00000067e5300000)]
  0x000001b34a047b80 JavaThread "C2 CompilerThread0" daemon [_thread_blocked, id=22200, stack(0x00000067e5300000,0x00000067e5400000)]
  0x000001b34a059550 JavaThread "C1 CompilerThread0" daemon [_thread_blocked, id=14648, stack(0x00000067e5400000,0x00000067e5500000)]
  0x000001b34a0625e0 JavaThread "Sweeper thread" daemon [_thread_blocked, id=21248, stack(0x00000067e5500000,0x00000067e5600000)]
  0x000001b34a166080 JavaThread "Common-Cleaner" daemon [_thread_blocked, id=17096, stack(0x00000067e5600000,0x00000067e5700000)]
  0x000001b34a38a5a0 JavaThread "Notification Thread" daemon [_thread_blocked, id=24556, stack(0x00000067e5700000,0x00000067e5800000)]

Other Threads:
  0x000001b34844a350 VMThread "VM Thread" [stack: 0x00000067e4c00000,0x00000067e4d00000] [id=3640]
  0x000001b34a38aa70 WatcherThread [stack: 0x00000067e5800000,0x00000067e5900000] [id=5724]
  0x000001b334738490 GCTaskThread "GC Thread#0" [stack: 0x00000067e4b00000,0x00000067e4c00000] [id=15380]
  0x000001b34b4d15a0 GCTaskThread "GC Thread#1" [stack: 0x00000067e5900000,0x00000067e5a00000] [id=24352]
  0x000001b34b4d1e70 GCTaskThread "GC Thread#2" [stack: 0x00000067e5a00000,0x00000067e5b00000] [id=13076]
  0x000001b34b74a630 GCTaskThread "GC Thread#3" [stack: 0x00000067e5b00000,0x00000067e5c00000] [id=14820]
  0x000001b34b480670 GCTaskThread "GC Thread#4" [stack: 0x00000067e5c00000,0x00000067e5d00000] [id=19060]
  0x000001b34b480920 GCTaskThread "GC Thread#5" [stack: 0x00000067e5d00000,0x00000067e5e00000] [id=14128]
  0x000001b34b480bd0 GCTaskThread "GC Thread#6" [stack: 0x00000067e5e00000,0x00000067e5f00000] [id=18144]

Threads with active compile tasks:

VM state: not at safepoint (normal execution)

VM Mutex/Monitor currently owned by a thread:  ([mutex/lock_event])
[0x000001b33471b340] Metaspace_lock - owner thread: 0x000001b3347202c0

Heap address: 0x00000000c0000000, size: 1024 MB, Compressed Oops mode: 32-bit

CDS archive(s) not mapped
Compressed class space mapped at: 0x0000000100000000-0x0000000140000000, reserved size: 1073741824
Narrow klass base: 0x0000000000000000, Narrow klass shift: 3, Narrow klass range: 0x140000000

GC Precious Log:
 CPUs: 8 total, 8 available
 Memory: 8036M
 Large Page Support: Disabled
 NUMA Support: Disabled
 Compressed Oops: Enabled (32-bit)
 Alignments: Space 512K, Generation 512K, Heap 2M
 Heap Min Capacity: 100M
 Heap Initial Capacity: 100M
 Heap Max Capacity: 1G
 Pre-touch: Disabled
 Parallel Workers: 8

Heap:
 PSYoungGen      total 29696K, used 13723K [0x00000000eab00000, 0x00000000ecc00000, 0x0000000100000000)
  eden space 25600K, 39% used [0x00000000eab00000,0x00000000eb4cca38,0x00000000ec400000)
  from space 4096K, 90% used [0x00000000ec400000,0x00000000ec79a208,0x00000000ec800000)
  to   space 4096K, 0% used [0x00000000ec800000,0x00000000ec800000,0x00000000ecc00000)
 ParOldGen       total 68608K, used 16K [0x00000000c0000000, 0x00000000c4300000, 0x00000000eab00000)
  object space 68608K, 0% used [0x00000000c0000000,0x00000000c0004000,0x00000000c4300000)
 Metaspace       used 12638K, committed 12800K, reserved 1064960K
  class space    used 1247K, committed 1344K, reserved 1048576K

Card table byte_map: [0x000001b3340d0000,0x000001b3342e0000] _byte_map_base: 0x000001b333ad0000

Marking Bits: (ParMarkBitMap*) 0x00007ffadff00dd0
 Begin Bits: [0x000001b3463b0000, 0x000001b3473b0000)
 End Bits:   [0x000001b3473b0000, 0x000001b3483b0000)

Polling page: 0x000001b3326a0000

Metaspace:

Usage:
  Non-class:     11.12 MB used.
      Class:      1.22 MB used.
       Both:     12.34 MB used.

Virtual space:
  Non-class space:       16.00 MB reserved,      11.19 MB ( 70%) committed,  2 nodes.
      Class space:        1.00 GB reserved,       1.31 MB ( <1%) committed,  1 nodes.
             Both:        1.02 GB reserved,      12.50 MB (  1%) committed. 

Chunk freelists:
   Non-Class:  3.98 MB
       Class:  2.59 MB
        Both:  6.58 MB

MaxMetaspaceSize: unlimited
CompressedClassSpaceSize: 1.00 GB
Initial GC threshold: 21.00 MB
Current GC threshold: 21.00 MB
CDS: off
MetaspaceReclaimPolicy: balanced
 - commit_granule_bytes: 65536.
 - commit_granule_words: 8192.
 - virtual_space_node_default_size: 1048576.
 - enlarge_chunks_in_place: 1.
 - new_chunks_are_fully_committed: 0.
 - uncommit_free_chunks: 1.
 - use_allocation_guard: 0.
 - handle_deallocations: 1.


Internal statistics:

num_allocs_failed_limit: 0.
num_arena_births: 42.
num_arena_deaths: 0.
num_vsnodes_births: 3.
num_vsnodes_deaths: 0.
num_space_committed: 200.
num_space_uncommitted: 0.
num_chunks_returned_to_freelist: 0.
num_chunks_taken_from_freelist: 160.
num_chunk_merges: 0.
num_chunk_splits: 110.
num_chunks_enlarged: 90.
num_purges: 0.
num_inconsistent_stats: 0.

CodeHeap 'non-profiled nmethods': size=120000Kb used=437Kb max_used=437Kb free=119562Kb
 bounds [0x000001b33ee80000, 0x000001b33f0f0000, 0x000001b3463b0000]
CodeHeap 'profiled nmethods': size=120000Kb used=2255Kb max_used=2255Kb free=117744Kb
 bounds [0x000001b337950000, 0x000001b337bc0000, 0x000001b33ee80000]
CodeHeap 'non-nmethods': size=5760Kb used=1144Kb max_used=1173Kb free=4615Kb
 bounds [0x000001b3373b0000, 0x000001b337620000, 0x000001b337950000]
 total_blobs=1685 nmethods=1249 adapters=351
 compilation: enabled
              stopped_count=0, restarted_count=0
 full_count=0

Compilation events (20 events):
Event: 2.358 Thread 0x000001b34a059550 1241       3       java.lang.String::indexOf (18 bytes)
Event: 2.359 Thread 0x000001b34a059550 nmethod 1241 0x000001b337b7cc10 code [0x000001b337b7cde0, 0x000001b337b7d0a8]
Event: 2.359 Thread 0x000001b34a059550 1243       3       java.util.zip.ZipFile$ZipFileInputStream::initDataOffset (117 bytes)
Event: 2.360 Thread 0x000001b34a059550 nmethod 1243 0x000001b337b7d210 code [0x000001b337b7d440, 0x000001b337b7dc68]
Event: 2.360 Thread 0x000001b34a059550 1244   !   3       java.util.zip.ZipFile$Source::readAt (39 bytes)
Event: 2.360 Thread 0x000001b34a059550 nmethod 1244 0x000001b337b7df90 code [0x000001b337b7e180, 0x000001b337b7e5e8]
Event: 2.360 Thread 0x000001b34a059550 1242       3       java.lang.String::indexOf (113 bytes)
Event: 2.360 Thread 0x000001b34a059550 nmethod 1242 0x000001b337b7e910 code [0x000001b337b7eb40, 0x000001b337b7f168]
Event: 2.360 Thread 0x000001b34a059550 1245       3       sun.security.provider.DigestBase::<init> (27 bytes)
Event: 2.361 Thread 0x000001b34a059550 nmethod 1245 0x000001b337b7f310 code [0x000001b337b7f4c0, 0x000001b337b7f758]
Event: 2.361 Thread 0x000001b34a059550 1246   !   3       java.security.MessageDigest$Delegate::of (84 bytes)
Event: 2.362 Thread 0x000001b34a059550 nmethod 1246 0x000001b337b7f890 code [0x000001b337b7fb00, 0x000001b337b80758]
Event: 2.362 Thread 0x000001b34a059550 1247       3       sun.security.provider.SHA2$SHA256::<init> (12 bytes)
Event: 2.363 Thread 0x000001b34a059550 nmethod 1247 0x000001b337b80c10 code [0x000001b337b80de0, 0x000001b337b81248]
Event: 2.363 Thread 0x000001b34a059550 1248       3       sun.security.provider.SHA2::<init> (26 bytes)
Event: 2.363 Thread 0x000001b34a059550 nmethod 1248 0x000001b337b81410 code [0x000001b337b815c0, 0x000001b337b819a8]
Event: 2.363 Thread 0x000001b34a059550 1249       3       sun.security.provider.SHA2::implDigest (98 bytes)
Event: 2.364 Thread 0x000001b34a059550 nmethod 1249 0x000001b337b81b10 code [0x000001b337b81e60, 0x000001b337b83248]
Event: 2.365 Thread 0x000001b34a059550 1250       3       sun.net.www.ParseUtil::encodePath (41 bytes)
Event: 2.365 Thread 0x000001b34a059550 nmethod 1250 0x000001b337b83a10 code [0x000001b337b83be0, 0x000001b337b83e48]

GC Heap History (2 events):
Event: 2.074 GC heap before
{Heap before GC invocations=1 (full 0):
 PSYoungGen      total 29696K, used 25600K [0x00000000eab00000, 0x00000000ecc00000, 0x0000000100000000)
  eden space 25600K, 100% used [0x00000000eab00000,0x00000000ec400000,0x00000000ec400000)
  from space 4096K, 0% used [0x00000000ec800000,0x00000000ec800000,0x00000000ecc00000)
  to   space 4096K, 0% used [0x00000000ec400000,0x00000000ec400000,0x00000000ec800000)
 ParOldGen       total 68608K, used 0K [0x00000000c0000000, 0x00000000c4300000, 0x00000000eab00000)
  object space 68608K, 0% used [0x00000000c0000000,0x00000000c0000000,0x00000000c4300000)
 Metaspace       used 11024K, committed 11200K, reserved 1064960K
  class space    used 1101K, committed 1152K, reserved 1048576K
}
Event: 2.085 GC heap after
{Heap after GC invocations=1 (full 0):
 PSYoungGen      total 29696K, used 3688K [0x00000000eab00000, 0x00000000ecc00000, 0x0000000100000000)
  eden space 25600K, 0% used [0x00000000eab00000,0x00000000eab00000,0x00000000ec400000)
  from space 4096K, 90% used [0x00000000ec400000,0x00000000ec79a208,0x00000000ec800000)
  to   space 4096K, 0% used [0x00000000ec800000,0x00000000ec800000,0x00000000ecc00000)
 ParOldGen       total 68608K, used 16K [0x00000000c0000000, 0x00000000c4300000, 0x00000000eab00000)
  object space 68608K, 0% used [0x00000000c0000000,0x00000000c0004000,0x00000000c4300000)
 Metaspace       used 11024K, committed 11200K, reserved 1064960K
  class space    used 1101K, committed 1152K, reserved 1048576K
}

Dll operation events (8 events):
Event: 0.381 Loaded shared library c:\Users\leona\.vscode\extensions\redhat.java-1.13.0-win32-x64\jre\17.0.5-win32-x86_64\bin\java.dll
Event: 0.871 Loaded shared library c:\Users\leona\.vscode\extensions\redhat.java-1.13.0-win32-x64\jre\17.0.5-win32-x86_64\bin\zip.dll
Event: 0.878 Loaded shared library C:\Users\leona\.vscode\extensions\redhat.java-1.13.0-win32-x64\jre\17.0.5-win32-x86_64\bin\instrument.dll
Event: 0.944 Loaded shared library C:\Users\leona\.vscode\extensions\redhat.java-1.13.0-win32-x64\jre\17.0.5-win32-x86_64\bin\net.dll
Event: 0.986 Loaded shared library C:\Users\leona\.vscode\extensions\redhat.java-1.13.0-win32-x64\jre\17.0.5-win32-x86_64\bin\nio.dll
Event: 1.002 Loaded shared library C:\Users\leona\.vscode\extensions\redhat.java-1.13.0-win32-x64\jre\17.0.5-win32-x86_64\bin\zip.dll
Event: 1.025 Loaded shared library C:\Users\leona\.vscode\extensions\redhat.java-1.13.0-win32-x64\jre\17.0.5-win32-x86_64\bin\jimage.dll
Event: 1.144 Loaded shared library c:\Users\leona\.vscode\extensions\redhat.java-1.13.0-win32-x64\jre\17.0.5-win32-x86_64\bin\verify.dll

Deoptimization events (20 events):
Event: 2.281 Thread 0x000001b3347202c0 Uncommon trap: trap_request=0xffffffc6 fr.pc=0x000001b33eeb04d8 relative=0x00000000000002b8
Event: 2.281 Thread 0x000001b3347202c0 Uncommon trap: reason=bimorphic_or_optimized_type_check action=maybe_recompile pc=0x000001b33eeb04d8 method=java.util.Collections$UnmodifiableCollection$1.next()Ljava/lang/Object; @ 4 c2
Event: 2.281 Thread 0x000001b3347202c0 DEOPT PACKING pc=0x000001b33eeb04d8 sp=0x00000067e4af8020
Event: 2.281 Thread 0x000001b3347202c0 DEOPT UNPACKING pc=0x000001b3374020a3 sp=0x00000067e4af7fd0 mode 2
Event: 2.281 Thread 0x000001b3347202c0 Uncommon trap: trap_request=0xffffffc6 fr.pc=0x000001b33eeb04d8 relative=0x00000000000002b8
Event: 2.281 Thread 0x000001b3347202c0 Uncommon trap: reason=bimorphic_or_optimized_type_check action=maybe_recompile pc=0x000001b33eeb04d8 method=java.util.Collections$UnmodifiableCollection$1.next()Ljava/lang/Object; @ 4 c2
Event: 2.281 Thread 0x000001b3347202c0 DEOPT PACKING pc=0x000001b33eeb04d8 sp=0x00000067e4af8020
Event: 2.281 Thread 0x000001b3347202c0 DEOPT UNPACKING pc=0x000001b3374020a3 sp=0x00000067e4af7fd0 mode 2
Event: 2.284 Thread 0x000001b3347202c0 Uncommon trap: trap_request=0xffffffc6 fr.pc=0x000001b33eeb8c68 relative=0x0000000000000688
Event: 2.284 Thread 0x000001b3347202c0 Uncommon trap: reason=bimorphic_or_optimized_type_check action=maybe_recompile pc=0x000001b33eeb8c68 method=java.util.Collections$UnmodifiableCollection$1.<init>(Ljava/util/Collections$UnmodifiableCollection;)V @ 17 c2
Event: 2.284 Thread 0x000001b3347202c0 DEOPT PACKING pc=0x000001b33eeb8c68 sp=0x00000067e4af8130
Event: 2.284 Thread 0x000001b3347202c0 DEOPT UNPACKING pc=0x000001b3374020a3 sp=0x00000067e4af8078 mode 2
Event: 2.284 Thread 0x000001b3347202c0 Uncommon trap: trap_request=0xffffffc6 fr.pc=0x000001b33eeb8c68 relative=0x0000000000000688
Event: 2.284 Thread 0x000001b3347202c0 Uncommon trap: reason=bimorphic_or_optimized_type_check action=maybe_recompile pc=0x000001b33eeb8c68 method=java.util.Collections$UnmodifiableCollection$1.<init>(Ljava/util/Collections$UnmodifiableCollection;)V @ 17 c2
Event: 2.284 Thread 0x000001b3347202c0 DEOPT PACKING pc=0x000001b33eeb8c68 sp=0x00000067e4af8130
Event: 2.284 Thread 0x000001b3347202c0 DEOPT UNPACKING pc=0x000001b3374020a3 sp=0x00000067e4af8078 mode 2
Event: 2.364 Thread 0x000001b3347202c0 Uncommon trap: trap_request=0xffffff45 fr.pc=0x000001b33eeb7cdc relative=0x000000000000049c
Event: 2.364 Thread 0x000001b3347202c0 Uncommon trap: reason=unstable_if action=reinterpret pc=0x000001b33eeb7cdc method=java.util.HashMap$HashIterator.<init>(Ljava/util/HashMap;)V @ 45 c2
Event: 2.364 Thread 0x000001b3347202c0 DEOPT PACKING pc=0x000001b33eeb7cdc sp=0x00000067e4afe170
Event: 2.364 Thread 0x000001b3347202c0 DEOPT UNPACKING pc=0x000001b3374020a3 sp=0x00000067e4afdfe0 mode 2

Classes unloaded (0 events):
No events

Classes redefined (0 events):
No events

Internal exceptions (20 events):
Event: 1.704 Thread 0x000001b3347202c0 Exception <a 'java/io/FileNotFoundException'{0x00000000eb8ef050}> (0x00000000eb8ef050) 
thrown [s\src\hotspot\share\prims\jni.cpp, line 516]
Event: 1.704 Thread 0x000001b3347202c0 Exception <a 'java/io/FileNotFoundException'{0x00000000eb8efd48}> (0x00000000eb8efd48) 
thrown [s\src\hotspot\share\prims\jni.cpp, line 516]
Event: 1.710 Thread 0x000001b3347202c0 Implicit null exception at 0x000001b33eea54f2 to 0x000001b33eea5a40
Event: 1.713 Thread 0x000001b3347202c0 Exception <a 'java/io/FileNotFoundException'{0x00000000eb930ae0}> (0x00000000eb930ae0) 
thrown [s\src\hotspot\share\prims\jni.cpp, line 516]
Event: 1.762 Thread 0x000001b3347202c0 Exception <a 'sun/nio/fs/WindowsException'{0x00000000eb9666d0}> (0x00000000eb9666d0) 
thrown [s\src\hotspot\share\prims\jni.cpp, line 516]
Event: 1.765 Thread 0x000001b3347202c0 Exception <a 'sun/nio/fs/WindowsException'{0x00000000eb970b58}> (0x00000000eb970b58) 
thrown [s\src\hotspot\share\prims\jni.cpp, line 516]
Event: 1.765 Thread 0x000001b3347202c0 Exception <a 'sun/nio/fs/WindowsException'{0x00000000eb974048}> (0x00000000eb974048) 
thrown [s\src\hotspot\share\prims\jni.cpp, line 516]
Event: 1.765 Thread 0x000001b3347202c0 Exception <a 'sun/nio/fs/WindowsException'{0x00000000eb9747b8}> (0x00000000eb9747b8) 
thrown [s\src\hotspot\share\prims\jni.cpp, line 516]
Event: 1.976 Thread 0x000001b3347202c0 Exception <a 'java/lang/ClassNotFoundException'{0x00000000ec171768}: sun/net/www/protocol/c/Handler> (0x00000000ec171768) 
thrown [s\src\hotspot\share\classfile\systemDictionary.cpp, line 256]
Event: 1.976 Thread 0x000001b3347202c0 Exception <a 'java/lang/ClassNotFoundException'{0x00000000ec172af0}: sun/net/www/protocol/c/Handler> (0x00000000ec172af0) 
thrown [s\src\hotspot\share\classfile\systemDictionary.cpp, line 256]
Event: 1.976 Thread 0x000001b3347202c0 Exception <a 'java/lang/ClassNotFoundException'{0x00000000ec173ce0}: sun/net/www/protocol/c/Handler> (0x00000000ec173ce0) 
thrown [s\src\hotspot\share\classfile\systemDictionary.cpp, line 256]
Event: 1.985 Thread 0x000001b3347202c0 Exception <a 'java/io/FileNotFoundException'{0x00000000ec19a2a8}> (0x00000000ec19a2a8) 
thrown [s\src\hotspot\share\prims\jni.cpp, line 516]
Event: 2.033 Thread 0x000001b3347202c0 Implicit null exception at 0x000001b33eec5eec to 0x000001b33eec60d4
Event: 2.033 Thread 0x000001b3347202c0 Implicit null exception at 0x000001b33eec586c to 0x000001b33eec5a54
Event: 2.101 Thread 0x000001b3347202c0 Exception <a 'java/lang/NoSuchMethodError'{0x00000000eab67588}: 'int java.lang.invoke.DirectMethodHandle$Holder.invokeStaticInit(java.lang.Object, java.lang.Object, java.lang.Object, java.lang.Object)'> (0x00000000eab67588) 
thrown [s\src\hotspot\share\interpreter\linkResolver.cpp, line 759]
Event: 2.102 Thread 0x000001b3347202c0 Exception <a 'java/lang/NoSuchMethodError'{0x00000000eab71d00}: 'java.lang.Object java.lang.invoke.DirectMethodHandle$Holder.invokeInterface(java.lang.Object, java.lang.Object)'> (0x00000000eab71d00) 
thrown [s\src\hotspot\share\interpreter\linkResolver.cpp, line 759]
Event: 2.103 Thread 0x000001b3347202c0 Exception <a 'java/lang/IncompatibleClassChangeError'{0x00000000eab754f8}: Found class java.lang.Object, but interface was expected> (0x00000000eab754f8) 
thrown [s\src\hotspot\share\interpreter\linkResolver.cpp, line 826]
Event: 2.104 Thread 0x000001b3347202c0 Exception <a 'java/lang/NoSuchMethodError'{0x00000000eab799f0}: 'void java.lang.invoke.DirectMethodHandle$Holder.invokeStatic(java.lang.Object, java.lang.Object)'> (0x00000000eab799f0) 
thrown [s\src\hotspot\share\interpreter\linkResolver.cpp, line 759]
Event: 2.104 Thread 0x000001b3347202c0 Exception <a 'java/lang/NoSuchMethodError'{0x00000000eab7d1f0}: 'void java.lang.invoke.DirectMethodHandle$Holder.invokeStaticInit(java.lang.Object, java.lang.Object)'> (0x00000000eab7d1f0) 
thrown [s\src\hotspot\share\interpreter\linkResolver.cpp, line 759]
Event: 2.106 Thread 0x000001b3347202c0 Exception <a 'java/lang/NoSuchMethodError'{0x00000000eabc4a90}: 'int java.lang.invoke.DirectMethodHandle$Holder.invokeStaticInit(java.lang.Object, java.lang.Object)'> (0x00000000eabc4a90) 
thrown [s\src\hotspot\share\interpreter\linkResolver.cpp, line 759]

VM Operations (12 events):
Event: 0.826 Executing VM operation: HandshakeAllThreads
Event: 0.827 Executing VM operation: HandshakeAllThreads done
Event: 1.046 Executing VM operation: HandshakeAllThreads
Event: 1.046 Executing VM operation: HandshakeAllThreads done
Event: 1.674 Executing VM operation: HandshakeAllThreads
Event: 1.674 Executing VM operation: HandshakeAllThreads done
Event: 1.674 Executing VM operation: Cleanup
Event: 1.677 Executing VM operation: Cleanup done
Event: 1.692 Executing VM operation: HandshakeAllThreads
Event: 1.692 Executing VM operation: HandshakeAllThreads done
Event: 2.074 Executing VM operation: ParallelGCFailedAllocation
Event: 2.085 Executing VM operation: ParallelGCFailedAllocation done

Events (20 events):
Event: 2.310 loading class java/security/SignatureException
Event: 2.310 loading class java/security/SignatureException done
Event: 2.310 loading class java/security/cert/CertificateException
Event: 2.310 loading class java/security/cert/CertificateException done
Event: 2.310 loading class java/security/NoSuchAlgorithmException
Event: 2.310 loading class java/security/NoSuchAlgorithmException done
Event: 2.310 loading class java/security/NoSuchProviderException
Event: 2.310 loading class java/security/NoSuchProviderException done
Event: 2.347 loading class java/util/AbstractMap$SimpleImmutableEntry
Event: 2.347 loading class java/util/AbstractMap$SimpleImmutableEntry done
Event: 2.353 loading class java/util/Collections$UnmodifiableMap$UnmodifiableEntrySet
Event: 2.353 loading class java/util/Collections$UnmodifiableMap$UnmodifiableEntrySet done
Event: 2.353 loading class java/util/Collections$UnmodifiableMap$UnmodifiableEntrySet$1
Event: 2.353 loading class java/util/Collections$UnmodifiableMap$UnmodifiableEntrySet$1 done
Event: 2.353 loading class java/util/Collections$UnmodifiableMap$UnmodifiableEntrySet$UnmodifiableEntry
Event: 2.353 loading class java/util/Collections$UnmodifiableMap$UnmodifiableEntrySet$UnmodifiableEntry done
Event: 2.361 loading class java/util/concurrent/RejectedExecutionException
Event: 2.361 loading class java/util/concurrent/RejectedExecutionException done
Event: 2.364 loading class java/util/LinkedList$ListItr
Event: 2.365 loading class java/util/LinkedList$ListItr done


Dynamic libraries:
0x00007ff650210000 - 0x00007ff65021e000 	c:\Users\leona\.vscode\extensions\redhat.java-1.13.0-win32-x64\jre\17.0.5-win32-x86_64\bin\java.exe
0x00007ffb40b60000 - 0x00007ffb40d69000 	C:\WINDOWS\SYSTEM32\ntdll.dll
0x00007ffb3fd50000 - 0x00007ffb3fe0e000 	C:\WINDOWS\System32\KERNEL32.DLL
0x00007ffb3e410000 - 0x00007ffb3e78b000 	C:\WINDOWS\System32\KERNELBASE.dll
0x00007ffb3e790000 - 0x00007ffb3e8a1000 	C:\WINDOWS\System32\ucrtbase.dll
0x00007ffb28cd0000 - 0x00007ffb28ce7000 	c:\Users\leona\.vscode\extensions\redhat.java-1.13.0-win32-x64\jre\17.0.5-win32-x86_64\bin\jli.dll
0x00007ffb3f6c0000 - 0x00007ffb3f86d000 	C:\WINDOWS\System32\USER32.dll
0x00007ffb3e030000 - 0x00007ffb3e056000 	C:\WINDOWS\System32\win32u.dll
0x00007ffb40470000 - 0x00007ffb40499000 	C:\WINDOWS\System32\GDI32.dll
0x00007ffb3e270000 - 0x00007ffb3e388000 	C:\WINDOWS\System32\gdi32full.dll
0x00007ffb3e1d0000 - 0x00007ffb3e26d000 	C:\WINDOWS\System32\msvcp_win.dll
0x00007ffb28bd0000 - 0x00007ffb28be9000 	c:\Users\leona\.vscode\extensions\redhat.java-1.13.0-win32-x64\jre\17.0.5-win32-x86_64\bin\VCRUNTIME140.dll
0x00007ffb232f0000 - 0x00007ffb23595000 	C:\WINDOWS\WinSxS\amd64_microsoft.windows.common-controls_6595b64144ccf1df_6.0.22000.120_none_9d947278b86cc467\COMCTL32.dll
0x00007ffb3f540000 - 0x00007ffb3f5e3000 	C:\WINDOWS\System32\msvcrt.dll
0x00007ffb40430000 - 0x00007ffb40462000 	C:\WINDOWS\System32\IMM32.DLL
0x00007ffb291f0000 - 0x00007ffb291fc000 	c:\Users\leona\.vscode\extensions\redhat.java-1.13.0-win32-x64\jre\17.0.5-win32-x86_64\bin\vcruntime140_1.dll
0x00007ffaec640000 - 0x00007ffaec6d1000 	c:\Users\leona\.vscode\extensions\redhat.java-1.13.0-win32-x64\jre\17.0.5-win32-x86_64\bin\msvcp140.dll
0x00007ffadf380000 - 0x00007ffadffc4000 	c:\Users\leona\.vscode\extensions\redhat.java-1.13.0-win32-x64\jre\17.0.5-win32-x86_64\bin\server\jvm.dll
0x00007ffb3f340000 - 0x00007ffb3f3ee000 	C:\WINDOWS\System32\ADVAPI32.dll
0x00007ffb3f610000 - 0x00007ffb3f6ae000 	C:\WINDOWS\System32\sechost.dll
0x00007ffb40840000 - 0x00007ffb40960000 	C:\WINDOWS\System32\RPCRT4.dll
0x00007ffb372f0000 - 0x00007ffb37323000 	C:\WINDOWS\SYSTEM32\WINMM.dll
0x00007ffb39d20000 - 0x00007ffb39d29000 	C:\WINDOWS\SYSTEM32\WSOCK32.dll
0x00007ffb36d70000 - 0x00007ffb36d7a000 	C:\WINDOWS\SYSTEM32\VERSION.dll
0x00007ffb3fe10000 - 0x00007ffb3fe7f000 	C:\WINDOWS\System32\WS2_32.dll
0x00007ffb3d1a0000 - 0x00007ffb3d1b8000 	C:\WINDOWS\SYSTEM32\kernel.appcore.dll
0x00007ffb28cc0000 - 0x00007ffb28cca000 	c:\Users\leona\.vscode\extensions\redhat.java-1.13.0-win32-x64\jre\17.0.5-win32-x86_64\bin\jimage.dll
0x00007ffb3baf0000 - 0x00007ffb3bd11000 	C:\WINDOWS\SYSTEM32\DBGHELP.DLL
0x00007ffb30b30000 - 0x00007ffb30b61000 	C:\WINDOWS\SYSTEM32\dbgcore.DLL
0x00007ffb3e390000 - 0x00007ffb3e40f000 	C:\WINDOWS\System32\bcryptPrimitives.dll
0x00007ffb287e0000 - 0x00007ffb287ee000 	c:\Users\leona\.vscode\extensions\redhat.java-1.13.0-win32-x64\jre\17.0.5-win32-x86_64\bin\instrument.dll
0x00007ffb06de0000 - 0x00007ffb06e05000 	c:\Users\leona\.vscode\extensions\redhat.java-1.13.0-win32-x64\jre\17.0.5-win32-x86_64\bin\java.dll
0x00007ffb238b0000 - 0x00007ffb238c8000 	c:\Users\leona\.vscode\extensions\redhat.java-1.13.0-win32-x64\jre\17.0.5-win32-x86_64\bin\zip.dll
0x00007ffb3e9e0000 - 0x00007ffb3f198000 	C:\WINDOWS\System32\SHELL32.dll
0x00007ffb3c130000 - 0x00007ffb3c995000 	C:\WINDOWS\SYSTEM32\windows.storage.dll
0x00007ffb40050000 - 0x00007ffb403c8000 	C:\WINDOWS\System32\combase.dll
0x00007ffb3bfc0000 - 0x00007ffb3c126000 	C:\WINDOWS\SYSTEM32\wintypes.dll
0x00007ffb3fe80000 - 0x00007ffb3ff6a000 	C:\WINDOWS\System32\SHCORE.dll
0x00007ffb40620000 - 0x00007ffb4067d000 	C:\WINDOWS\System32\shlwapi.dll
0x00007ffb3df60000 - 0x00007ffb3df81000 	C:\WINDOWS\SYSTEM32\profapi.dll
0x00007ffb217e0000 - 0x00007ffb217f9000 	C:\Users\leona\.vscode\extensions\redhat.java-1.13.0-win32-x64\jre\17.0.5-win32-x86_64\bin\net.dll
0x00007ffb386d0000 - 0x00007ffb387e4000 	C:\WINDOWS\SYSTEM32\WINHTTP.dll
0x00007ffb3d640000 - 0x00007ffb3d6a7000 	C:\WINDOWS\system32\mswsock.dll
0x00007ffb22cb0000 - 0x00007ffb22cc5000 	C:\Users\leona\.vscode\extensions\redhat.java-1.13.0-win32-x64\jre\17.0.5-win32-x86_64\bin\nio.dll
0x00007ffb27e40000 - 0x00007ffb27e50000 	c:\Users\leona\.vscode\extensions\redhat.java-1.13.0-win32-x64\jre\17.0.5-win32-x86_64\bin\verify.dll

dbghelp: loaded successfully - version: 4.0.5 - missing functions: none
symbol engine: initialized successfully - sym options: 0x614 - pdb path: .;c:\Users\leona\.vscode\extensions\redhat.java-1.13.0-win32-x64\jre\17.0.5-win32-x86_64\bin;C:\WINDOWS\SYSTEM32;C:\WINDOWS\WinSxS\amd64_microsoft.windows.common-controls_6595b64144ccf1df_6.0.22000.120_none_9d947278b86cc467;c:\Users\leona\.vscode\extensions\redhat.java-1.13.0-win32-x64\jre\17.0.5-win32-x86_64\bin\server

VM Arguments:
jvm_args: --add-modules=ALL-SYSTEM --add-opens=java.base/java.util=ALL-UNNAMED --add-opens=java.base/java.lang=ALL-UNNAMED --add-opens=java.base/sun.nio.fs=ALL-UNNAMED -Declipse.application=org.eclipse.jdt.ls.core.id1 -Dosgi.bundles.defaultStartLevel=4 -Declipse.product=org.eclipse.jdt.ls.core.product -Djava.import.generatesMetadataFilesAtProjectRoot=false -Dfile.encoding=utf8 -XX:+UseParallelGC -XX:GCTimeRatio=4 -XX:AdaptiveSizePolicyWeight=90 -Dsun.zip.disableMemoryMapping=true -Xmx1G -Xms100m -Xlog:disable -javaagent:c:\Users\leona\.vscode\extensions\redhat.java-1.13.0-win32-x64\lombok\lombok-1.18.24.jar -XX:+HeapDumpOnOutOfMemoryError -XX:HeapDumpPath=c:\Users\leona\AppData\Roaming\Code\User\workspaceStorage\4d6941cea85bad1641a17aee31ef6769\redhat.java 
java_command: c:\Users\leona\.vscode\extensions\redhat.java-1.13.0-win32-x64\server\plugins\org.eclipse.equinox.launcher_1.6.400.v20210924-0641.jar -configuration c:\Users\leona\AppData\Roaming\Code\User\globalStorage\redhat.java\1.13.0\config_win -data c:\Users\leona\AppData\Roaming\Code\User\workspaceStorage\4d6941cea85bad1641a17aee31ef6769\redhat.java\jdt_ws
java_class_path (initial): c:\Users\leona\.vscode\extensions\redhat.java-1.13.0-win32-x64\server\plugins\org.eclipse.equinox.launcher_1.6.400.v20210924-0641.jar
Launcher Type: SUN_STANDARD

[Global flags]
    uintx AdaptiveSizePolicyWeight                 = 90                                        {product} {command line}
     intx CICompilerCount                          = 4                                         {product} {ergonomic}
    uintx GCTimeRatio                              = 4                                         {product} {command line}
     bool HeapDumpOnOutOfMemoryError               = true                                   {manageable} {command line}
    ccstr HeapDumpPath                             = c:\Users\leona\AppData\Roaming\Code\User\workspaceStorage\4d6941cea85bad1641a17aee31ef6769\redhat.java         {manageable} {command line}
   size_t InitialHeapSize                          = 104857600                                 {product} {command line}
   size_t MaxHeapSize                              = 1073741824                                {product} {command line}
   size_t MaxNewSize                               = 357564416                                 {product} {ergonomic}
   size_t MinHeapDeltaBytes                        = 524288                                    {product} {ergonomic}
   size_t MinHeapSize                              = 104857600                                 {product} {command line}
   size_t NewSize                                  = 34603008                                  {product} {ergonomic}
    uintx NonNMethodCodeHeapSize                   = 5839372                                {pd product} {ergonomic}
    uintx NonProfiledCodeHeapSize                  = 122909434                              {pd product} {ergonomic}
   size_t OldSize                                  = 70254592                                  {product} {ergonomic}
    uintx ProfiledCodeHeapSize                     = 122909434                              {pd product} {ergonomic}
    uintx ReservedCodeCacheSize                    = 251658240                              {pd product} {ergonomic}
     bool SegmentedCodeCache                       = true                                      {product} {ergonomic}
   size_t SoftMaxHeapSize                          = 1073741824                             {manageable} {ergonomic}
     bool UseCompressedClassPointers               = true                           {product lp64_product} {ergonomic}
     bool UseCompressedOops                        = true                           {product lp64_product} {ergonomic}
     bool UseLargePagesIndividualAllocation        = false                                  {pd product} {ergonomic}
     bool UseParallelGC                            = true                                      {product} {command line}

Logging:
Log output configuration:
 #0: stdout all=off uptime,level,tags
 #1: stderr all=off uptime,level,tags

Environment Variables:
JAVA_HOME=D:\Java\jdk-19.0.1
PATH=C:\Windows\system32;C:\Windows;C:\Windows\System32\Wbem;C:\Windows\System32\WindowsPowerShell\v1.0\;C:\Windows\System32\OpenSSH\;C:\Program Files (x86)\NVIDIA Corporation\PhysX\Common;C:\WINDOWS\system32;C:\WINDOWS;C:\WINDOWS\System32\Wbem;C:\WINDOWS\System32\WindowsPowerShell\v1.0\;C:\WINDOWS\System32\OpenSSH\;C:\WINDOWS\system32;C:\WINDOWS;C:\WINDOWS\System32\Wbem;C:\WINDOWS\System32\WindowsPowerShell\v1.0\;C:\WINDOWS\System32\OpenSSH\;D:\Git\cmd;C:\Program Files\NVIDIA Corporation\NVIDIA NvDLISR;D:\Java\jdk-19.0.1\bin;C:\Users\leona\AppData\Local\Microsoft\WindowsApps;;D:\Microsoft VS Code\bin
USERNAME=leona
OS=Windows_NT
PROCESSOR_IDENTIFIER=Intel64 Family 6 Model 158 Stepping 10, GenuineIntel
TMP=C:\Users\leona\AppData\Local\Temp
TEMP=C:\Users\leona\AppData\Local\Temp



---------------  S Y S T E M  ---------------

OS:
 Windows 11 , 64 bit Build 22000 (10.0.22000.1219)
OS uptime: 3 days 19:28 hours

CPU: total 8 (initial active 8) (4 cores per cpu, 2 threads per core) family 6 model 158 stepping 10 microcode 0xde, cx8, cmov, fxsr, ht, mmx, 3dnowpref, sse, sse2, sse3, ssse3, sse4.1, sse4.2, popcnt, lzcnt, tsc, tscinvbit, avx, avx2, aes, erms, clmul, bmi1, bmi2, adx, fma, vzeroupper, clflush, clflushopt

Memory: 4k page, system-wide physical 8036M (303M free)
TotalPageFile size 20662M (AvailPageFile size 169M)
current process WorkingSet (physical memory assigned to process): 79M, peak: 79M
current process commit charge ("private bytes"): 200M, peak: 200M

vm_info: OpenJDK 64-Bit Server VM (17.0.5+8) for windows-amd64 JRE (17.0.5+8), built on Oct 19 2022 04:48:13 by "temurin" with MS VC++ 16.7 (VS2019)

END.
